"../../../../../../Users/Kalin/Documents/GitHub/Mazerator/Content/FirstPersonBP/FirstPersonOverview.uasset" 0
"../../../Engine/Content/Animation/DefaultAnimCurveCompressionSettings.uasset" 1
"../../../Engine/Content/Functions/Engine_MaterialFunctions01/Opacity/CameraDepthFade.uasset" 2
"../../../Engine/Content/EngineMaterials/T_Default_Material_Grid_M.uasset" 3
"../../../Engine/Content/EngineMaterials/T_Default_Material_Grid_N.uasset" 4
"../../../Engine/Content/EngineMaterials/WorldGridMaterial.uasset" 5
"../../../Engine/Content/ArtTools/RenderToTexture/Meshes/S_1_Unit_Plane.uasset" 6
"../../../Engine/Content/EngineMaterials/DefaultMaterial.uasset" 7
"../../../Engine/Content/BasicShapes/Cone.uasset" 8
"../../../Engine/Content/BasicShapes/Cylinder.uasset" 9
"../../../Engine/Content/BasicShapes/Plane.uasset" 10
"../../../Engine/Content/BasicShapes/Sphere.uasset" 11
"../../../Engine/Content/EditorLandscapeResources/DataLayer.uasset" 12
"../../../Engine/Content/EditorMaterials/GizmoMaterial.uasset" 13
"../../../Engine/Content/EditorMaterials/MAT_Groups_Toggle.uasset" 14
"../../../Engine/Content/EditorMaterials/MAT_Groups_Visibility.uasset" 15
"../../../Engine/Content/EditorMaterials/PreviewShadowIndicator.uasset" 16
"../../../Engine/Content/EditorMaterials/PreviewShadowIndicatorMaterial.uasset" 17
"../../../Engine/Content/EditorMaterials/MatineeGroups/MAT_ColorTrack.uasset" 18
"../../../Engine/Content/EditorMaterials/MatineeGroups/MAT_Groups_Anim.uasset" 19
"../../../Engine/Content/EditorMaterials/MatineeGroups/MAT_Groups_AudioMaster.uasset" 20
"../../../Engine/Content/EditorMaterials/MatineeGroups/MAT_Groups_Director.uasset" 21
"../../../Engine/Content/EditorMaterials/MatineeGroups/MAT_Groups_Event.uasset" 22
"../../../Engine/Content/EditorMaterials/MatineeGroups/MAT_Groups_Fade.uasset" 23
"../../../Engine/Content/EditorMaterials/MatineeGroups/MAT_Groups_Float.uasset" 24
"../../../Engine/Content/EditorMaterials/MatineeGroups/MAT_Groups_Move.uasset" 25
"../../../Engine/Content/EditorMaterials/MatineeGroups/MAT_Groups_Slomo.uasset" 26
"../../../Engine/Content/EditorMaterials/MatineeGroups/MAT_Groups_Sound.uasset" 27
"../../../Engine/Content/EditorMaterials/MatineeGroups/MAT_Groups_Vector.uasset" 28
"../../../Engine/Content/EditorMaterials/ParticleSystems/PSysThumbnail_NoImage.uasset" 29
"../../../Engine/Content/EditorMaterials/ParticleSystems/PSysThumbnail_OOD.uasset" 30
"../../../Engine/Content/EditorMaterials/Camera/CineMat.uasset" 31
"../../../Engine/Content/EditorMaterials/Camera/MI_CineMat_Rig.uasset" 32
"../../../Engine/Content/EditorMeshes/Camera/SM_CraneRig_Arm.uasset" 33
"../../../Engine/Content/EditorMeshes/Camera/SM_CraneRig_Base.uasset" 34
"../../../Engine/Content/EditorMeshes/Camera/SM_CraneRig_Body.uasset" 35
"../../../Engine/Content/EditorMeshes/Camera/SM_CraneRig_Mount.uasset" 36
"../../../Engine/Content/EditorMeshes/Camera/SM_RailRig_Mount.uasset" 37
"../../../Engine/Content/EditorMeshes/Camera/SM_RailRig_Track.uasset" 38
"../../../Engine/Content/EditorResources/BSPVertex.uasset" 39
"../../../Engine/Content/EditorResources/S_Actor.uasset" 40
"../../../Engine/Content/EditorResources/S_Note.uasset" 41
"../../../Engine/Content/EditorResources/S_Solver.uasset" 42
"../../../Engine/Content/EditorResources/S_Trigger.uasset" 43
"../../../Engine/Content/EditorResources/SequenceRecorder/Countdown.uasset" 44
"../../../Engine/Content/EditorResources/SequenceRecorder/RecordingIndicator.uasset" 45
"../../../Engine/Content/EditorSounds/Notifications/CompileFailed.uasset" 46
"../../../Engine/Content/EditorSounds/Notifications/CompileFailed_Cue.uasset" 47
"../../../Engine/Content/EditorSounds/Notifications/CompileSuccess.uasset" 48
"../../../Engine/Content/EditorSounds/Notifications/CompileStart_Cue.uasset" 49
"../../../Engine/Content/EditorSounds/Notifications/CompileSuccess_Cue.uasset" 50
"../../../Engine/Content/EngineDamageTypes/DmgTypeBP_Environmental.uasset" 51
"../../../Engine/Content/EngineDebugMaterials/HeatmapGradient.uasset" 52
"../../../Engine/Content/EngineDebugMaterials/BoneWeightMaterial.uasset" 53
"../../../Engine/Content/EngineDebugMaterials/ClothMaterial.uasset" 54
"../../../Engine/Content/EngineDebugMaterials/ClothMaterial_WF.uasset" 55
"../../../Engine/Content/EngineDebugMaterials/DebugEditorMaterial.uasset" 56
"../../../Engine/Content/EngineDebugMaterials/DebugMeshMaterial.uasset" 57
"../../../Engine/Content/EngineDebugMaterials/GeomMaterial.uasset" 58
"../../../Engine/Content/EngineDebugMaterials/M_SimpleTranslucent.uasset" 59
"../../../Engine/Content/Functions/Engine_MaterialFunctions02/Utility/CameraDirectionVector.uasset" 60
"../../../Engine/Content/EngineDebugMaterials/VolumeToRender.uasset" 61
"../../../Engine/Content/EngineDebugMaterials/M_VolumeRenderSphereTracePP.uasset" 62
"../../../Engine/Content/EngineDebugMaterials/WireframeMaterial.uasset" 63
"../../../Engine/Content/EngineFonts/Faces/RobotoBold.uasset" 64
"../../../Engine/Content/EngineFonts/Faces/RobotoBoldItalic.uasset" 65
"../../../Engine/Content/EngineFonts/Faces/RobotoItalic.uasset" 66
"../../../Engine/Content/EngineFonts/Faces/RobotoLight.uasset" 67
"../../../Engine/Content/EngineFonts/Faces/RobotoRegular.uasset" 68
"../../../Engine/Content/EngineFonts/Roboto.uasset" 69
"../../../Engine/Content/EngineMaterials/BaseFlattenDiffuseMap.uasset" 70
"../../../Engine/Content/EngineMaterials/BaseFlattenEmissiveMap.uasset" 71
"../../../Engine/Content/EngineMaterials/BaseFlattenGrayscaleMap.uasset" 72
"../../../Engine/Content/EngineMaterials/BaseFlattenNormalMap.uasset" 73
"../../../Engine/Content/EngineMaterials/BaseFlattenMaterial.uasset" 74
"../../../Engine/Content/EngineMaterials/BlueNoise.uasset" 75
"../../../Engine/Content/EngineMaterials/DefaultBloomKernel.uasset" 76
"../../../Engine/Content/EngineMaterials/DefaultBokeh.uasset" 77
"../../../Engine/Content/EngineMaterials/DefaultDiffuse.uasset" 78
"../../../Engine/Content/EngineMaterials/DefaultDeferredDecalMaterial.uasset" 79
"../../../Engine/Content/EngineMaterials/DefaultLightFunctionMaterial.uasset" 80
"../../../Engine/Content/Functions/Engine_MaterialFunctions02/Utility/BreakOutFloat2Components.uasset" 81
"../../../Engine/Content/EngineMaterials/DefaultPostProcessMaterial.uasset" 82
"../../../Engine/Content/EngineFonts/RobotoDistanceField.uasset" 83
"../../../Engine/Content/EngineMaterials/DefaultTextMaterialOpaque.uasset" 84
"../../../Engine/Content/EngineMaterials/DefaultVirtualTextureMaterial.uasset" 85
"../../../Engine/Content/EngineMaterials/DefaultWhiteGrid.uasset" 86
"../../../Engine/Content/EngineMaterials/EditorBrushMaterial.uasset" 87
"../../../Engine/Content/EngineMaterials/DefaultWhiteGrid_Low.uasset" 88
"../../../Engine/Content/EngineMaterials/EmissiveMeshMaterial.uasset" 89
"../../../Engine/Content/EngineMaterials/Good64x64TilingNoiseHighFreq.uasset" 90
"../../../Engine/Content/EngineMaterials/MiniFont.uasset" 91
"../../../Engine/Content/EngineMaterials/InvalidLightmapSettings.uasset" 92
"../../../Engine/Content/EngineMaterials/M_InvalidLightmapSettings.uasset" 93
"../../../Engine/Content/Functions/Engine_MaterialFunctions02/WorldPositionOffset/CameraOffset.uasset" 94
"../../../Engine/Content/EngineMaterials/PhAT_JointLimitMaterial.uasset" 95
"../../../Engine/Content/EngineMaterials/PreintegratedSkinBRDF.uasset" 96
"../../../Engine/Content/EngineMaterials/RemoveSurfaceMaterial.uasset" 97
"../../../Engine/Content/EngineMaterials/WeightMapPlaceholderTexture.uasset" 98
"../../../Engine/Content/EngineResources/WhiteSquareTexture.uasset" 99
"../../../Engine/Content/EngineMaterials/Widget3DPassThrough.uasset" 100
"../../../Engine/Content/EngineMaterials/Widget3DPassThrough_Masked.uasset" 101
"../../../Engine/Content/EngineMaterials/Widget3DPassThrough_Opaque.uasset" 102
"../../../Engine/Content/EngineMaterials/Widget3DPassThrough_Masked_OneSided.uasset" 103
"../../../Engine/Content/EngineMaterials/Widget3DPassThrough_Opaque_OneSided.uasset" 104
"../../../Engine/Content/EngineMaterials/Widget3DPassThrough_Translucent.uasset" 105
"../../../Engine/Content/EngineMaterials/Widget3DPassThrough_Translucent_OneSided.uasset" 106
"../../../Engine/Content/EngineMeshes/Cylinder.uasset" 107
"../../../Engine/Content/EngineMeshes/Sphere.uasset" 108
"../../../Engine/Content/EngineResources/Black.uasset" 109
"../../../Engine/Content/EngineResources/DefaultTexture.uasset" 110
"../../../Engine/Content/EngineResources/DefaultTextureCube.uasset" 111
"../../../Engine/Content/EngineResources/DefaultVolumeTexture2D.uasset" 112
"../../../Engine/Content/EngineResources/DefaultVolumeTexture.uasset" 113
"../../../Engine/Content/EngineResources/GradientTexture0.uasset" 114
"../../../Engine/Content/EngineSounds/Master.uasset" 115
"../../../Engine/Content/Functions/Engine_MaterialFunctions01/Shading/ConvertFromDiffSpec.uasset" 116
"../../../Engine/Content/Functions/Engine_MaterialFunctions01/Shading/PowerToRoughness.uasset" 117
"../../../Engine/Content/Maps/Templates/Thumbnails/Default.uasset" 118
"../../../Engine/Content/Maps/Templates/Thumbnails/VR-Basic.uasset" 119
"../../../Engine/Content/MobileResources/T_MobileControls_texture.uasset" 120
"../../../Engine/Content/MobileResources/T_MobileMenu2.uasset" 121
"../../../Engine/Content/MobileResources/HUD/AnalogHat.uasset" 122
"../../../Engine/Content/MobileResources/HUD/VirtualJoystick_Background.uasset" 123
"../../../Engine/Content/MobileResources/HUD/VirtualJoystick_Thumb.uasset" 124
"../../../Engine/Content/MobileResources/HUD/DefaultVirtualJoysticks.uasset" 125
"../../../Engine/Content/MobileResources/HUD/LeftVirtualJoystickOnly.uasset" 126
"../../../Engine/Content/MobileResources/HUD/MobileHUDButton1_off.uasset" 127
"../../../Engine/Content/MobileResources/HUD/MobileHUDButton1_on.uasset" 128
"../../../Engine/Content/MobileResources/HUD/MobileHUDButton2_off.uasset" 129
"../../../Engine/Content/MobileResources/HUD/MobileHUDButton2_on.uasset" 130
"../../../Engine/Content/MobileResources/HUD/MobileHUDButton3.uasset" 131
"../../../Engine/Content/MobileResources/HUD/MobileHUDButtonFire.uasset" 132
"../../../Engine/Content/MobileResources/HUD/MobileHUDDirectionPad.uasset" 133
"../../../Engine/Content/MobileResources/HUD/MobileHUDDirectionPad2.uasset" 134
"../../../Engine/Content/MobileResources/HUD/MobileHUDDirectionPad3.uasset" 135
"../../../Engine/Content/MobileResources/HUD/MobileHUDDirectionStick.uasset" 136
"../../../Engine/Content/MobileResources/HUD/T_Castle_ThumbstickInner.uasset" 137
"../../../Engine/Content/MobileResources/HUD/T_Castle_ThumbstickOutter.uasset" 138
"../../../Engine/Content/Tutorial/ContentIntroCurve.uasset" 139
"../../../Engine/Content/Tutorial/Basics/LevelEditorAttract.uasset" 140
"../../../Engine/Content/Tutorial/Basics/TutorialAssets/icon_tab_Levels_40x.uasset" 141
"../../../Engine/Content/Tutorial/Basics/LevelEditorOverview.uasset" 142
"../../../Engine/Content/VREditor/LaserPointer/VR_LaserPower_01.uasset" 143
"../../../Engine/Content/VREditor/TransformGizmo/TransformGizmoMaterial.uasset" 144
"../../../Engine/Content/VREditor/TransformGizmo/TranslucentTransformGizmoMaterial.uasset" 145
"../../../Engine/Content/VREditor/TransformGizmo/BoundingBoxCorner.uasset" 146
"../../../Engine/Content/VREditor/TransformGizmo/BoundingBoxEdge.uasset" 147
"../../../Engine/Content/VREditor/TransformGizmo/PlaneTranslationHandle.uasset" 148
"../../../Engine/Content/VREditor/TransformGizmo/Main.uasset" 149
"../../../Engine/Content/VREditor/TransformGizmo/Xray.uasset" 150
"../../../Engine/Content/VREditor/TransformGizmo/SM_Sequencer_Key.uasset" 151
"../../../Engine/Content/VREditor/TransformGizmo/SM_Sequencer_Node.uasset" 152
"../../Plugins/2D/Paper2D/Content/PlaceholderTextures/DummySpriteTexture.uasset" 153
"../../Plugins/2D/Paper2D/Content/DummySprite.uasset" 154
"../../Plugins/2D/Paper2D/Content/DefaultPaperTerrainMaterial.uasset" 155
"../../Plugins/2D/Paper2D/Content/DummySpriteTexture.uasset" 156
"../../Plugins/2D/Paper2D/Content/DefaultSpriteMaterial.uasset" 157
"../../Plugins/2D/Paper2D/Content/MaskedUnlitSpriteMaterial.uasset" 158
"../../Plugins/2D/Paper2D/Content/OpaqueUnlitSpriteMaterial.uasset" 159
"../../Plugins/Runtime/Oculus/OculusVR/Content/OculusMR_RenderTarget.uasset" 160
"../../../Engine/Content/Functions/Engine_MaterialFunctions02/Utility/BreakOutFloat4Components.uasset" 161
"../../../Engine/Content/Functions/Engine_MaterialFunctions02/Utility/MakeFloat2.uasset" 162
"../../../Engine/Content/Functions/Engine_MaterialFunctions02/Utility/MakeFloat3.uasset" 163
"../../Plugins/Runtime/Oculus/OculusVR/Content/Materials/OculusMR_ChromaKey.uasset" 164
"../../Plugins/Runtime/Oculus/OculusVR/Content/Materials/OculusMR_ChromaKey_Lit.uasset" 165
"../../Plugins/Runtime/Oculus/OculusVR/Content/Materials/OculusMR_OpaqueColoredMaterial.uasset" 166
"../../Plugins/Runtime/Oculus/OculusVR/Content/Materials/OculusMR_WhiteMaterial.uasset" 167
"../../../Engine/Content/EditorBlueprintResources/StandardMacros.uasset" 168
"../../../Engine/Content/EngineSky/C_Sky_Cloud_Color.uasset" 169
"../../../Engine/Content/EngineSky/C_Sky_Horizon_Color.uasset" 170
"../../../Engine/Content/EngineSky/C_Sky_Zenith_Color.uasset" 171
"../../../Engine/Content/EngineSky/T_Sky_Blue.uasset" 172
"../../../Engine/Content/EngineSky/T_Sky_Clouds_M.uasset" 173
"../../../Engine/Content/EngineSky/T_Sky_Stars.uasset" 174
"../../../Engine/Content/EngineSky/M_Sky_Panning_Clouds2.uasset" 175
"../../../Engine/Content/EngineSky/SM_SkySphere.uasset" 176
"../../../Engine/Content/EngineSky/BP_Sky_Sphere.uasset" 177
"../../../../../../Users/Kalin/Documents/GitHub/Mazerator/Content/FirstPerson/Character/Mesh/SK_Mannequin_Arms_Skeleton.uasset" 178
"../../../../../../Users/Kalin/Documents/GitHub/Mazerator/Content/FirstPerson/Animations/FirstPerson_Idle.uasset" 179
"../../../../../../Users/Kalin/Documents/GitHub/Mazerator/Content/FirstPerson/Animations/FirstPerson_JumpEnd.uasset" 180
"../../../../../../Users/Kalin/Documents/GitHub/Mazerator/Content/FirstPerson/Animations/FirstPerson_JumpLoop.uasset" 181
"../../../../../../Users/Kalin/Documents/GitHub/Mazerator/Content/FirstPerson/Animations/FirstPerson_JumpStart.uasset" 182
"../../../../../../Users/Kalin/Documents/GitHub/Mazerator/Content/FirstPerson/Animations/FirstPerson_Run.uasset" 183
"../../../../../../Users/Kalin/Documents/GitHub/Mazerator/Content/FirstPerson/Animations/FirstPerson_AnimBP.uasset" 184
"../../../../../../Users/Kalin/Documents/GitHub/Mazerator/Content/FirstPerson/Animations/FirstPerson_Fire.uasset" 185
"../../../../../../Users/Kalin/Documents/GitHub/Mazerator/Content/FirstPerson/Animations/FirstPersonFire_Montage.uasset" 186
"../../../../../../Users/Kalin/Documents/GitHub/Mazerator/Content/FirstPerson/Meshes/BaseMaterial.uasset" 187
"../../../../../../Users/Kalin/Documents/GitHub/Mazerator/Content/FirstPerson/Meshes/FirstPersonProjectileMaterial.uasset" 188
"../../../../../../Users/Kalin/Documents/GitHub/Mazerator/Content/FirstPerson/Meshes/FirstPersonProjectileMesh.uasset" 189
"../../../../../../Users/Kalin/Documents/GitHub/Mazerator/Content/FirstPersonBP/Blueprints/FirstPersonProjectile.uasset" 190
"../../../../../../Users/Kalin/Documents/GitHub/Mazerator/Content/FirstPerson/Audio/FirstPersonTemplateWeaponFire02.uasset" 191
"../../../Engine/Content/Functions/Engine_MaterialFunctions02/Utility/BlendAngleCorrectedNormals.uasset" 192
"../../../Engine/Content/Functions/MaterialLayerFunctions/MatLayerBlend_NormalBlend.uasset" 193
"../../../Engine/Content/Functions/MaterialLayerFunctions/MatLayerBlend_Simple.uasset" 194
"../../../../../../Users/Kalin/Documents/GitHub/Mazerator/Content/FirstPerson/Character/Materials/MaterialLayers/T_ML_Rubber_Blue_01_D.uasset" 195
"../../../../../../Users/Kalin/Documents/GitHub/Mazerator/Content/FirstPerson/Character/Materials/MaterialLayers/T_ML_Rubber_Blue_01_N.uasset" 196
"../../../../../../Users/Kalin/Documents/GitHub/Mazerator/Content/FirstPerson/Character/Materials/MaterialLayers/ML_GlossyBlack_Latex_UE4.uasset" 197
"../../../../../../Users/Kalin/Documents/GitHub/Mazerator/Content/FirstPerson/Character/Materials/MaterialLayers/ML_Plastic_Shiny_Beige.uasset" 198
"../../../../../../Users/Kalin/Documents/GitHub/Mazerator/Content/FirstPerson/Character/Textures/UE4_LOGO_CARD.uasset" 199
"../../../../../../Users/Kalin/Documents/GitHub/Mazerator/Content/FirstPerson/Character/Materials/MaterialLayers/ML_Plastic_Shiny_Beige_LOGO.uasset" 200
"../../../../../../Users/Kalin/Documents/GitHub/Mazerator/Content/FirstPerson/Character/Materials/MaterialLayers/T_ML_Aluminum01.uasset" 201
"../../../../../../Users/Kalin/Documents/GitHub/Mazerator/Content/FirstPerson/Character/Materials/MaterialLayers/T_ML_Aluminum01_N.uasset" 202
"../../../../../../Users/Kalin/Documents/GitHub/Mazerator/Content/FirstPerson/Character/Materials/MaterialLayers/ML_SoftMetal_UE4.uasset" 203
"../../../../../../Users/Kalin/Documents/GitHub/Mazerator/Content/FirstPerson/Character/Textures/UE4_Mannequin__normals.uasset" 204
"../../../../../../Users/Kalin/Documents/GitHub/Mazerator/Content/FirstPerson/Character/Textures/UE4_Mannequin_MAT_MASKA.uasset" 205
"../../../../../../Users/Kalin/Documents/GitHub/Mazerator/Content/FirstPerson/Character/Materials/M_UE4Man_Body.uasset" 206
"../../../../../../Users/Kalin/Documents/GitHub/Mazerator/Content/FirstPerson/Character/Mesh/SK_Mannequin_Arms_PhysicsAsset.uasset" 207
"../../../../../../Users/Kalin/Documents/GitHub/Mazerator/Content/FirstPerson/Character/Mesh/SK_Mannequin_Arms.uasset" 208
"../../../../../../Users/Kalin/Documents/GitHub/Mazerator/Content/FirstPerson/FPWeapon/Materials/MaterialLayers/T_ML_Rubber_Blue_01_D.uasset" 209
"../../../../../../Users/Kalin/Documents/GitHub/Mazerator/Content/FirstPerson/FPWeapon/Materials/MaterialLayers/T_ML_Rubber_Blue_01_N.uasset" 210
"../../../../../../Users/Kalin/Documents/GitHub/Mazerator/Content/FirstPerson/FPWeapon/Materials/MaterialLayers/ML_GlossyBlack_Latex_UE4.uasset" 211
"../../../../../../Users/Kalin/Documents/GitHub/Mazerator/Content/FirstPerson/FPWeapon/Materials/MaterialLayers/ML_Plastic_Shiny_Beige.uasset" 212
"../../../../../../Users/Kalin/Documents/GitHub/Mazerator/Content/FirstPerson/FPWeapon/Materials/MaterialLayers/ML_Screen.uasset" 213
"../../../../../../Users/Kalin/Documents/GitHub/Mazerator/Content/FirstPerson/FPWeapon/Materials/MaterialLayers/T_ML_Aluminum01.uasset" 214
"../../../../../../Users/Kalin/Documents/GitHub/Mazerator/Content/FirstPerson/FPWeapon/Materials/MaterialLayers/T_ML_Aluminum01_N.uasset" 215
"../../../../../../Users/Kalin/Documents/GitHub/Mazerator/Content/FirstPerson/FPWeapon/Materials/MaterialLayers/ML_SoftMetal_UE4.uasset" 216
"../../../../../../Users/Kalin/Documents/GitHub/Mazerator/Content/FirstPerson/FPWeapon/Textures/T_FPGun_M.uasset" 217
"../../../../../../Users/Kalin/Documents/GitHub/Mazerator/Content/FirstPerson/FPWeapon/Textures/T_FPGun_N.uasset" 218
"../../../../../../Users/Kalin/Documents/GitHub/Mazerator/Content/FirstPerson/FPWeapon/Materials/M_FPGun.uasset" 219
"../../../../../../Users/Kalin/Documents/GitHub/Mazerator/Content/FirstPerson/FPWeapon/Mesh/SK_FPGun_Skeleton.uasset" 220
"../../../../../../Users/Kalin/Documents/GitHub/Mazerator/Content/FirstPerson/FPWeapon/Mesh/SK_FPGun.uasset" 221
"../../../../../../Users/Kalin/Documents/GitHub/Mazerator/Content/FirstPersonBP/Blueprints/FirstPersonCharacter.uasset" 222
"../../../../../../Users/Kalin/Documents/GitHub/Mazerator/Content/FirstPerson/Textures/FirstPersonCrosshair.uasset" 223
"../../../../../../Users/Kalin/Documents/GitHub/Mazerator/Content/FirstPersonBP/Blueprints/FirstPersonHUD.uasset" 224
"../../../../../../Users/Kalin/Documents/GitHub/Mazerator/Content/FirstPersonBP/Blueprints/FirstPersonGameMode.uasset" 225
"../../../../../../Users/Kalin/Documents/GitHub/Mazerator/Content/StarterContent/Textures/T_MacroVariation.uasset" 226
"../../../../../../Users/Kalin/Documents/GitHub/Mazerator/Content/StarterContent/Textures/T_Metal_Rust_D.uasset" 227
"../../../../../../Users/Kalin/Documents/GitHub/Mazerator/Content/StarterContent/Textures/T_Metal_Rust_N.uasset" 228
"../../../../../../Users/Kalin/Documents/GitHub/Mazerator/Content/GameContent/Materials/Rusted_Metal.uasset" 229
"../../../../../../Users/Kalin/Documents/GitHub/Mazerator/Content/StarterContent/Textures/T_Perlin_Noise_M.uasset" 230
"../../../../../../Users/Kalin/Documents/GitHub/Mazerator/Content/StarterContent/Textures/T_Wood_Floor_Walnut_D.uasset" 231
"../../../../../../Users/Kalin/Documents/GitHub/Mazerator/Content/StarterContent/Textures/T_Wood_Floor_Walnut_M.uasset" 232
"../../../../../../Users/Kalin/Documents/GitHub/Mazerator/Content/StarterContent/Textures/T_Wood_Floor_Walnut_N.uasset" 233
"../../../../../../Users/Kalin/Documents/GitHub/Mazerator/Content/GameContent/Materials/Wood_Spruce.uasset" 234
"../../../Engine/Content/BasicShapes/Cube.uasset" 235
"../../../../../../Users/Kalin/Documents/GitHub/Mazerator/Content/GameContent/Blueprints/Board1.uasset" 236
"../../../../../../Users/Kalin/Documents/GitHub/Mazerator/Content/GameContent/Blueprints/Board2.uasset" 237
"../../../../../../Users/Kalin/Documents/GitHub/Mazerator/Content/GameContent/Materials/Default_LayerInfo.uasset" 238
"../../../../../../Users/Kalin/Documents/GitHub/Mazerator/Content/GameContent/Materials/Path_LayerInfo.uasset" 239
"../../../../../../Users/Kalin/Documents/GitHub/Mazerator/Content/StarterContent/Textures/T_Brick_Clay_New_D.uasset" 240
"../../../../../../Users/Kalin/Documents/GitHub/Mazerator/Content/StarterContent/Textures/T_Brick_Clay_New_M.uasset" 241
"../../../../../../Users/Kalin/Documents/GitHub/Mazerator/Content/StarterContent/Textures/T_Brick_Clay_New_N.uasset" 242
"../../../../../../Users/Kalin/Documents/GitHub/Mazerator/Content/StarterContent/Textures/T_Detail_Rocky_N.uasset" 243
"../../../../../../Users/Kalin/Documents/GitHub/Mazerator/Content/GameContent/Materials/Brick_Wall.uasset" 244
"../../../Engine/Content/Functions/Engine_MaterialFunctions01/AlphaBlend/WorldAlignedBlend.uasset" 245
"../../../../../../Users/Kalin/Documents/GitHub/Mazerator/Content/StarterContent/Textures/T_CobbleStone_Pebble_D.uasset" 246
"../../../../../../Users/Kalin/Documents/GitHub/Mazerator/Content/StarterContent/Textures/T_CobbleStone_Pebble_M.uasset" 247
"../../../../../../Users/Kalin/Documents/GitHub/Mazerator/Content/StarterContent/Textures/T_CobbleStone_Pebble_N.uasset" 248
"../../../../../../Users/Kalin/Documents/GitHub/Mazerator/Content/GameContent/Materials/Cobble_Path.uasset" 249
"../../../../../../Users/Kalin/Documents/GitHub/Mazerator/Content/StarterContent/Textures/T_Rock_Sandstone_D.uasset" 250
"../../../../../../Users/Kalin/Documents/GitHub/Mazerator/Content/StarterContent/Textures/T_Rock_Sandstone_N.uasset" 251
"../../../../../../Users/Kalin/Documents/GitHub/Mazerator/Content/GameContent/Materials/Dirt.uasset" 252
"../../../../../../Users/Kalin/Documents/GitHub/Mazerator/Content/StarterContent/Textures/T_Ground_Grass_D.uasset" 253
"../../../../../../Users/Kalin/Documents/GitHub/Mazerator/Content/StarterContent/Textures/T_Ground_Grass_N.uasset" 254
"../../../../../../Users/Kalin/Documents/GitHub/Mazerator/Content/GameContent/Materials/Landscape.uasset" 255
"../../../../../../Users/Kalin/Documents/GitHub/Mazerator/Content/StarterContent/Textures/T_Metal_Gold_N.uasset" 256
"../../../../../../Users/Kalin/Documents/GitHub/Mazerator/Content/StarterContent/Textures/T_Rock_Marble_Polished_D.uasset" 257
"../../../../../../Users/Kalin/Documents/GitHub/Mazerator/Content/GameContent/Materials/Stone.uasset" 258
"../../../../../../Users/Kalin/Documents/GitHub/Mazerator/Content/GameContent/Materials/LandscapeMaterial.uasset" 259
"../../../../../../Users/Kalin/Documents/GitHub/Mazerator/Content/GameContent/Materials/LandscapeMaterial_Inst.uasset" 260
"../../../Engine/Content/EngineMaterials/DefaultPhysicalMaterial.uasset" 261
"../../../../../../Users/Kalin/Documents/GitHub/Mazerator/Content/GameContent/Maps/Level1.umap" 262
"../../../../../../Users/Kalin/Documents/GitHub/Mazerator/Content/GameContent/Blueprints/Mouse_PlayerController.uasset" 263
"../../../../../../Users/Kalin/Documents/GitHub/Mazerator/Content/GameContent/Blueprints/Mouse_GameMode.uasset" 264
"../../../../../../Users/Kalin/Documents/GitHub/Mazerator/Content/GameContent/UI/MainMenu.uasset" 265
"../../../../../../Users/Kalin/Documents/GitHub/Mazerator/Content/GameContent/Maps/MainMenu.umap" 266
"../../../Engine/Content/Maps/Entry_BuiltData.uasset" 267
"../../../Engine/Content/Maps/Entry.umap" 268
