Log file open, 02/16/20 11:38:54
LogWindows: Failed to load 'aqProf.dll' (GetLastError=126)
LogWindows: File 'aqProf.dll' does not exist
LogWindows: Failed to load 'VtuneApi.dll' (GetLastError=126)
LogWindows: File 'VtuneApi.dll' does not exist
LogWindows: Failed to load 'VtuneApi32e.dll' (GetLastError=126)
LogWindows: File 'VtuneApi32e.dll' does not exist
LogConsoleResponse: Display: Failed to find resolution value strings in scalability ini. Falling back to default.
LogInit: Display: Running engine for game: Mazerator
LogPlatformFile: Not using cached read wrapper
LogTaskGraph: Started task graph with 5 named threads and 11 total threads with 3 sets of task threads.
LogStats: Stats thread started at 4.074175
LogD3D11RHI: Loaded GFSDK_Aftermath_Lib.x64.dll
LogICUInternationalization: ICU TimeZone Detection - Raw Offset: +0:00, Platform Override: ''
LogPluginManager: Mounting plugin Paper2D
LogPluginManager: Mounting plugin AISupport
LogPluginManager: Mounting plugin LightPropagationVolume
LogPluginManager: Mounting plugin ActorLayerUtilities
LogPluginManager: Mounting plugin AnimationSharing
LogPluginManager: Mounting plugin CLionSourceCodeAccess
LogPluginManager: Mounting plugin CodeLiteSourceCodeAccess
LogPluginManager: Mounting plugin GitSourceControl
LogPluginManager: Mounting plugin KDevelopSourceCodeAccess
LogPluginManager: Mounting plugin NullSourceCodeAccess
LogPluginManager: Mounting plugin PerforceSourceControl
LogPluginManager: Mounting plugin SubversionSourceControl
LogPluginManager: Mounting plugin UObjectPlugin
LogPluginManager: Mounting plugin VisualStudioCodeSourceCodeAccess
LogPluginManager: Mounting plugin VisualStudioSourceCodeAccess
LogPluginManager: Mounting plugin XCodeSourceCodeAccess
LogPluginManager: Mounting plugin AssetManagerEditor
LogPluginManager: Mounting plugin CryptoKeys
LogPluginManager: Mounting plugin CurveEditorTools
LogPluginManager: Mounting plugin DataValidation
LogPluginManager: Mounting plugin FacialAnimation
LogPluginManager: Mounting plugin GameplayTagsEditor
LogPluginManager: Mounting plugin MacGraphicsSwitching
LogPluginManager: Mounting plugin MaterialAnalyzer
LogPluginManager: Mounting plugin MobileLauncherProfileWizard
LogPluginManager: Mounting plugin PluginBrowser
LogPluginManager: Mounting plugin SpeedTreeImporter
LogPluginManager: Mounting plugin DatasmithContent
LogPluginManager: Mounting plugin VariantManagerContent
LogPluginManager: Mounting plugin AlembicImporter
LogPluginManager: Mounting plugin AutomationUtils
LogPluginManager: Mounting plugin BackChannel
LogPluginManager: Mounting plugin CharacterAI
LogPluginManager: Mounting plugin GeometryCache
LogPluginManager: Mounting plugin HTML5Networking
LogPluginManager: Mounting plugin PlatformCrypto
LogPluginManager: Mounting plugin ProxyLODPlugin
LogPluginManager: Mounting plugin SkeletalReduction
LogPluginManager: Mounting plugin MagicLeap
LogPluginManager: Mounting plugin MagicLeapMedia
LogPluginManager: Mounting plugin AndroidMedia
LogPluginManager: Mounting plugin AvfMedia
LogPluginManager: Mounting plugin ImgMedia
LogPluginManager: Mounting plugin MediaCompositing
LogPluginManager: Mounting plugin MediaPlayerEditor
LogPluginManager: Mounting plugin WebMMedia
LogPluginManager: Mounting plugin WmfMedia
LogPluginManager: Mounting plugin TcpMessaging
LogPluginManager: Mounting plugin UdpMessaging
LogPluginManager: Mounting plugin ActorSequence
LogPluginManager: Mounting plugin LevelSequenceEditor
LogPluginManager: Mounting plugin MatineeToLevelSequence
LogPluginManager: Mounting plugin NetcodeUnitTest
LogPluginManager: Mounting plugin NUTUnrealEngine4
LogPluginManager: Mounting plugin OnlineSubsystemGooglePlay
LogPluginManager: Mounting plugin OnlineSubsystemIOS
LogPluginManager: Mounting plugin OnlineSubsystem
LogPluginManager: Mounting plugin OnlineSubsystemNull
LogPluginManager: Mounting plugin OnlineSubsystemUtils
LogPluginManager: Mounting plugin LauncherChunkInstaller
LogPluginManager: Mounting plugin AndroidDeviceProfileSelector
LogPluginManager: Mounting plugin AndroidMoviePlayer
LogPluginManager: Mounting plugin AndroidPermission
LogPluginManager: Mounting plugin AppleImageUtils
LogPluginManager: Mounting plugin AppleMoviePlayer
LogPluginManager: Mounting plugin ArchVisCharacter
LogPluginManager: Mounting plugin AudioCapture
LogPluginManager: Mounting plugin CableComponent
LogPluginManager: Mounting plugin CustomMeshComponent
LogPluginManager: Mounting plugin EditableMesh
LogPluginManager: Mounting plugin ExampleDeviceProfileSelector
LogPluginManager: Mounting plugin GoogleCloudMessaging
LogPluginManager: Mounting plugin IOSDeviceProfileSelector
LogPluginManager: Mounting plugin LinuxDeviceProfileSelector
LogPluginManager: Mounting plugin LocationServicesBPLibrary
LogPluginManager: Mounting plugin MobilePatchingUtils
LogPluginManager: Mounting plugin OculusVR
LogPluginManager: Mounting plugin PhysXVehicles
LogPluginManager: Mounting plugin ProceduralMeshComponent
LogPluginManager: Mounting plugin RuntimePhysXCooking
LogPluginManager: Mounting plugin SignificanceManager
LogPluginManager: Mounting plugin SteamVR
LogPluginManager: Mounting plugin WebMMoviePlayer
LogPluginManager: Mounting plugin WindowsMoviePlayer
LogPluginManager: Mounting plugin ScreenshotTools
LogInit: Using libcurl 7.55.1-DEV
LogInit:  - built for x86_64-pc-win32
LogInit:  - supports SSL with OpenSSL/1.1.1
LogInit:  - supports HTTP deflate (compression) using libz 1.2.8
LogInit:  - other features:
LogInit:      CURL_VERSION_SSL
LogInit:      CURL_VERSION_LIBZ
LogInit:      CURL_VERSION_IPV6
LogInit:      CURL_VERSION_ASYNCHDNS
LogInit:      CURL_VERSION_LARGEFILE
LogInit:      CURL_VERSION_IDN
LogInit:  CurlRequestOptions (configurable via config and command line):
LogInit:  - bVerifyPeer = true  - Libcurl will verify peer certificate
LogInit:  - bUseHttpProxy = false  - Libcurl will NOT use HTTP proxy
LogInit:  - bDontReuseConnections = false  - Libcurl will reuse connections
LogInit:  - MaxHostConnections = 16  - Libcurl will limit the number of connections to a host
LogInit:  - LocalHostAddr = Default
LogInit:  - BufferSize = 65536
LogOnline: OSS: Creating online subsystem instance for: NULL
LogInit: WinSock: version 1.1 (2.2), MaxSocks=32767, MaxUdp=65467
LogInit: Build: ++UE4+Release-4.23-CL-9631420
LogInit: Engine Version: 4.23.1-9631420+++UE4+Release-4.23
LogInit: Compatible Engine Version: 4.23.0-8386587+++UE4+Release-4.23
LogInit: Net CL: 8386587
LogInit: OS: Windows 10 (Release 1903) (), CPU: AMD A6-9225 RADEON R4, 5 COMPUTE CORES 2C+3G   , GPU: AMD Radeon(TM) R4 Graphics
LogInit: Compiled (64-bit): Oct 18 2019 02:07:44
LogInit: Compiled with Visual C++: 19.16.27030.01
LogInit: Build Configuration: Development
LogInit: Branch Name: ++UE4+Release-4.23
LogInit: Command Line: 
LogInit: Base Directory: C:/Program Files/Epic Games/UE_4.23/Engine/Binaries/Win64/
LogInit: Installed Engine Build: 1
LogDevObjectVersion: Number of dev versions registered: 23
LogDevObjectVersion:   Dev-Blueprints (B0D832E4-1F89-4F0D-ACCF-7EB736FD4AA2): 10
LogDevObjectVersion:   Dev-Build (E1C64328-A22C-4D53-A36C-8E866417BD8C): 0
LogDevObjectVersion:   Dev-Core (375EC13C-06E4-48FB-B500-84F0262A717E): 3
LogDevObjectVersion:   Dev-Editor (E4B068ED-F494-42E9-A231-DA0B2E46BB41): 34
LogDevObjectVersion:   Dev-Framework (CFFC743F-43B0-4480-9391-14DF171D2073): 35
LogDevObjectVersion:   Dev-Mobile (B02B49B5-BB20-44E9-A304-32B752E40360): 2
LogDevObjectVersion:   Dev-Networking (A4E4105C-59A1-49B5-A7C5-40C4547EDFEE): 0
LogDevObjectVersion:   Dev-Online (39C831C9-5AE6-47DC-9A44-9C173E1C8E7C): 0
LogDevObjectVersion:   Dev-Physics (78F01B33-EBEA-4F98-B9B4-84EACCB95AA2): 0
LogDevObjectVersion:   Dev-Platform (6631380F-2D4D-43E0-8009-CF276956A95A): 0
LogDevObjectVersion:   Dev-Rendering (12F88B9F-8875-4AFC-A67C-D90C383ABD29): 31
LogDevObjectVersion:   Dev-Sequencer (7B5AE74C-D270-4C10-A958-57980B212A5A): 11
LogDevObjectVersion:   Dev-VR (D7296918-1DD6-4BDD-9DE2-64A83CC13884): 2
LogDevObjectVersion:   Dev-LoadTimes (C2A15278-BFE7-4AFE-6C17-90FF531DF755): 1
LogDevObjectVersion:   Private-Geometry (6EACA3D4-40EC-4CC1-B786-8BED09428FC5): 3
LogDevObjectVersion:   Dev-AnimPhys (29E575DD-E0A3-4627-9D10-D276232CDCEA): 17
LogDevObjectVersion:   Dev-Anim (AF43A65D-7FD3-4947-9873-3E8ED9C1BB05): 2
LogDevObjectVersion:   Dev-ReflectionCapture (6B266CEC-1EC7-4B8F-A30B-E4D90942FC07): 1
LogDevObjectVersion:   Dev-Automation (0DF73D61-A23F-47EA-B727-89E90C41499A): 1
LogDevObjectVersion:   FortniteMain (601D1886-AC64-4F84-AA16-D3DE0DEAC7D6): 27
LogDevObjectVersion:   Dev-Enterprise (9DFFBCD6-494F-0158-E221-12823C92A888): 6
LogDevObjectVersion:   Dev-Niagara (F2AED0AC-9AFE-416F-8664-AA7FFA26D6FC): 1
LogDevObjectVersion:   Dev-Destruction (174F1F0B-B4C6-45A5-B13F-2EE8D0FB917D): 9
LogInit: Presizing for max 16777216 objects, including 0 objects not considered by GC, pre-allocating 0 bytes for permanent pool.
LogInit: Object subsystem initialized
LogConfig: Setting CVar [[con.DebugEarlyDefault:1]]
LogConfig: Setting CVar [[r.setres:1280x720]]
[2020.02.16-11.38.58:487][  0]LogConfig: Setting CVar [[r.VSync:0]]
[2020.02.16-11.38.58:487][  0]LogConfig: Setting CVar [[r.RHICmdBypass:0]]
[2020.02.16-11.38.58:489][  0]LogConfig: Applying CVar settings from Section [/Script/Engine.RendererSettings] File [C:/Users/ivan_/Documents/GitHub/Mazerator/Saved/Config/Windows/Engine.ini]
[2020.02.16-11.38.58:489][  0]LogConfig: Setting CVar [[r.GPUCrashDebugging:0]]
[2020.02.16-11.38.58:490][  0]LogConfig: Applying CVar settings from Section [/Script/Engine.RendererOverrideSettings] File [C:/Users/ivan_/Documents/GitHub/Mazerator/Saved/Config/Windows/Engine.ini]
[2020.02.16-11.38.58:490][  0]LogConfig: Applying CVar settings from Section [/Script/Engine.StreamingSettings] File [C:/Users/ivan_/Documents/GitHub/Mazerator/Saved/Config/Windows/Engine.ini]
[2020.02.16-11.38.58:490][  0]LogConfig: Setting CVar [[s.MinBulkDataSizeForAsyncLoading:131072]]
[2020.02.16-11.38.58:490][  0]LogConfig: Setting CVar [[s.AsyncLoadingThreadEnabled:0]]
[2020.02.16-11.38.58:490][  0]LogConfig: Setting CVar [[s.EventDrivenLoaderEnabled:1]]
[2020.02.16-11.38.58:490][  0]LogConfig: Setting CVar [[s.WarnIfTimeLimitExceeded:0]]
[2020.02.16-11.38.58:490][  0]LogConfig: Setting CVar [[s.TimeLimitExceededMultiplier:1.5]]
[2020.02.16-11.38.58:490][  0]LogConfig: Setting CVar [[s.TimeLimitExceededMinTime:0.005]]
[2020.02.16-11.38.58:490][  0]LogConfig: Setting CVar [[s.UseBackgroundLevelStreaming:1]]
[2020.02.16-11.38.58:490][  0]LogConfig: Setting CVar [[s.PriorityAsyncLoadingExtraTime:15.0]]
[2020.02.16-11.38.58:490][  0]LogConfig: Setting CVar [[s.LevelStreamingActorsUpdateTimeLimit:5.0]]
[2020.02.16-11.38.58:490][  0]LogConfig: Setting CVar [[s.PriorityLevelStreamingActorsUpdateExtraTime:5.0]]
[2020.02.16-11.38.58:490][  0]LogConfig: Setting CVar [[s.LevelStreamingComponentsRegistrationGranularity:10]]
[2020.02.16-11.38.58:490][  0]LogConfig: Setting CVar [[s.UnregisterComponentsTimeLimit:1.0]]
[2020.02.16-11.38.58:490][  0]LogConfig: Setting CVar [[s.LevelStreamingComponentsUnregistrationGranularity:5]]
[2020.02.16-11.38.58:490][  0]LogConfig: Applying CVar settings from Section [/Script/Engine.GarbageCollectionSettings] File [C:/Users/ivan_/Documents/GitHub/Mazerator/Saved/Config/Windows/Engine.ini]
[2020.02.16-11.38.58:490][  0]LogConfig: Setting CVar [[gc.MaxObjectsNotConsideredByGC:1]]
[2020.02.16-11.38.58:490][  0]LogConfig: Setting CVar [[gc.SizeOfPermanentObjectPool:0]]
[2020.02.16-11.38.58:490][  0]LogConfig: Setting CVar [[gc.FlushStreamingOnGC:0]]
[2020.02.16-11.38.58:490][  0]LogConfig: Setting CVar [[gc.NumRetriesBeforeForcingGC:10]]
[2020.02.16-11.38.58:490][  0]LogConfig: Setting CVar [[gc.AllowParallelGC:1]]
[2020.02.16-11.38.58:490][  0]LogConfig: Setting CVar [[gc.TimeBetweenPurgingPendingKillObjects:61.1]]
[2020.02.16-11.38.58:490][  0]LogConfig: Setting CVar [[gc.MaxObjectsInEditor:16777216]]
[2020.02.16-11.38.58:490][  0]LogConfig: Setting CVar [[gc.IncrementalBeginDestroyEnabled:1]]
[2020.02.16-11.38.58:490][  0]LogConfig: Setting CVar [[gc.CreateGCClusters:1]]
[2020.02.16-11.38.58:490][  0]LogConfig: Setting CVar [[gc.MinGCClusterSize:5]]
[2020.02.16-11.38.58:490][  0]LogConfig: Setting CVar [[gc.ActorClusteringEnabled:0]]
[2020.02.16-11.38.58:490][  0]LogConfig: Setting CVar [[gc.BlueprintClusteringEnabled:0]]
[2020.02.16-11.38.58:490][  0]LogConfig: Setting CVar [[gc.UseDisregardForGCOnDedicatedServers:0]]
[2020.02.16-11.38.58:490][  0]LogConfig: Applying CVar settings from Section [/Script/Engine.NetworkSettings] File [C:/Users/ivan_/Documents/GitHub/Mazerator/Saved/Config/Windows/Engine.ini]
[2020.02.16-11.38.58:490][  0]LogConfig: Applying CVar settings from Section [/Script/UnrealEd.CookerSettings] File [C:/Users/ivan_/Documents/GitHub/Mazerator/Saved/Config/Windows/Engine.ini]
[2020.02.16-11.38.58:503][  0]LogConfig: Applying CVar settings from Section [ViewDistanceQuality@3] File [C:/Users/ivan_/Documents/GitHub/Mazerator/Saved/Config/Windows/Scalability.ini]
[2020.02.16-11.38.58:503][  0]LogConfig: Setting CVar [[r.SkeletalMeshLODBias:0]]
[2020.02.16-11.38.58:503][  0]LogConfig: Setting CVar [[r.ViewDistanceScale:1.0]]
[2020.02.16-11.38.58:503][  0]LogConfig: Applying CVar settings from Section [AntiAliasingQuality@3] File [C:/Users/ivan_/Documents/GitHub/Mazerator/Saved/Config/Windows/Scalability.ini]
[2020.02.16-11.38.58:503][  0]LogConfig: Setting CVar [[r.PostProcessAAQuality:4]]
[2020.02.16-11.38.58:503][  0]LogConfig: Applying CVar settings from Section [ShadowQuality@3] File [C:/Users/ivan_/Documents/GitHub/Mazerator/Saved/Config/Windows/Scalability.ini]
[2020.02.16-11.38.58:503][  0]LogConfig: Setting CVar [[r.LightFunctionQuality:1]]
[2020.02.16-11.38.58:503][  0]LogConfig: Setting CVar [[r.ShadowQuality:5]]
[2020.02.16-11.38.58:503][  0]LogConfig: Setting CVar [[r.Shadow.CSM.MaxCascades:10]]
[2020.02.16-11.38.58:503][  0]LogConfig: Setting CVar [[r.Shadow.MaxResolution:2048]]
[2020.02.16-11.38.58:503][  0]LogConfig: Setting CVar [[r.Shadow.MaxCSMResolution:2048]]
[2020.02.16-11.38.58:503][  0]LogConfig: Setting CVar [[r.Shadow.RadiusThreshold:0.01]]
[2020.02.16-11.38.58:503][  0]LogConfig: Setting CVar [[r.Shadow.DistanceScale:1.0]]
[2020.02.16-11.38.58:503][  0]LogConfig: Setting CVar [[r.Shadow.CSM.TransitionScale:1.0]]
[2020.02.16-11.38.58:503][  0]LogConfig: Setting CVar [[r.Shadow.PreShadowResolutionFactor:1.0]]
[2020.02.16-11.38.58:503][  0]LogConfig: Setting CVar [[r.DistanceFieldShadowing:1]]
[2020.02.16-11.38.58:503][  0]LogConfig: Setting CVar [[r.DistanceFieldAO:1]]
[2020.02.16-11.38.58:503][  0]LogConfig: Setting CVar [[r.AOQuality:2]]
[2020.02.16-11.38.58:504][  0]LogConfig: Setting CVar [[r.VolumetricFog:1]]
[2020.02.16-11.38.58:504][  0]LogConfig: Setting CVar [[r.VolumetricFog.GridPixelSize:8]]
[2020.02.16-11.38.58:504][  0]LogConfig: Setting CVar [[r.VolumetricFog.GridSizeZ:128]]
[2020.02.16-11.38.58:504][  0]LogConfig: Setting CVar [[r.VolumetricFog.HistoryMissSupersampleCount:4]]
[2020.02.16-11.38.58:504][  0]LogConfig: Setting CVar [[r.LightMaxDrawDistanceScale:1]]
[2020.02.16-11.38.58:504][  0]LogConfig: Setting CVar [[r.CapsuleShadows:1]]
[2020.02.16-11.38.58:504][  0]LogConfig: Applying CVar settings from Section [PostProcessQuality@3] File [C:/Users/ivan_/Documents/GitHub/Mazerator/Saved/Config/Windows/Scalability.ini]
[2020.02.16-11.38.58:504][  0]LogConfig: Setting CVar [[r.MotionBlurQuality:4]]
[2020.02.16-11.38.58:504][  0]LogConfig: Setting CVar [[r.AmbientOcclusionMipLevelFactor:0.4]]
[2020.02.16-11.38.58:504][  0]LogConfig: Setting CVar [[r.AmbientOcclusionMaxQuality:100]]
[2020.02.16-11.38.58:504][  0]LogConfig: Setting CVar [[r.AmbientOcclusionLevels:-1]]
[2020.02.16-11.38.58:504][  0]LogConfig: Setting CVar [[r.AmbientOcclusionRadiusScale:1.0]]
[2020.02.16-11.38.58:504][  0]LogConfig: Setting CVar [[r.DepthOfFieldQuality:2]]
[2020.02.16-11.38.58:504][  0]LogConfig: Setting CVar [[r.RenderTargetPoolMin:400]]
[2020.02.16-11.38.58:504][  0]LogConfig: Setting CVar [[r.LensFlareQuality:2]]
[2020.02.16-11.38.58:504][  0]LogConfig: Setting CVar [[r.SceneColorFringeQuality:1]]
[2020.02.16-11.38.58:504][  0]LogConfig: Setting CVar [[r.EyeAdaptationQuality:2]]
[2020.02.16-11.38.58:504][  0]LogConfig: Setting CVar [[r.BloomQuality:5]]
[2020.02.16-11.38.58:504][  0]LogConfig: Setting CVar [[r.FastBlurThreshold:100]]
[2020.02.16-11.38.58:504][  0]LogConfig: Setting CVar [[r.Upscale.Quality:3]]
[2020.02.16-11.38.58:504][  0]LogConfig: Setting CVar [[r.Tonemapper.GrainQuantization:1]]
[2020.02.16-11.38.58:504][  0]LogConfig: Setting CVar [[r.LightShaftQuality:1]]
[2020.02.16-11.38.58:504][  0]LogConfig: Setting CVar [[r.Filter.SizeScale:1]]
[2020.02.16-11.38.58:504][  0]LogConfig: Setting CVar [[r.Tonemapper.Quality:5]]
[2020.02.16-11.38.58:504][  0]LogConfig: Setting CVar [[r.DOF.Gather.AccumulatorQuality:1        ; higher gathering accumulator quality]]
[2020.02.16-11.38.58:504][  0]LogConfig: Setting CVar [[r.DOF.Gather.PostfilterMethod:1          ; Median3x3 postfilering method]]
[2020.02.16-11.38.58:504][  0]LogConfig: Setting CVar [[r.DOF.Gather.EnableBokehSettings:0       ; no bokeh simulation when gathering]]
[2020.02.16-11.38.58:504][  0]LogConfig: Setting CVar [[r.DOF.Gather.RingCount:4                 ; medium number of samples when gathering]]
[2020.02.16-11.38.58:504][  0]LogConfig: Setting CVar [[r.DOF.Scatter.ForegroundCompositing:1    ; additive foreground scattering]]
[2020.02.16-11.38.58:505][  0]LogConfig: Setting CVar [[r.DOF.Scatter.BackgroundCompositing:2    ; additive background scattering]]
[2020.02.16-11.38.58:505][  0]LogConfig: Setting CVar [[r.DOF.Scatter.EnableBokehSettings:1      ; bokeh simulation when scattering]]
[2020.02.16-11.38.58:505][  0]LogConfig: Setting CVar [[r.DOF.Scatter.MaxSpriteRatio:0.1         ; only a maximum of 10% of scattered bokeh]]
[2020.02.16-11.38.58:505][  0]LogConfig: Setting CVar [[r.DOF.Recombine.Quality:1                ; cheap slight out of focus]]
[2020.02.16-11.38.58:505][  0]LogConfig: Setting CVar [[r.DOF.Recombine.EnableBokehSettings:0    ; no bokeh simulation on slight out of focus]]
[2020.02.16-11.38.58:505][  0]LogConfig: Setting CVar [[r.DOF.TemporalAAQuality:1                ; more stable temporal accumulation]]
[2020.02.16-11.38.58:505][  0]LogConfig: Setting CVar [[r.DOF.Kernel.MaxForegroundRadius:0.025]]
[2020.02.16-11.38.58:505][  0]LogConfig: Setting CVar [[r.DOF.Kernel.MaxBackgroundRadius:0.025]]
[2020.02.16-11.38.58:505][  0]LogConfig: Applying CVar settings from Section [TextureQuality@3] File [C:/Users/ivan_/Documents/GitHub/Mazerator/Saved/Config/Windows/Scalability.ini]
[2020.02.16-11.38.58:505][  0]LogConfig: Setting CVar [[r.Streaming.MipBias:0]]
[2020.02.16-11.38.58:505][  0]LogConfig: Setting CVar [[r.Streaming.AmortizeCPUToGPUCopy:0]]
[2020.02.16-11.38.58:505][  0]LogConfig: Setting CVar [[r.Streaming.MaxNumTexturesToStreamPerFrame:0]]
[2020.02.16-11.38.58:505][  0]LogConfig: Setting CVar [[r.Streaming.Boost:1]]
[2020.02.16-11.38.58:505][  0]LogConfig: Setting CVar [[r.MaxAnisotropy:8]]
[2020.02.16-11.38.58:505][  0]LogConfig: Setting CVar [[r.Streaming.LimitPoolSizeToVRAM:0]]
[2020.02.16-11.38.58:505][  0]LogConfig: Setting CVar [[r.Streaming.PoolSize:1000]]
[2020.02.16-11.38.58:505][  0]LogConfig: Setting CVar [[r.Streaming.MaxEffectiveScreenSize:0]]
[2020.02.16-11.38.58:505][  0]LogConfig: Applying CVar settings from Section [EffectsQuality@3] File [C:/Users/ivan_/Documents/GitHub/Mazerator/Saved/Config/Windows/Scalability.ini]
[2020.02.16-11.38.58:505][  0]LogConfig: Setting CVar [[r.TranslucencyLightingVolumeDim:64]]
[2020.02.16-11.38.58:505][  0]LogConfig: Setting CVar [[r.RefractionQuality:2]]
[2020.02.16-11.38.58:505][  0]LogConfig: Setting CVar [[r.SSR.Quality:3]]
[2020.02.16-11.38.58:505][  0]LogConfig: Setting CVar [[r.SceneColorFormat:4]]
[2020.02.16-11.38.58:505][  0]LogConfig: Setting CVar [[r.DetailMode:2]]
[2020.02.16-11.38.58:505][  0]LogConfig: Setting CVar [[r.TranslucencyVolumeBlur:1]]
[2020.02.16-11.38.58:505][  0]LogConfig: Setting CVar [[r.MaterialQualityLevel:1 ; High quality]]
[2020.02.16-11.38.58:505][  0]LogConfig: Setting CVar [[r.SSS.Scale:1]]
[2020.02.16-11.38.58:505][  0]LogConfig: Setting CVar [[r.SSS.SampleSet:2]]
[2020.02.16-11.38.58:506][  0]LogConfig: Setting CVar [[r.SSS.Quality:1]]
[2020.02.16-11.38.58:506][  0]LogConfig: Setting CVar [[r.SSS.HalfRes:1]]
[2020.02.16-11.38.58:506][  0]LogConfig: Setting CVar [[r.EmitterSpawnRateScale:1.0]]
[2020.02.16-11.38.58:506][  0]LogConfig: Setting CVar [[r.ParticleLightQuality:2]]
[2020.02.16-11.38.58:506][  0]LogConfig: Applying CVar settings from Section [FoliageQuality@3] File [C:/Users/ivan_/Documents/GitHub/Mazerator/Saved/Config/Windows/Scalability.ini]
[2020.02.16-11.38.58:506][  0]LogConfig: Setting CVar [[foliage.DensityScale:1.0]]
[2020.02.16-11.38.58:506][  0]LogConfig: Setting CVar [[grass.DensityScale:1.0]]
[2020.02.16-11.38.58:509][  0]LogInit: Selected Device Profile: [Windows]
[2020.02.16-11.38.58:509][  0]LogInit: Applying CVar settings loaded from the selected device profile: [Windows]
[2020.02.16-11.38.58:528][  0]LogHAL: Display: Platform has ~ 4 GB [4175093760 / 4294967296 / 4], which maps to Smallest [LargestMinGB=32, LargerMinGB=12, DefaultMinGB=8, SmallerMinGB=6, SmallestMinGB=0)
[2020.02.16-11.38.58:528][  0]LogInit: Going up to parent DeviceProfile []
[2020.02.16-11.38.58:529][  0]LogConfig: Applying CVar settings from Section [ViewDistanceQuality@0] File [C:/Users/ivan_/Documents/GitHub/Mazerator/Saved/Config/Windows/Scalability.ini]
[2020.02.16-11.38.58:529][  0]LogConfig: Setting CVar [[r.SkeletalMeshLODBias:2]]
[2020.02.16-11.38.58:529][  0]LogConfig: Setting CVar [[r.ViewDistanceScale:0.4]]
[2020.02.16-11.38.58:529][  0]LogConfig: Applying CVar settings from Section [AntiAliasingQuality@1] File [C:/Users/ivan_/Documents/GitHub/Mazerator/Saved/Config/Windows/Scalability.ini]
[2020.02.16-11.38.58:529][  0]LogConfig: Setting CVar [[r.PostProcessAAQuality:2]]
[2020.02.16-11.38.58:529][  0]LogConfig: Applying CVar settings from Section [ShadowQuality@1] File [C:/Users/ivan_/Documents/GitHub/Mazerator/Saved/Config/Windows/Scalability.ini]
[2020.02.16-11.38.58:529][  0]LogConfig: Setting CVar [[r.LightFunctionQuality:1]]
[2020.02.16-11.38.58:529][  0]LogConfig: Setting CVar [[r.ShadowQuality:3]]
[2020.02.16-11.38.58:529][  0]LogConfig: Setting CVar [[r.Shadow.CSM.MaxCascades:1]]
[2020.02.16-11.38.58:529][  0]LogConfig: Setting CVar [[r.Shadow.MaxResolution:1024]]
[2020.02.16-11.38.58:529][  0]LogConfig: Setting CVar [[r.Shadow.MaxCSMResolution:1024]]
[2020.02.16-11.38.58:529][  0]LogConfig: Setting CVar [[r.Shadow.RadiusThreshold:0.05]]
[2020.02.16-11.38.58:529][  0]LogConfig: Setting CVar [[r.Shadow.DistanceScale:0.7]]
[2020.02.16-11.38.58:529][  0]LogConfig: Setting CVar [[r.Shadow.CSM.TransitionScale:0.25]]
[2020.02.16-11.38.58:529][  0]LogConfig: Setting CVar [[r.Shadow.PreShadowResolutionFactor:0.5]]
[2020.02.16-11.38.58:529][  0]LogConfig: Setting CVar [[r.DistanceFieldShadowing:0]]
[2020.02.16-11.38.58:529][  0]LogConfig: Setting CVar [[r.DistanceFieldAO:0]]
[2020.02.16-11.38.58:529][  0]LogConfig: Setting CVar [[r.VolumetricFog:0]]
[2020.02.16-11.38.58:529][  0]LogConfig: Setting CVar [[r.LightMaxDrawDistanceScale:.5]]
[2020.02.16-11.38.58:529][  0]LogConfig: Setting CVar [[r.CapsuleShadows:1]]
[2020.02.16-11.38.58:529][  0]LogConfig: Applying CVar settings from Section [PostProcessQuality@2] File [C:/Users/ivan_/Documents/GitHub/Mazerator/Saved/Config/Windows/Scalability.ini]
[2020.02.16-11.38.58:529][  0]LogConfig: Setting CVar [[r.MotionBlurQuality:3]]
[2020.02.16-11.38.58:529][  0]LogConfig: Setting CVar [[r.AmbientOcclusionMipLevelFactor:0.6]]
[2020.02.16-11.38.58:529][  0]LogConfig: Setting CVar [[r.AmbientOcclusionMaxQuality:100]]
[2020.02.16-11.38.58:529][  0]LogConfig: Setting CVar [[r.AmbientOcclusionLevels:-1]]
[2020.02.16-11.38.58:529][  0]LogConfig: Setting CVar [[r.AmbientOcclusionRadiusScale:1.5]]
[2020.02.16-11.38.58:529][  0]LogConfig: Setting CVar [[r.DepthOfFieldQuality:2]]
[2020.02.16-11.38.58:530][  0]LogConfig: Setting CVar [[r.RenderTargetPoolMin:400]]
[2020.02.16-11.38.58:530][  0]LogConfig: Setting CVar [[r.LensFlareQuality:2]]
[2020.02.16-11.38.58:530][  0]LogConfig: Setting CVar [[r.SceneColorFringeQuality:1]]
[2020.02.16-11.38.58:530][  0]LogConfig: Setting CVar [[r.EyeAdaptationQuality:2]]
[2020.02.16-11.38.58:530][  0]LogConfig: Setting CVar [[r.BloomQuality:5]]
[2020.02.16-11.38.58:530][  0]LogConfig: Setting CVar [[r.FastBlurThreshold:3]]
[2020.02.16-11.38.58:530][  0]LogConfig: Setting CVar [[r.Upscale.Quality:2]]
[2020.02.16-11.38.58:530][  0]LogConfig: Setting CVar [[r.Tonemapper.GrainQuantization:1]]
[2020.02.16-11.38.58:530][  0]LogConfig: Setting CVar [[r.LightShaftQuality:1]]
[2020.02.16-11.38.58:530][  0]LogConfig: Setting CVar [[r.Filter.SizeScale:0.8]]
[2020.02.16-11.38.58:530][  0]LogConfig: Setting CVar [[r.Tonemapper.Quality:5]]
[2020.02.16-11.38.58:530][  0]LogConfig: Setting CVar [[r.DOF.Gather.AccumulatorQuality:0        ; lower gathering accumulator quality]]
[2020.02.16-11.38.58:530][  0]LogConfig: Setting CVar [[r.DOF.Gather.PostfilterMethod:2          ; Max3x3 postfilering method]]
[2020.02.16-11.38.58:530][  0]LogConfig: Setting CVar [[r.DOF.Gather.EnableBokehSettings:0       ; no bokeh simulation when gathering]]
[2020.02.16-11.38.58:530][  0]LogConfig: Setting CVar [[r.DOF.Gather.RingCount:4                 ; medium number of samples when gathering]]
[2020.02.16-11.38.58:530][  0]LogConfig: Setting CVar [[r.DOF.Scatter.ForegroundCompositing:1    ; additive foreground scattering]]
[2020.02.16-11.38.58:530][  0]LogConfig: Setting CVar [[r.DOF.Scatter.BackgroundCompositing:1    ; no background occlusion]]
[2020.02.16-11.38.58:530][  0]LogConfig: Setting CVar [[r.DOF.Scatter.EnableBokehSettings:0      ; no bokeh simulation when scattering]]
[2020.02.16-11.38.58:530][  0]LogConfig: Setting CVar [[r.DOF.Scatter.MaxSpriteRatio:0.04        ; only a maximum of 4% of scattered bokeh]]
[2020.02.16-11.38.58:530][  0]LogConfig: Setting CVar [[r.DOF.Recombine.Quality:0                ; no slight out of focus]]
[2020.02.16-11.38.58:530][  0]LogConfig: Setting CVar [[r.DOF.TemporalAAQuality:0                ; faster temporal accumulation]]
[2020.02.16-11.38.58:530][  0]LogConfig: Setting CVar [[r.DOF.Kernel.MaxForegroundRadius:0.012   ; required because of AccumulatorQuality=0]]
[2020.02.16-11.38.58:530][  0]LogConfig: Setting CVar [[r.DOF.Kernel.MaxBackgroundRadius:0.012   ; required because of AccumulatorQuality=0]]
[2020.02.16-11.38.58:530][  0]LogConfig: Applying CVar settings from Section [TextureQuality@2] File [C:/Users/ivan_/Documents/GitHub/Mazerator/Saved/Config/Windows/Scalability.ini]
[2020.02.16-11.38.58:530][  0]LogConfig: Setting CVar [[r.Streaming.MipBias:0]]
[2020.02.16-11.38.58:530][  0]LogConfig: Setting CVar [[r.Streaming.AmortizeCPUToGPUCopy:0]]
[2020.02.16-11.38.58:530][  0]LogConfig: Setting CVar [[r.Streaming.MaxNumTexturesToStreamPerFrame:0]]
[2020.02.16-11.38.58:530][  0]LogConfig: Setting CVar [[r.Streaming.Boost:1]]
[2020.02.16-11.38.58:530][  0]LogConfig: Setting CVar [[r.MaxAnisotropy:4]]
[2020.02.16-11.38.58:530][  0]LogConfig: Setting CVar [[r.Streaming.LimitPoolSizeToVRAM:1]]
[2020.02.16-11.38.58:530][  0]LogConfig: Setting CVar [[r.Streaming.PoolSize:800]]
[2020.02.16-11.38.58:530][  0]LogConfig: Setting CVar [[r.Streaming.MaxEffectiveScreenSize:0]]
[2020.02.16-11.38.58:530][  0]LogConfig: Applying CVar settings from Section [EffectsQuality@3] File [C:/Users/ivan_/Documents/GitHub/Mazerator/Saved/Config/Windows/Scalability.ini]
[2020.02.16-11.38.58:531][  0]LogConfig: Setting CVar [[r.TranslucencyLightingVolumeDim:64]]
[2020.02.16-11.38.58:531][  0]LogConfig: Setting CVar [[r.RefractionQuality:2]]
[2020.02.16-11.38.58:531][  0]LogConfig: Setting CVar [[r.SSR.Quality:3]]
[2020.02.16-11.38.58:531][  0]LogConfig: Setting CVar [[r.SceneColorFormat:4]]
[2020.02.16-11.38.58:531][  0]LogConfig: Setting CVar [[r.DetailMode:2]]
[2020.02.16-11.38.58:531][  0]LogConfig: Setting CVar [[r.TranslucencyVolumeBlur:1]]
[2020.02.16-11.38.58:531][  0]LogConfig: Setting CVar [[r.MaterialQualityLevel:1 ; High quality]]
[2020.02.16-11.38.58:531][  0]LogConfig: Setting CVar [[r.SSS.Scale:1]]
[2020.02.16-11.38.58:531][  0]LogConfig: Setting CVar [[r.SSS.SampleSet:2]]
[2020.02.16-11.38.58:531][  0]LogConfig: Setting CVar [[r.SSS.Quality:1]]
[2020.02.16-11.38.58:531][  0]LogConfig: Setting CVar [[r.SSS.HalfRes:1]]
[2020.02.16-11.38.58:531][  0]LogConfig: Setting CVar [[r.EmitterSpawnRateScale:1.0]]
[2020.02.16-11.38.58:531][  0]LogConfig: Setting CVar [[r.ParticleLightQuality:2]]
[2020.02.16-11.38.58:531][  0]LogConfig: Applying CVar settings from Section [FoliageQuality@2] File [C:/Users/ivan_/Documents/GitHub/Mazerator/Saved/Config/Windows/Scalability.ini]
[2020.02.16-11.38.58:531][  0]LogConfig: Setting CVar [[foliage.DensityScale:0.8]]
[2020.02.16-11.38.58:531][  0]LogConfig: Setting CVar [[grass.DensityScale:0.8]]
[2020.02.16-11.38.58:531][  0]LogConfig: Applying CVar settings from Section [Startup] File [../../../Engine/Config/ConsoleVariables.ini]
[2020.02.16-11.38.58:534][  0]LogConfig: Setting CVar [[net.UseAdaptiveNetUpdateFrequency:0]]
[2020.02.16-11.38.58:534][  0]LogConfig: Setting CVar [[p.chaos.AllowCreatePhysxBodies:1]]
[2020.02.16-11.38.58:534][  0]LogConfig: Applying CVar settings from Section [ConsoleVariables] File [C:/Users/ivan_/Documents/GitHub/Mazerator/Saved/Config/Windows/Engine.ini]
[2020.02.16-11.38.58:544][  0]LogInit: Computer: LAPTOP-70F41ERQ
[2020.02.16-11.38.58:544][  0]LogInit: User: ivan
[2020.02.16-11.38.58:544][  0]LogInit: CPU Page size=4096, Cores=2
[2020.02.16-11.38.58:544][  0]LogInit: High frequency timer resolution =10.000000 MHz
[2020.02.16-11.38.58:546][  0]LogMemory: Memory total: Physical=3.9GB (4GB approx)
[2020.02.16-11.38.58:546][  0]LogMemory: Platform Memory Stats for Windows
[2020.02.16-11.38.58:546][  0]LogMemory: Process Physical Memory: 100.73 MB used, 100.73 MB peak
[2020.02.16-11.38.58:546][  0]LogMemory: Process Virtual Memory: 99.94 MB used, 99.94 MB peak
[2020.02.16-11.38.58:546][  0]LogMemory: Physical Memory: 3797.59 MB used,  184.09 MB free, 3981.68 MB total
[2020.02.16-11.38.58:546][  0]LogMemory: Virtual Memory: 4651.36 MB used,  134213080.00 MB free, 134217728.00 MB total
[2020.02.16-11.38.58:578][  0]LogWindows: WindowsPlatformFeatures enabled
[2020.02.16-11.39.00:391][  0]LogInit: Using OS detected language (en-GB).
[2020.02.16-11.39.00:391][  0]LogInit: Using OS detected locale (en-GB).
[2020.02.16-11.39.00:397][  0]LogTextLocalizationManager: No specific localization for 'en-GB' exists, so the 'en' localization will be used.
[2020.02.16-11.39.01:868][  0]LogInit: Setting process to per monitor DPI aware
[2020.02.16-11.39.02:293][  0]LogSlate: New Slate User Created.  User Index 0, Is Virtual User: 0
[2020.02.16-11.39.02:293][  0]LogSlate: Slate User Registered.  User Index 0, Is Virtual User: 0
[2020.02.16-11.39.04:113][  0]LogHMD: Failed to initialize OpenVR with code 110
[2020.02.16-11.39.04:113][  0]LogD3D11RHI: D3D11 adapters:
[2020.02.16-11.39.04:330][  0]LogD3D11RHI:    0. 'AMD Radeon(TM) R4 Graphics' (Feature Level 11_0)
[2020.02.16-11.39.04:330][  0]LogD3D11RHI:       64/0/1990 MB DedicatedVideo/DedicatedSystem/SharedSystem, Outputs:1, VendorId:0x1002
[2020.02.16-11.39.04:402][  0]LogD3D11RHI:    1. 'Microsoft Basic Render Driver' (Feature Level 11_0)
[2020.02.16-11.39.04:402][  0]LogD3D11RHI:       0/0/1990 MB DedicatedVideo/DedicatedSystem/SharedSystem, Outputs:0, VendorId:0x1414
[2020.02.16-11.39.04:402][  0]LogD3D11RHI: Chosen D3D11 Adapter: 0
[2020.02.16-11.39.04:421][  0]LogD3D11RHI: Creating new Direct3DDevice
[2020.02.16-11.39.04:422][  0]LogD3D11RHI:     GPU DeviceId: 0x98e4 (for the marketing name, search the web for "GPU Device Id")
[2020.02.16-11.39.04:423][  0]LogWindows: EnumDisplayDevices:
[2020.02.16-11.39.04:423][  0]LogWindows:    0. 'AMD Radeon(TM) R4 Graphics' (P:1 D:1)
[2020.02.16-11.39.04:424][  0]LogWindows:    1. 'AMD Radeon(TM) R4 Graphics' (P:0 D:0)
[2020.02.16-11.39.04:425][  0]LogWindows:    2. 'AMD Radeon(TM) R4 Graphics' (P:0 D:0)
[2020.02.16-11.39.04:426][  0]LogWindows:    3. 'AMD Radeon(TM) R4 Graphics' (P:0 D:0)
[2020.02.16-11.39.04:427][  0]LogWindows: DebugString: FoundDriverCount:4 
[2020.02.16-11.39.04:427][  0]LogD3D11RHI:     Adapter Name: AMD Radeon(TM) R4 Graphics
[2020.02.16-11.39.04:429][  0]LogD3D11RHI:   Driver Version: Adrenalin 19.10.08.01 (internal:26.20.11008.1007, unified:26.20.11008.1007)
[2020.02.16-11.39.04:429][  0]LogD3D11RHI:      Driver Date: 5-4-2019
[2020.02.16-11.39.04:429][  0]LogRHI: Texture pool is 696 MB (70% of 995 MB)
[2020.02.16-11.39.04:757][  0]LogD3D11RHI: Async texture creation enabled
[2020.02.16-11.39.04:943][  0]LogD3D11RHI: GPU Timing Frequency: 100.000000 (Debug: 2 1)
[2020.02.16-11.41.57:800][  0]LogTemp: Display: Module 'AllDesktopTargetPlatform' loaded TargetPlatform 'AllDesktop'
[2020.02.16-11.41.57:831][  0]LogTemp: Display: Module 'MacClientTargetPlatform' loaded TargetPlatform 'MacClient'
[2020.02.16-11.41.57:860][  0]LogTemp: Display: Module 'MacNoEditorTargetPlatform' loaded TargetPlatform 'MacNoEditor'
[2020.02.16-11.41.57:889][  0]LogTemp: Display: Module 'MacServerTargetPlatform' loaded TargetPlatform 'MacServer'
[2020.02.16-11.41.57:918][  0]LogTemp: Display: Module 'MacTargetPlatform' loaded TargetPlatform 'Mac'
[2020.02.16-11.41.57:947][  0]LogTemp: Display: Module 'WindowsClientTargetPlatform' loaded TargetPlatform 'WindowsClient'
[2020.02.16-11.41.57:975][  0]LogTemp: Display: Module 'WindowsNoEditorTargetPlatform' loaded TargetPlatform 'WindowsNoEditor'
[2020.02.16-11.41.58:008][  0]LogTemp: Display: Module 'WindowsServerTargetPlatform' loaded TargetPlatform 'WindowsServer'
[2020.02.16-11.41.58:021][  0]LogTemp: Display: Module 'WindowsTargetPlatform' loaded TargetPlatform 'Windows'
[2020.02.16-11.41.58:137][  0]LogTemp: Display: Module 'AndroidTargetPlatform' loaded TargetPlatform 'Android'
[2020.02.16-11.41.58:137][  0]LogTemp: Display: Module 'AndroidTargetPlatform' loaded TargetPlatform 'Android_ASTC'
[2020.02.16-11.41.58:137][  0]LogTemp: Display: Module 'AndroidTargetPlatform' loaded TargetPlatform 'Android_ATC'
[2020.02.16-11.41.58:137][  0]LogTemp: Display: Module 'AndroidTargetPlatform' loaded TargetPlatform 'Android_DXT'
[2020.02.16-11.41.58:137][  0]LogTemp: Display: Module 'AndroidTargetPlatform' loaded TargetPlatform 'Android_ETC1'
[2020.02.16-11.41.58:138][  0]LogTemp: Display: Module 'AndroidTargetPlatform' loaded TargetPlatform 'Android_ETC1a'
[2020.02.16-11.41.58:138][  0]LogTemp: Display: Module 'AndroidTargetPlatform' loaded TargetPlatform 'Android_ETC2'
[2020.02.16-11.41.58:138][  0]LogTemp: Display: Module 'AndroidTargetPlatform' loaded TargetPlatform 'Android_PVRTC'
[2020.02.16-11.41.58:138][  0]LogTemp: Display: Module 'AndroidTargetPlatform' loaded TargetPlatform 'AndroidClient'
[2020.02.16-11.41.58:138][  0]LogTemp: Display: Module 'AndroidTargetPlatform' loaded TargetPlatform 'Android_ASTCClient'
[2020.02.16-11.41.58:138][  0]LogTemp: Display: Module 'AndroidTargetPlatform' loaded TargetPlatform 'Android_ATCClient'
[2020.02.16-11.41.58:138][  0]LogTemp: Display: Module 'AndroidTargetPlatform' loaded TargetPlatform 'Android_DXTClient'
[2020.02.16-11.41.58:138][  0]LogTemp: Display: Module 'AndroidTargetPlatform' loaded TargetPlatform 'Android_ETC1Client'
[2020.02.16-11.41.58:138][  0]LogTemp: Display: Module 'AndroidTargetPlatform' loaded TargetPlatform 'Android_ETC1aClient'
[2020.02.16-11.41.58:138][  0]LogTemp: Display: Module 'AndroidTargetPlatform' loaded TargetPlatform 'Android_ETC2Client'
[2020.02.16-11.41.58:138][  0]LogTemp: Display: Module 'AndroidTargetPlatform' loaded TargetPlatform 'Android_PVRTCClient'
[2020.02.16-11.41.58:138][  0]LogTemp: Display: Module 'AndroidTargetPlatform' loaded TargetPlatform 'Android_Multi'
[2020.02.16-11.41.58:138][  0]LogTemp: Display: Module 'AndroidTargetPlatform' loaded TargetPlatform 'Android_MultiClient'
[2020.02.16-11.41.58:146][  0]LogTemp: Display: Module 'HTML5TargetPlatform' loaded TargetPlatform 'HTML5'
[2020.02.16-11.41.58:316][  0]LogTemp: Display: Module 'IOSTargetPlatform' loaded TargetPlatform 'IOSClient'
[2020.02.16-11.41.58:316][  0]LogTemp: Display: Module 'IOSTargetPlatform' loaded TargetPlatform 'IOS'
[2020.02.16-11.41.58:375][  0]LogTemp: Display: Module 'TVOSTargetPlatform' loaded TargetPlatform 'TVOSClient'
[2020.02.16-11.41.58:375][  0]LogTemp: Display: Module 'TVOSTargetPlatform' loaded TargetPlatform 'TVOS'
[2020.02.16-11.41.58:417][  0]LogTemp: Display: Module 'LinuxClientTargetPlatform' loaded TargetPlatform 'LinuxClient'
[2020.02.16-11.41.58:447][  0]LogTemp: Display: Module 'LinuxNoEditorTargetPlatform' loaded TargetPlatform 'LinuxNoEditor'
[2020.02.16-11.41.58:500][  0]LogTemp: Display: Module 'LinuxServerTargetPlatform' loaded TargetPlatform 'LinuxServer'
[2020.02.16-11.41.58:557][  0]LogTemp: Display: Module 'LinuxTargetPlatform' loaded TargetPlatform 'Linux'
[2020.02.16-11.41.58:659][  0]LogTemp: Display: Module 'LuminTargetPlatform' loaded TargetPlatform 'Lumin'
[2020.02.16-11.41.58:659][  0]LogTemp: Display: Module 'LuminTargetPlatform' loaded TargetPlatform 'LuminClient'
[2020.02.16-11.41.58:659][  0]LogTargetPlatformManager: Display: Building Assets For Windows
[2020.02.16-11.41.58:715][  0]LogAudioDebug: Display: Lib vorbis DLL was dynamically loaded.
[2020.02.16-11.41.58:998][  0]LogShaderCompilers: Guid format shader working directory is -10 characters bigger than the processId version (../../../../../../Users/ivan_/Documents/GitHub/Mazerator/Intermediate/Shaders/WorkingDirectory/2820/).
[2020.02.16-11.41.58:999][  0]LogShaderCompilers: Cleaned the shader compiler working directory 'C:/Users/ivan_/AppData/Local/Temp/UnrealShaderWorkingDir/855797F946CB97EB1E632F9D875A6875/'.
[2020.02.16-11.41.59:009][  0]LogXGEController: Cannot use XGE Controller as Incredibuild is not installed on this machine.
[2020.02.16-11.41.59:011][  0]LogShaderCompilers: Cannot use XGE Shader Compiler as Incredibuild is not installed on this machine.
[2020.02.16-11.41.59:011][  0]LogShaderCompilers: Display: Using Local Shader Compiler.
[2020.02.16-11.42.02:527][  0]LogDerivedDataCache: Display: Max Cache Size: 512 MB
[2020.02.16-11.42.03:077][  0]LogDerivedDataCache: Loaded boot cache 0.55s 73MB C:/Users/ivan_/AppData/Local/UnrealEngine/4.23/DerivedDataCache/Boot.ddc.
[2020.02.16-11.42.03:077][  0]LogDerivedDataCache: Display: Loaded Boot cache: C:/Users/ivan_/AppData/Local/UnrealEngine/4.23/DerivedDataCache/Boot.ddc
[2020.02.16-11.42.03:077][  0]LogDerivedDataCache: FDerivedDataBackendGraph:  Pak pak cache file ../../../../../../Users/ivan_/Documents/GitHub/Mazerator/DerivedDataCache/DDC.ddp not found, will not use a pak cache.
[2020.02.16-11.42.03:077][  0]LogDerivedDataCache: Unable to find inner node Pak for hierarchical cache Hierarchy.
[2020.02.16-11.42.03:078][  0]LogDerivedDataCache: FDerivedDataBackendGraph:  CompressedPak pak cache file ../../../../../../Users/ivan_/Documents/GitHub/Mazerator/DerivedDataCache/Compressed.ddp not found, will not use a pak cache.
[2020.02.16-11.42.03:078][  0]LogDerivedDataCache: Unable to find inner node CompressedPak for hierarchical cache Hierarchy.
[2020.02.16-11.42.03:106][  0]LogDerivedDataCache: Display: Pak cache opened for reading ../../../Engine/DerivedDataCache/Compressed.ddp.
[2020.02.16-11.42.03:106][  0]LogDerivedDataCache: FDerivedDataBackendGraph:  EnterprisePak pak cache file ../../../Enterprise/DerivedDataCache/Compressed.ddp not found, will not use a pak cache.
[2020.02.16-11.42.03:106][  0]LogDerivedDataCache: Unable to find inner node EnterprisePak for hierarchical cache Hierarchy.
[2020.02.16-11.42.03:255][  0]LogDerivedDataCache: Using Local data cache path C:/Users/ivan_/AppData/Local/UnrealEngine/Common/DerivedDataCache: Writable
[2020.02.16-11.42.03:256][  0]LogDerivedDataCache: Shared data cache path not found in *engine.ini, will not use an Shared cache.
[2020.02.16-11.42.03:256][  0]LogDerivedDataCache: Unable to find inner node Shared for hierarchical cache Hierarchy.
[2020.02.16-11.42.03:322][  0]LogMaterial: Verifying Global Shaders for PCD3D_SM5
[2020.02.16-11.42.03:328][  0]LogSlate: Using FreeType 2.6.0
[2020.02.16-11.42.03:332][  0]LogSlate: SlateFontServices - WITH_FREETYPE: 1, WITH_HARFBUZZ: 1
[2020.02.16-11.42.04:133][  0]LogAssetRegistry: FAssetRegistry took 0.5608 seconds to start up
[2020.02.16-11.42.05:338][  0]LogInit: Selected Device Profile: [Windows]
[2020.02.16-11.42.05:889][  0]LogMeshReduction: Using QuadricMeshReduction for automatic static mesh reduction
[2020.02.16-11.42.05:889][  0]LogMeshReduction: Using SimplygonMeshReduction for automatic skeletal mesh reduction
[2020.02.16-11.42.05:889][  0]LogMeshReduction: Using ProxyLODMeshReduction for automatic mesh merging
[2020.02.16-11.42.05:889][  0]LogMeshReduction: No distributed automatic mesh merging module available
[2020.02.16-11.42.05:889][  0]LogMeshMerging: No distributed automatic mesh merging module available
[2020.02.16-11.42.05:923][  0]LogNetVersion: Mazerator 1.0.0, NetCL: 8386587, EngineNetVer: 11, GameNetVer: 0 (Checksum: 3843946635)
[2020.02.16-11.42.08:906][  0]LogPackageLocalizationCache: Processed 12 localized package path(s) for 1 prioritized culture(s) in 0.184438 seconds
[2020.02.16-11.42.08:922][  0]LogUObjectArray: 43444 objects as part of root set at end of initial load.
[2020.02.16-11.42.08:922][  0]LogUObjectAllocator: 7548648 out of 0 bytes used by permanent object pool.
[2020.02.16-11.42.08:922][  0]LogUObjectArray: CloseDisregardForGC: 0/0 objects in disregard for GC pool
[2020.02.16-11.42.14:181][  0]LogTcpMessaging: Initializing TcpMessaging bridge
[2020.02.16-11.42.15:098][  0]LogUdpMessaging: Initializing bridge on interface 0.0.0.0:0 to multicast group 230.0.0.1:6666.
[2020.02.16-11.42.16:821][  0]SourceControl: Source control is disabled
[2020.02.16-11.42.16:821][  0]SourceControl: Source control is disabled
[2020.02.16-11.42.16:826][  0]SourceControl: Source control is disabled
[2020.02.16-11.42.16:922][  0]SourceControl: Source control is disabled
[2020.02.16-11.42.17:327][  0]LogAndroidPermission: UAndroidPermissionCallbackProxy::GetInstance
[2020.02.16-11.42.19:733][  0]LogOcInput: OculusInput pre-init called
[2020.02.16-11.42.19:906][  0]LogWindows: Failed to load 'OVRPlugin.dll' (GetLastError=126)
[2020.02.16-11.42.19:906][  0]LogWindows: File 'OVRPlugin.dll' does not exist
[2020.02.16-11.42.21:976][  0]LogEngine: Initializing Engine...
[2020.02.16-11.42.22:026][  0]LogHMD: Failed to initialize OpenVR with code 110
[2020.02.16-11.42.22:115][  0]LogStats: UGameplayTagsManager::InitializeManager -  0.076 s
[2020.02.16-11.42.23:913][  0]LogInit: Initializing FReadOnlyCVARCache
[2020.02.16-11.42.25:445][  0]LogAIModule: Creating AISystem for world Untitled
[2020.02.16-11.42.25:872][  0]LogInit: XAudio2 using 'Speaker/Headphone (Realtek High Definition Audio)' : 2 channels at 48 kHz using 32 bits per sample (channel mask 0x3)
[2020.02.16-11.42.28:407][  0]LogInit: FAudioDevice initialized.
[2020.02.16-11.42.28:408][  0]LogNetVersion: Set ProjectVersion to 1.0.0.0. Version Checksum will be recalculated on next use.
[2020.02.16-11.42.28:605][  0]LogDerivedDataCache: Error: Could not save memory cache C:/Users/ivan_/AppData/Local/UnrealEngine/4.23/DerivedDataCache/Boot.ddc.
[2020.02.16-11.42.28:734][  0]LogInit: Texture streaming: Enabled
[2020.02.16-11.42.28:965][  0]LogEngineSessionManager: EngineSessionManager initialized
[2020.02.16-11.42.28:968][  0]LogEditorSessionSummary: Verbose: Initializing EditorSessionSummaryWriter for editor session tracking
[2020.02.16-11.42.28:987][  0]LogEditorSessionSummary: EditorSessionSummaryWriter initialized
[2020.02.16-11.42.29:780][  0]LogInit: Transaction tracking system initialized
[2020.02.16-11.42.31:290][  0]BlueprintLog: New page: Editor Load
[2020.02.16-11.42.33:866][  0]LocalizationService: Localization service is disabled
[2020.02.16-11.42.37:863][  0]LogFileCache: Scanning file cache for directory 'C:/Users/ivan_/Documents/GitHub/Mazerator/Content/' took 0.10s
[2020.02.16-11.42.37:863][  0]LogCook: Display: Max memory allowance for cook 16384mb min free memory 0mb
[2020.02.16-11.42.37:865][  0]LogCook: Display: Mobile HDR setting 1
[2020.02.16-11.42.39:836][  0]SourceControl: Source control is disabled
[2020.02.16-11.42.39:845][  0]Cmd: MAP LOAD FILE="../../../../../../Users/ivan_/Documents/GitHub/Mazerator/Content/GameContent/Maps/Level1.umap" TEMPLATE=0 SHOWPROGRESS=1 FEATURELEVEL=3
[2020.02.16-11.42.39:877][  0]LightingResults: New page: Lighting Build
[2020.02.16-11.42.39:933][  0]LogWorld: UWorld::CleanupWorld for Untitled, bSessionEnded=true, bCleanupResources=true
[2020.02.16-11.42.39:934][  0]MapCheck: New page: Map Check
[2020.02.16-11.42.39:934][  0]LightingResults: New page: Lighting Build
[2020.02.16-11.42.40:205][  0]LogUObjectHash: Compacting FUObjectHashTables data took   9.05ms
[2020.02.16-11.42.43:199][  0]LogMaterial: Display: Missing cached shader map for material LandscapeMaterial, compiling. 
[2020.02.16-11.42.43:582][  0]LogShaderCompilers: Display: Worker (1/1): shaders left to compile 42
[2020.02.16-11.46.04:048][  0]LogAIModule: Creating AISystem for world Level1
[2020.02.16-11.46.08:516][  0]LogEditorServer: Finished looking for orphan Actors (0.000 secs)
[2020.02.16-11.46.08:805][  0]LogUObjectHash: Compacting FUObjectHashTables data took   5.10ms
[2020.02.16-11.46.08:808][  0]Cmd: MAP CHECKDEP NOCLEARLOG
[2020.02.16-11.46.08:814][  0]MapCheck: Map check complete: 0 Error(s), 0 Warning(s), took 4.614ms to complete.
[2020.02.16-11.46.08:814][  0]LogFileHelpers: Loading map 'Level1' took 208.973
[2020.02.16-11.55.47:189][  0]LogSlate: Updating window title bar state: overlay mode, drag disabled, window buttons hidden, title bar hidden
[2020.02.16-11.55.47:242][  0]LogSlate: Updating window title bar state: overlay mode, drag disabled, window buttons hidden, title bar hidden
[2020.02.16-11.55.47:264][  0]LogSlate: Updating window title bar state: overlay mode, drag disabled, window buttons hidden, title bar hidden
[2020.02.16-11.55.47:309][  0]LogSlate: Updating window title bar state: overlay mode, drag disabled, window buttons hidden, title bar hidden
[2020.02.16-11.55.47:401][  0]LogCollectionManager: Loaded 0 collections in 0.007641 seconds
[2020.02.16-11.57.55:844][  0]LogFileCache: Scanning file cache for directory 'C:/Users/ivan_/Documents/GitHub/Mazerator/Saved/Collections/' took 68.45s
[2020.02.16-11.57.55:844][  0]LogFileCache: Scanning file cache for directory 'C:/Users/ivan_/Documents/GitHub/Mazerator/Content/Developers/ivan/Collections/' took 59.53s
[2020.02.16-11.57.55:844][  0]LogFileCache: Scanning file cache for directory 'C:/Users/ivan_/Documents/GitHub/Mazerator/Content/Collections/' took 0.00s
[2020.02.16-11.57.55:844][  0]LogCollectionManager: Rebuilt the GUID cache for 0 collections in 0.000013 seconds
[2020.02.16-11.57.55:900][  0]LogContentBrowser: Native class hierarchy populated in 0.0419 seconds. Added 2863 classes and 680 folders.
[2020.02.16-11.57.56:020][  0]LogContentBrowser: Native class hierarchy updated for 'WidgetCarousel' in 0.0007 seconds. Added 0 classes and 0 folders.
[2020.02.16-11.57.58:861][  0]LogContentBrowser: Native class hierarchy updated for 'AddContentDialog' in 0.0007 seconds. Added 0 classes and 0 folders.
[2020.02.16-11.57.58:992][  0]LogContentBrowser: Native class hierarchy updated for 'SceneOutliner' in 0.0006 seconds. Added 1 classes and 2 folders.
[2020.02.16-11.58.02:923][  0]LogSlate: Took 0.016621 seconds to synchronously load lazily loaded font '../../../Engine/Content/Slate/Fonts/Roboto-Regular.ttf' (155K)
[2020.02.16-11.58.02:988][  0]LogSlate: Took 0.012528 seconds to synchronously load lazily loaded font '../../../Engine/Content/Slate/Fonts/Roboto-Bold.ttf' (160K)
[2020.02.16-11.58.03:203][  0]LogSlate: Took 0.021840 seconds to synchronously load lazily loaded font '../../../Engine/Content/Editor/Slate/Fonts/FontAwesome.ttf' (139K)
[2020.02.16-11.58.04:091][  0]LogRenderer: Reallocating scene render targets to support 972x436 Format 10 NumSamples 1 (Frame:1).
[2020.02.16-11.58.20:867][  0]LogContentBrowser: Native class hierarchy updated for 'HierarchicalLODOutliner' in 0.0007 seconds. Added 0 classes and 0 folders.
[2020.02.16-11.58.20:867][  0]LogLoad: (Engine Initialization) Total time: 1189.12 seconds
[2020.02.16-11.58.20:867][  0]LogLoad: (Engine Initialization) Total Blueprint compile time: 0.00 seconds
[2020.02.16-11.58.21:580][  0]LogContentStreaming: Texture pool size now 800 MB
[2020.02.16-11.58.22:024][  0]LogSlate: Took 0.034484 seconds to synchronously load lazily loaded font '../../../Engine/Content/Slate/Fonts/Roboto-Light.ttf' (167K)
[2020.02.16-11.58.32:557][  2]LogSlate: Took 0.000782 seconds to synchronously load lazily loaded font '../../../Engine/Content/Slate/Fonts/Roboto-Light.ttf' (167K)
[2020.02.16-11.58.32:816][  2]LogSlate: FSceneViewport::OnFocusLost() reason 5
[2020.02.16-11.58.35:452][ 21]LogAssetRegistry: Asset discovery search completed in 991.8747 seconds
[2020.02.16-11.58.35:471][ 21]LogCollectionManager: Rebuilt the object cache for 0 collections in 0.002204 seconds (found 0 objects)
[2020.02.16-11.58.35:471][ 21]LogCollectionManager: Fixed up redirectors for 0 collections in 0.002387 seconds (updated 0 objects)
