Log file open, 12/26/19 16:17:06
LogWindows: Failed to load 'aqProf.dll' (GetLastError=126)
LogWindows: File 'aqProf.dll' does not exist
LogWindows: Failed to load 'VtuneApi.dll' (GetLastError=126)
LogWindows: File 'VtuneApi.dll' does not exist
LogWindows: Failed to load 'VtuneApi32e.dll' (GetLastError=126)
LogWindows: File 'VtuneApi32e.dll' does not exist
LogConsoleResponse: Display: Failed to find resolution value strings in scalability ini. Falling back to default.
LogInit: Display: Running engine for game: Mazerator
LogPlatformFile: Not using cached read wrapper
LogTaskGraph: Started task graph with 5 named threads and 11 total threads with 3 sets of task threads.
LogStats: Stats thread started at 0.178934
LogD3D11RHI: Loaded GFSDK_Aftermath_Lib.x64.dll
LogICUInternationalization: ICU TimeZone Detection - Raw Offset: +0:00, Platform Override: ''
LogPluginManager: Mounting plugin Paper2D
LogPluginManager: Mounting plugin AISupport
LogPluginManager: Mounting plugin LightPropagationVolume
LogPluginManager: Mounting plugin ActorLayerUtilities
LogPluginManager: Mounting plugin AnimationSharing
LogPluginManager: Mounting plugin CLionSourceCodeAccess
LogPluginManager: Mounting plugin CodeLiteSourceCodeAccess
LogPluginManager: Mounting plugin GitSourceControl
LogPluginManager: Mounting plugin KDevelopSourceCodeAccess
LogPluginManager: Mounting plugin NullSourceCodeAccess
LogPluginManager: Mounting plugin PerforceSourceControl
LogPluginManager: Mounting plugin SubversionSourceControl
LogPluginManager: Mounting plugin UObjectPlugin
LogPluginManager: Mounting plugin VisualStudioCodeSourceCodeAccess
LogPluginManager: Mounting plugin VisualStudioSourceCodeAccess
LogPluginManager: Mounting plugin XCodeSourceCodeAccess
LogPluginManager: Mounting plugin AssetManagerEditor
LogPluginManager: Mounting plugin CryptoKeys
LogPluginManager: Mounting plugin CurveEditorTools
LogPluginManager: Mounting plugin DataValidation
LogPluginManager: Mounting plugin FacialAnimation
LogPluginManager: Mounting plugin GameplayTagsEditor
LogPluginManager: Mounting plugin MacGraphicsSwitching
LogPluginManager: Mounting plugin MaterialAnalyzer
LogPluginManager: Mounting plugin MobileLauncherProfileWizard
LogPluginManager: Mounting plugin PluginBrowser
LogPluginManager: Mounting plugin SpeedTreeImporter
LogPluginManager: Mounting plugin DatasmithContent
LogPluginManager: Mounting plugin VariantManagerContent
LogPluginManager: Mounting plugin AlembicImporter
LogPluginManager: Mounting plugin AutomationUtils
LogPluginManager: Mounting plugin BackChannel
LogPluginManager: Mounting plugin CharacterAI
LogPluginManager: Mounting plugin GeometryCache
LogPluginManager: Mounting plugin HTML5Networking
LogPluginManager: Mounting plugin PlatformCrypto
LogPluginManager: Mounting plugin ProxyLODPlugin
LogPluginManager: Mounting plugin SkeletalReduction
LogPluginManager: Mounting plugin MagicLeap
LogPluginManager: Mounting plugin MagicLeapMedia
LogPluginManager: Mounting plugin AndroidMedia
LogPluginManager: Mounting plugin AvfMedia
LogPluginManager: Mounting plugin ImgMedia
LogPluginManager: Mounting plugin MediaCompositing
LogPluginManager: Mounting plugin MediaPlayerEditor
LogPluginManager: Mounting plugin WebMMedia
LogPluginManager: Mounting plugin WmfMedia
LogPluginManager: Mounting plugin TcpMessaging
LogPluginManager: Mounting plugin UdpMessaging
LogPluginManager: Mounting plugin ActorSequence
LogPluginManager: Mounting plugin LevelSequenceEditor
LogPluginManager: Mounting plugin MatineeToLevelSequence
LogPluginManager: Mounting plugin NetcodeUnitTest
LogPluginManager: Mounting plugin NUTUnrealEngine4
LogPluginManager: Mounting plugin OnlineSubsystemGooglePlay
LogPluginManager: Mounting plugin OnlineSubsystemIOS
LogPluginManager: Mounting plugin OnlineSubsystem
LogPluginManager: Mounting plugin OnlineSubsystemNull
LogPluginManager: Mounting plugin OnlineSubsystemUtils
LogPluginManager: Mounting plugin LauncherChunkInstaller
LogPluginManager: Mounting plugin AndroidDeviceProfileSelector
LogPluginManager: Mounting plugin AndroidMoviePlayer
LogPluginManager: Mounting plugin AndroidPermission
LogPluginManager: Mounting plugin AppleImageUtils
LogPluginManager: Mounting plugin AppleMoviePlayer
LogPluginManager: Mounting plugin ArchVisCharacter
LogPluginManager: Mounting plugin AudioCapture
LogPluginManager: Mounting plugin CableComponent
LogPluginManager: Mounting plugin CustomMeshComponent
LogPluginManager: Mounting plugin EditableMesh
LogPluginManager: Mounting plugin ExampleDeviceProfileSelector
LogPluginManager: Mounting plugin GoogleCloudMessaging
LogPluginManager: Mounting plugin IOSDeviceProfileSelector
LogPluginManager: Mounting plugin LinuxDeviceProfileSelector
LogPluginManager: Mounting plugin LocationServicesBPLibrary
LogPluginManager: Mounting plugin MobilePatchingUtils
LogPluginManager: Mounting plugin OculusVR
LogPluginManager: Mounting plugin PhysXVehicles
LogPluginManager: Mounting plugin ProceduralMeshComponent
LogPluginManager: Mounting plugin RuntimePhysXCooking
LogPluginManager: Mounting plugin SignificanceManager
LogPluginManager: Mounting plugin SteamVR
LogPluginManager: Mounting plugin WebMMoviePlayer
LogPluginManager: Mounting plugin WindowsMoviePlayer
LogPluginManager: Mounting plugin ScreenshotTools
LogInit: Using libcurl 7.55.1-DEV
LogInit:  - built for x86_64-pc-win32
LogInit:  - supports SSL with OpenSSL/1.1.1
LogInit:  - supports HTTP deflate (compression) using libz 1.2.8
LogInit:  - other features:
LogInit:      CURL_VERSION_SSL
LogInit:      CURL_VERSION_LIBZ
LogInit:      CURL_VERSION_IPV6
LogInit:      CURL_VERSION_ASYNCHDNS
LogInit:      CURL_VERSION_LARGEFILE
LogInit:      CURL_VERSION_IDN
LogInit:  CurlRequestOptions (configurable via config and command line):
LogInit:  - bVerifyPeer = true  - Libcurl will verify peer certificate
LogInit:  - bUseHttpProxy = false  - Libcurl will NOT use HTTP proxy
LogInit:  - bDontReuseConnections = false  - Libcurl will reuse connections
LogInit:  - MaxHostConnections = 16  - Libcurl will limit the number of connections to a host
LogInit:  - LocalHostAddr = Default
LogInit:  - BufferSize = 65536
LogOnline: OSS: Creating online subsystem instance for: NULL
LogInit: WinSock: version 1.1 (2.2), MaxSocks=32767, MaxUdp=65467
LogInit: Build: ++UE4+Release-4.23-CL-9631420
LogInit: Engine Version: 4.23.1-9631420+++UE4+Release-4.23
LogInit: Compatible Engine Version: 4.23.0-8386587+++UE4+Release-4.23
LogInit: Net CL: 8386587
LogInit: OS: Windows 10 (Release 1903) (), CPU: AMD A6-9225 RADEON R4, 5 COMPUTE CORES 2C+3G   , GPU: AMD Radeon(TM) R4 Graphics
LogInit: Compiled (64-bit): Oct 18 2019 02:07:44
LogInit: Compiled with Visual C++: 19.16.27030.01
LogInit: Build Configuration: Development
LogInit: Branch Name: ++UE4+Release-4.23
LogInit: Command Line: 
LogInit: Base Directory: C:/Program Files/Epic Games/UE_4.23/Engine/Binaries/Win64/
LogInit: Installed Engine Build: 1
LogDevObjectVersion: Number of dev versions registered: 23
LogDevObjectVersion:   Dev-Blueprints (B0D832E4-1F89-4F0D-ACCF-7EB736FD4AA2): 10
LogDevObjectVersion:   Dev-Build (E1C64328-A22C-4D53-A36C-8E866417BD8C): 0
LogDevObjectVersion:   Dev-Core (375EC13C-06E4-48FB-B500-84F0262A717E): 3
LogDevObjectVersion:   Dev-Editor (E4B068ED-F494-42E9-A231-DA0B2E46BB41): 34
LogDevObjectVersion:   Dev-Framework (CFFC743F-43B0-4480-9391-14DF171D2073): 35
LogDevObjectVersion:   Dev-Mobile (B02B49B5-BB20-44E9-A304-32B752E40360): 2
LogDevObjectVersion:   Dev-Networking (A4E4105C-59A1-49B5-A7C5-40C4547EDFEE): 0
LogDevObjectVersion:   Dev-Online (39C831C9-5AE6-47DC-9A44-9C173E1C8E7C): 0
LogDevObjectVersion:   Dev-Physics (78F01B33-EBEA-4F98-B9B4-84EACCB95AA2): 0
LogDevObjectVersion:   Dev-Platform (6631380F-2D4D-43E0-8009-CF276956A95A): 0
LogDevObjectVersion:   Dev-Rendering (12F88B9F-8875-4AFC-A67C-D90C383ABD29): 31
LogDevObjectVersion:   Dev-Sequencer (7B5AE74C-D270-4C10-A958-57980B212A5A): 11
LogDevObjectVersion:   Dev-VR (D7296918-1DD6-4BDD-9DE2-64A83CC13884): 2
LogDevObjectVersion:   Dev-LoadTimes (C2A15278-BFE7-4AFE-6C17-90FF531DF755): 1
LogDevObjectVersion:   Private-Geometry (6EACA3D4-40EC-4CC1-B786-8BED09428FC5): 3
LogDevObjectVersion:   Dev-AnimPhys (29E575DD-E0A3-4627-9D10-D276232CDCEA): 17
LogDevObjectVersion:   Dev-Anim (AF43A65D-7FD3-4947-9873-3E8ED9C1BB05): 2
LogDevObjectVersion:   Dev-ReflectionCapture (6B266CEC-1EC7-4B8F-A30B-E4D90942FC07): 1
LogDevObjectVersion:   Dev-Automation (0DF73D61-A23F-47EA-B727-89E90C41499A): 1
LogDevObjectVersion:   FortniteMain (601D1886-AC64-4F84-AA16-D3DE0DEAC7D6): 27
LogDevObjectVersion:   Dev-Enterprise (9DFFBCD6-494F-0158-E221-12823C92A888): 6
LogDevObjectVersion:   Dev-Niagara (F2AED0AC-9AFE-416F-8664-AA7FFA26D6FC): 1
LogDevObjectVersion:   Dev-Destruction (174F1F0B-B4C6-45A5-B13F-2EE8D0FB917D): 9
LogInit: Presizing for max 16777216 objects, including 0 objects not considered by GC, pre-allocating 0 bytes for permanent pool.
LogInit: Object subsystem initialized
LogConfig: Setting CVar [[con.DebugEarlyDefault:1]]
LogConfig: Setting CVar [[r.setres:1280x720]]
[2019.12.26-16.17.07:134][  0]LogConfig: Setting CVar [[r.VSync:0]]
[2019.12.26-16.17.07:134][  0]LogConfig: Setting CVar [[r.RHICmdBypass:0]]
[2019.12.26-16.17.07:134][  0]LogConfig: Applying CVar settings from Section [/Script/Engine.RendererSettings] File [C:/Users/ivan_/Documents/GitHub/Mazerator/Saved/Config/Windows/Engine.ini]
[2019.12.26-16.17.07:134][  0]LogConfig: Setting CVar [[r.GPUCrashDebugging:0]]
[2019.12.26-16.17.07:134][  0]LogConfig: Applying CVar settings from Section [/Script/Engine.RendererOverrideSettings] File [C:/Users/ivan_/Documents/GitHub/Mazerator/Saved/Config/Windows/Engine.ini]
[2019.12.26-16.17.07:134][  0]LogConfig: Applying CVar settings from Section [/Script/Engine.StreamingSettings] File [C:/Users/ivan_/Documents/GitHub/Mazerator/Saved/Config/Windows/Engine.ini]
[2019.12.26-16.17.07:134][  0]LogConfig: Setting CVar [[s.MinBulkDataSizeForAsyncLoading:131072]]
[2019.12.26-16.17.07:134][  0]LogConfig: Setting CVar [[s.AsyncLoadingThreadEnabled:0]]
[2019.12.26-16.17.07:134][  0]LogConfig: Setting CVar [[s.EventDrivenLoaderEnabled:1]]
[2019.12.26-16.17.07:134][  0]LogConfig: Setting CVar [[s.WarnIfTimeLimitExceeded:0]]
[2019.12.26-16.17.07:134][  0]LogConfig: Setting CVar [[s.TimeLimitExceededMultiplier:1.5]]
[2019.12.26-16.17.07:134][  0]LogConfig: Setting CVar [[s.TimeLimitExceededMinTime:0.005]]
[2019.12.26-16.17.07:134][  0]LogConfig: Setting CVar [[s.UseBackgroundLevelStreaming:1]]
[2019.12.26-16.17.07:134][  0]LogConfig: Setting CVar [[s.PriorityAsyncLoadingExtraTime:15.0]]
[2019.12.26-16.17.07:134][  0]LogConfig: Setting CVar [[s.LevelStreamingActorsUpdateTimeLimit:5.0]]
[2019.12.26-16.17.07:134][  0]LogConfig: Setting CVar [[s.PriorityLevelStreamingActorsUpdateExtraTime:5.0]]
[2019.12.26-16.17.07:134][  0]LogConfig: Setting CVar [[s.LevelStreamingComponentsRegistrationGranularity:10]]
[2019.12.26-16.17.07:134][  0]LogConfig: Setting CVar [[s.UnregisterComponentsTimeLimit:1.0]]
[2019.12.26-16.17.07:134][  0]LogConfig: Setting CVar [[s.LevelStreamingComponentsUnregistrationGranularity:5]]
[2019.12.26-16.17.07:135][  0]LogConfig: Applying CVar settings from Section [/Script/Engine.GarbageCollectionSettings] File [C:/Users/ivan_/Documents/GitHub/Mazerator/Saved/Config/Windows/Engine.ini]
[2019.12.26-16.17.07:135][  0]LogConfig: Setting CVar [[gc.MaxObjectsNotConsideredByGC:1]]
[2019.12.26-16.17.07:135][  0]LogConfig: Setting CVar [[gc.SizeOfPermanentObjectPool:0]]
[2019.12.26-16.17.07:135][  0]LogConfig: Setting CVar [[gc.FlushStreamingOnGC:0]]
[2019.12.26-16.17.07:135][  0]LogConfig: Setting CVar [[gc.NumRetriesBeforeForcingGC:10]]
[2019.12.26-16.17.07:135][  0]LogConfig: Setting CVar [[gc.AllowParallelGC:1]]
[2019.12.26-16.17.07:135][  0]LogConfig: Setting CVar [[gc.TimeBetweenPurgingPendingKillObjects:61.1]]
[2019.12.26-16.17.07:135][  0]LogConfig: Setting CVar [[gc.MaxObjectsInEditor:16777216]]
[2019.12.26-16.17.07:135][  0]LogConfig: Setting CVar [[gc.IncrementalBeginDestroyEnabled:1]]
[2019.12.26-16.17.07:135][  0]LogConfig: Setting CVar [[gc.CreateGCClusters:1]]
[2019.12.26-16.17.07:135][  0]LogConfig: Setting CVar [[gc.MinGCClusterSize:5]]
[2019.12.26-16.17.07:135][  0]LogConfig: Setting CVar [[gc.ActorClusteringEnabled:0]]
[2019.12.26-16.17.07:135][  0]LogConfig: Setting CVar [[gc.BlueprintClusteringEnabled:0]]
[2019.12.26-16.17.07:135][  0]LogConfig: Setting CVar [[gc.UseDisregardForGCOnDedicatedServers:0]]
[2019.12.26-16.17.07:135][  0]LogConfig: Applying CVar settings from Section [/Script/Engine.NetworkSettings] File [C:/Users/ivan_/Documents/GitHub/Mazerator/Saved/Config/Windows/Engine.ini]
[2019.12.26-16.17.07:135][  0]LogConfig: Applying CVar settings from Section [/Script/UnrealEd.CookerSettings] File [C:/Users/ivan_/Documents/GitHub/Mazerator/Saved/Config/Windows/Engine.ini]
[2019.12.26-16.17.07:140][  0]LogConfig: Applying CVar settings from Section [ViewDistanceQuality@3] File [C:/Users/ivan_/Documents/GitHub/Mazerator/Saved/Config/Windows/Scalability.ini]
[2019.12.26-16.17.07:140][  0]LogConfig: Setting CVar [[r.SkeletalMeshLODBias:0]]
[2019.12.26-16.17.07:140][  0]LogConfig: Setting CVar [[r.ViewDistanceScale:1.0]]
[2019.12.26-16.17.07:140][  0]LogConfig: Applying CVar settings from Section [AntiAliasingQuality@3] File [C:/Users/ivan_/Documents/GitHub/Mazerator/Saved/Config/Windows/Scalability.ini]
[2019.12.26-16.17.07:140][  0]LogConfig: Setting CVar [[r.PostProcessAAQuality:4]]
[2019.12.26-16.17.07:140][  0]LogConfig: Applying CVar settings from Section [ShadowQuality@3] File [C:/Users/ivan_/Documents/GitHub/Mazerator/Saved/Config/Windows/Scalability.ini]
[2019.12.26-16.17.07:140][  0]LogConfig: Setting CVar [[r.LightFunctionQuality:1]]
[2019.12.26-16.17.07:140][  0]LogConfig: Setting CVar [[r.ShadowQuality:5]]
[2019.12.26-16.17.07:140][  0]LogConfig: Setting CVar [[r.Shadow.CSM.MaxCascades:10]]
[2019.12.26-16.17.07:140][  0]LogConfig: Setting CVar [[r.Shadow.MaxResolution:2048]]
[2019.12.26-16.17.07:140][  0]LogConfig: Setting CVar [[r.Shadow.MaxCSMResolution:2048]]
[2019.12.26-16.17.07:140][  0]LogConfig: Setting CVar [[r.Shadow.RadiusThreshold:0.01]]
[2019.12.26-16.17.07:140][  0]LogConfig: Setting CVar [[r.Shadow.DistanceScale:1.0]]
[2019.12.26-16.17.07:140][  0]LogConfig: Setting CVar [[r.Shadow.CSM.TransitionScale:1.0]]
[2019.12.26-16.17.07:140][  0]LogConfig: Setting CVar [[r.Shadow.PreShadowResolutionFactor:1.0]]
[2019.12.26-16.17.07:140][  0]LogConfig: Setting CVar [[r.DistanceFieldShadowing:1]]
[2019.12.26-16.17.07:140][  0]LogConfig: Setting CVar [[r.DistanceFieldAO:1]]
[2019.12.26-16.17.07:140][  0]LogConfig: Setting CVar [[r.AOQuality:2]]
[2019.12.26-16.17.07:140][  0]LogConfig: Setting CVar [[r.VolumetricFog:1]]
[2019.12.26-16.17.07:140][  0]LogConfig: Setting CVar [[r.VolumetricFog.GridPixelSize:8]]
[2019.12.26-16.17.07:140][  0]LogConfig: Setting CVar [[r.VolumetricFog.GridSizeZ:128]]
[2019.12.26-16.17.07:140][  0]LogConfig: Setting CVar [[r.VolumetricFog.HistoryMissSupersampleCount:4]]
[2019.12.26-16.17.07:140][  0]LogConfig: Setting CVar [[r.LightMaxDrawDistanceScale:1]]
[2019.12.26-16.17.07:140][  0]LogConfig: Setting CVar [[r.CapsuleShadows:1]]
[2019.12.26-16.17.07:140][  0]LogConfig: Applying CVar settings from Section [PostProcessQuality@3] File [C:/Users/ivan_/Documents/GitHub/Mazerator/Saved/Config/Windows/Scalability.ini]
[2019.12.26-16.17.07:140][  0]LogConfig: Setting CVar [[r.MotionBlurQuality:4]]
[2019.12.26-16.17.07:140][  0]LogConfig: Setting CVar [[r.AmbientOcclusionMipLevelFactor:0.4]]
[2019.12.26-16.17.07:140][  0]LogConfig: Setting CVar [[r.AmbientOcclusionMaxQuality:100]]
[2019.12.26-16.17.07:140][  0]LogConfig: Setting CVar [[r.AmbientOcclusionLevels:-1]]
[2019.12.26-16.17.07:140][  0]LogConfig: Setting CVar [[r.AmbientOcclusionRadiusScale:1.0]]
[2019.12.26-16.17.07:140][  0]LogConfig: Setting CVar [[r.DepthOfFieldQuality:2]]
[2019.12.26-16.17.07:140][  0]LogConfig: Setting CVar [[r.RenderTargetPoolMin:400]]
[2019.12.26-16.17.07:140][  0]LogConfig: Setting CVar [[r.LensFlareQuality:2]]
[2019.12.26-16.17.07:140][  0]LogConfig: Setting CVar [[r.SceneColorFringeQuality:1]]
[2019.12.26-16.17.07:140][  0]LogConfig: Setting CVar [[r.EyeAdaptationQuality:2]]
[2019.12.26-16.17.07:140][  0]LogConfig: Setting CVar [[r.BloomQuality:5]]
[2019.12.26-16.17.07:140][  0]LogConfig: Setting CVar [[r.FastBlurThreshold:100]]
[2019.12.26-16.17.07:141][  0]LogConfig: Setting CVar [[r.Upscale.Quality:3]]
[2019.12.26-16.17.07:141][  0]LogConfig: Setting CVar [[r.Tonemapper.GrainQuantization:1]]
[2019.12.26-16.17.07:141][  0]LogConfig: Setting CVar [[r.LightShaftQuality:1]]
[2019.12.26-16.17.07:141][  0]LogConfig: Setting CVar [[r.Filter.SizeScale:1]]
[2019.12.26-16.17.07:141][  0]LogConfig: Setting CVar [[r.Tonemapper.Quality:5]]
[2019.12.26-16.17.07:141][  0]LogConfig: Setting CVar [[r.DOF.Gather.AccumulatorQuality:1        ; higher gathering accumulator quality]]
[2019.12.26-16.17.07:141][  0]LogConfig: Setting CVar [[r.DOF.Gather.PostfilterMethod:1          ; Median3x3 postfilering method]]
[2019.12.26-16.17.07:141][  0]LogConfig: Setting CVar [[r.DOF.Gather.EnableBokehSettings:0       ; no bokeh simulation when gathering]]
[2019.12.26-16.17.07:141][  0]LogConfig: Setting CVar [[r.DOF.Gather.RingCount:4                 ; medium number of samples when gathering]]
[2019.12.26-16.17.07:141][  0]LogConfig: Setting CVar [[r.DOF.Scatter.ForegroundCompositing:1    ; additive foreground scattering]]
[2019.12.26-16.17.07:141][  0]LogConfig: Setting CVar [[r.DOF.Scatter.BackgroundCompositing:2    ; additive background scattering]]
[2019.12.26-16.17.07:141][  0]LogConfig: Setting CVar [[r.DOF.Scatter.EnableBokehSettings:1      ; bokeh simulation when scattering]]
[2019.12.26-16.17.07:141][  0]LogConfig: Setting CVar [[r.DOF.Scatter.MaxSpriteRatio:0.1         ; only a maximum of 10% of scattered bokeh]]
[2019.12.26-16.17.07:141][  0]LogConfig: Setting CVar [[r.DOF.Recombine.Quality:1                ; cheap slight out of focus]]
[2019.12.26-16.17.07:141][  0]LogConfig: Setting CVar [[r.DOF.Recombine.EnableBokehSettings:0    ; no bokeh simulation on slight out of focus]]
[2019.12.26-16.17.07:141][  0]LogConfig: Setting CVar [[r.DOF.TemporalAAQuality:1                ; more stable temporal accumulation]]
[2019.12.26-16.17.07:141][  0]LogConfig: Setting CVar [[r.DOF.Kernel.MaxForegroundRadius:0.025]]
[2019.12.26-16.17.07:141][  0]LogConfig: Setting CVar [[r.DOF.Kernel.MaxBackgroundRadius:0.025]]
[2019.12.26-16.17.07:141][  0]LogConfig: Applying CVar settings from Section [TextureQuality@3] File [C:/Users/ivan_/Documents/GitHub/Mazerator/Saved/Config/Windows/Scalability.ini]
[2019.12.26-16.17.07:141][  0]LogConfig: Setting CVar [[r.Streaming.MipBias:0]]
[2019.12.26-16.17.07:141][  0]LogConfig: Setting CVar [[r.Streaming.AmortizeCPUToGPUCopy:0]]
[2019.12.26-16.17.07:141][  0]LogConfig: Setting CVar [[r.Streaming.MaxNumTexturesToStreamPerFrame:0]]
[2019.12.26-16.17.07:141][  0]LogConfig: Setting CVar [[r.Streaming.Boost:1]]
[2019.12.26-16.17.07:141][  0]LogConfig: Setting CVar [[r.MaxAnisotropy:8]]
[2019.12.26-16.17.07:141][  0]LogConfig: Setting CVar [[r.Streaming.LimitPoolSizeToVRAM:0]]
[2019.12.26-16.17.07:141][  0]LogConfig: Setting CVar [[r.Streaming.PoolSize:1000]]
[2019.12.26-16.17.07:141][  0]LogConfig: Setting CVar [[r.Streaming.MaxEffectiveScreenSize:0]]
[2019.12.26-16.17.07:141][  0]LogConfig: Applying CVar settings from Section [EffectsQuality@3] File [C:/Users/ivan_/Documents/GitHub/Mazerator/Saved/Config/Windows/Scalability.ini]
[2019.12.26-16.17.07:141][  0]LogConfig: Setting CVar [[r.TranslucencyLightingVolumeDim:64]]
[2019.12.26-16.17.07:141][  0]LogConfig: Setting CVar [[r.RefractionQuality:2]]
[2019.12.26-16.17.07:141][  0]LogConfig: Setting CVar [[r.SSR.Quality:3]]
[2019.12.26-16.17.07:141][  0]LogConfig: Setting CVar [[r.SceneColorFormat:4]]
[2019.12.26-16.17.07:141][  0]LogConfig: Setting CVar [[r.DetailMode:2]]
[2019.12.26-16.17.07:141][  0]LogConfig: Setting CVar [[r.TranslucencyVolumeBlur:1]]
[2019.12.26-16.17.07:141][  0]LogConfig: Setting CVar [[r.MaterialQualityLevel:1 ; High quality]]
[2019.12.26-16.17.07:141][  0]LogConfig: Setting CVar [[r.SSS.Scale:1]]
[2019.12.26-16.17.07:141][  0]LogConfig: Setting CVar [[r.SSS.SampleSet:2]]
[2019.12.26-16.17.07:141][  0]LogConfig: Setting CVar [[r.SSS.Quality:1]]
[2019.12.26-16.17.07:141][  0]LogConfig: Setting CVar [[r.SSS.HalfRes:1]]
[2019.12.26-16.17.07:141][  0]LogConfig: Setting CVar [[r.EmitterSpawnRateScale:1.0]]
[2019.12.26-16.17.07:141][  0]LogConfig: Setting CVar [[r.ParticleLightQuality:2]]
[2019.12.26-16.17.07:141][  0]LogConfig: Applying CVar settings from Section [FoliageQuality@3] File [C:/Users/ivan_/Documents/GitHub/Mazerator/Saved/Config/Windows/Scalability.ini]
[2019.12.26-16.17.07:141][  0]LogConfig: Setting CVar [[foliage.DensityScale:1.0]]
[2019.12.26-16.17.07:142][  0]LogConfig: Setting CVar [[grass.DensityScale:1.0]]
[2019.12.26-16.17.07:142][  0]LogInit: Selected Device Profile: [Windows]
[2019.12.26-16.17.07:142][  0]LogInit: Applying CVar settings loaded from the selected device profile: [Windows]
[2019.12.26-16.17.07:148][  0]LogHAL: Display: Platform has ~ 4 GB [4175093760 / 4294967296 / 4], which maps to Smallest [LargestMinGB=32, LargerMinGB=12, DefaultMinGB=8, SmallerMinGB=6, SmallestMinGB=0)
[2019.12.26-16.17.07:149][  0]LogInit: Going up to parent DeviceProfile []
[2019.12.26-16.17.07:149][  0]LogConfig: Applying CVar settings from Section [ViewDistanceQuality@3] File [C:/Users/ivan_/Documents/GitHub/Mazerator/Saved/Config/Windows/Scalability.ini]
[2019.12.26-16.17.07:149][  0]LogConfig: Setting CVar [[r.SkeletalMeshLODBias:0]]
[2019.12.26-16.17.07:149][  0]LogConfig: Setting CVar [[r.ViewDistanceScale:1.0]]
[2019.12.26-16.17.07:149][  0]LogConfig: Applying CVar settings from Section [AntiAliasingQuality@3] File [C:/Users/ivan_/Documents/GitHub/Mazerator/Saved/Config/Windows/Scalability.ini]
[2019.12.26-16.17.07:149][  0]LogConfig: Setting CVar [[r.PostProcessAAQuality:4]]
[2019.12.26-16.17.07:149][  0]LogConfig: Applying CVar settings from Section [ShadowQuality@3] File [C:/Users/ivan_/Documents/GitHub/Mazerator/Saved/Config/Windows/Scalability.ini]
[2019.12.26-16.17.07:149][  0]LogConfig: Setting CVar [[r.LightFunctionQuality:1]]
[2019.12.26-16.17.07:149][  0]LogConfig: Setting CVar [[r.ShadowQuality:5]]
[2019.12.26-16.17.07:149][  0]LogConfig: Setting CVar [[r.Shadow.CSM.MaxCascades:10]]
[2019.12.26-16.17.07:149][  0]LogConfig: Setting CVar [[r.Shadow.MaxResolution:2048]]
[2019.12.26-16.17.07:149][  0]LogConfig: Setting CVar [[r.Shadow.MaxCSMResolution:2048]]
[2019.12.26-16.17.07:149][  0]LogConfig: Setting CVar [[r.Shadow.RadiusThreshold:0.01]]
[2019.12.26-16.17.07:149][  0]LogConfig: Setting CVar [[r.Shadow.DistanceScale:1.0]]
[2019.12.26-16.17.07:149][  0]LogConfig: Setting CVar [[r.Shadow.CSM.TransitionScale:1.0]]
[2019.12.26-16.17.07:149][  0]LogConfig: Setting CVar [[r.Shadow.PreShadowResolutionFactor:1.0]]
[2019.12.26-16.17.07:149][  0]LogConfig: Setting CVar [[r.DistanceFieldShadowing:1]]
[2019.12.26-16.17.07:149][  0]LogConfig: Setting CVar [[r.DistanceFieldAO:1]]
[2019.12.26-16.17.07:149][  0]LogConfig: Setting CVar [[r.AOQuality:2]]
[2019.12.26-16.17.07:149][  0]LogConfig: Setting CVar [[r.VolumetricFog:1]]
[2019.12.26-16.17.07:149][  0]LogConfig: Setting CVar [[r.VolumetricFog.GridPixelSize:8]]
[2019.12.26-16.17.07:149][  0]LogConfig: Setting CVar [[r.VolumetricFog.GridSizeZ:128]]
[2019.12.26-16.17.07:149][  0]LogConfig: Setting CVar [[r.VolumetricFog.HistoryMissSupersampleCount:4]]
[2019.12.26-16.17.07:149][  0]LogConfig: Setting CVar [[r.LightMaxDrawDistanceScale:1]]
[2019.12.26-16.17.07:149][  0]LogConfig: Setting CVar [[r.CapsuleShadows:1]]
[2019.12.26-16.17.07:149][  0]LogConfig: Applying CVar settings from Section [PostProcessQuality@3] File [C:/Users/ivan_/Documents/GitHub/Mazerator/Saved/Config/Windows/Scalability.ini]
[2019.12.26-16.17.07:149][  0]LogConfig: Setting CVar [[r.MotionBlurQuality:4]]
[2019.12.26-16.17.07:149][  0]LogConfig: Setting CVar [[r.AmbientOcclusionMipLevelFactor:0.4]]
[2019.12.26-16.17.07:149][  0]LogConfig: Setting CVar [[r.AmbientOcclusionMaxQuality:100]]
[2019.12.26-16.17.07:149][  0]LogConfig: Setting CVar [[r.AmbientOcclusionLevels:-1]]
[2019.12.26-16.17.07:149][  0]LogConfig: Setting CVar [[r.AmbientOcclusionRadiusScale:1.0]]
[2019.12.26-16.17.07:149][  0]LogConfig: Setting CVar [[r.DepthOfFieldQuality:2]]
[2019.12.26-16.17.07:149][  0]LogConfig: Setting CVar [[r.RenderTargetPoolMin:400]]
[2019.12.26-16.17.07:149][  0]LogConfig: Setting CVar [[r.LensFlareQuality:2]]
[2019.12.26-16.17.07:149][  0]LogConfig: Setting CVar [[r.SceneColorFringeQuality:1]]
[2019.12.26-16.17.07:149][  0]LogConfig: Setting CVar [[r.EyeAdaptationQuality:2]]
[2019.12.26-16.17.07:150][  0]LogConfig: Setting CVar [[r.BloomQuality:5]]
[2019.12.26-16.17.07:150][  0]LogConfig: Setting CVar [[r.FastBlurThreshold:100]]
[2019.12.26-16.17.07:150][  0]LogConfig: Setting CVar [[r.Upscale.Quality:3]]
[2019.12.26-16.17.07:150][  0]LogConfig: Setting CVar [[r.Tonemapper.GrainQuantization:1]]
[2019.12.26-16.17.07:150][  0]LogConfig: Setting CVar [[r.LightShaftQuality:1]]
[2019.12.26-16.17.07:150][  0]LogConfig: Setting CVar [[r.Filter.SizeScale:1]]
[2019.12.26-16.17.07:150][  0]LogConfig: Setting CVar [[r.Tonemapper.Quality:5]]
[2019.12.26-16.17.07:150][  0]LogConfig: Setting CVar [[r.DOF.Gather.AccumulatorQuality:1        ; higher gathering accumulator quality]]
[2019.12.26-16.17.07:150][  0]LogConfig: Setting CVar [[r.DOF.Gather.PostfilterMethod:1          ; Median3x3 postfilering method]]
[2019.12.26-16.17.07:150][  0]LogConfig: Setting CVar [[r.DOF.Gather.EnableBokehSettings:0       ; no bokeh simulation when gathering]]
[2019.12.26-16.17.07:150][  0]LogConfig: Setting CVar [[r.DOF.Gather.RingCount:4                 ; medium number of samples when gathering]]
[2019.12.26-16.17.07:150][  0]LogConfig: Setting CVar [[r.DOF.Scatter.ForegroundCompositing:1    ; additive foreground scattering]]
[2019.12.26-16.17.07:150][  0]LogConfig: Setting CVar [[r.DOF.Scatter.BackgroundCompositing:2    ; additive background scattering]]
[2019.12.26-16.17.07:150][  0]LogConfig: Setting CVar [[r.DOF.Scatter.EnableBokehSettings:1      ; bokeh simulation when scattering]]
[2019.12.26-16.17.07:150][  0]LogConfig: Setting CVar [[r.DOF.Scatter.MaxSpriteRatio:0.1         ; only a maximum of 10% of scattered bokeh]]
[2019.12.26-16.17.07:150][  0]LogConfig: Setting CVar [[r.DOF.Recombine.Quality:1                ; cheap slight out of focus]]
[2019.12.26-16.17.07:150][  0]LogConfig: Setting CVar [[r.DOF.Recombine.EnableBokehSettings:0    ; no bokeh simulation on slight out of focus]]
[2019.12.26-16.17.07:150][  0]LogConfig: Setting CVar [[r.DOF.TemporalAAQuality:1                ; more stable temporal accumulation]]
[2019.12.26-16.17.07:150][  0]LogConfig: Setting CVar [[r.DOF.Kernel.MaxForegroundRadius:0.025]]
[2019.12.26-16.17.07:150][  0]LogConfig: Setting CVar [[r.DOF.Kernel.MaxBackgroundRadius:0.025]]
[2019.12.26-16.17.07:150][  0]LogConfig: Applying CVar settings from Section [TextureQuality@3] File [C:/Users/ivan_/Documents/GitHub/Mazerator/Saved/Config/Windows/Scalability.ini]
[2019.12.26-16.17.07:150][  0]LogConfig: Setting CVar [[r.Streaming.MipBias:0]]
[2019.12.26-16.17.07:150][  0]LogConfig: Setting CVar [[r.Streaming.AmortizeCPUToGPUCopy:0]]
[2019.12.26-16.17.07:150][  0]LogConfig: Setting CVar [[r.Streaming.MaxNumTexturesToStreamPerFrame:0]]
[2019.12.26-16.17.07:150][  0]LogConfig: Setting CVar [[r.Streaming.Boost:1]]
[2019.12.26-16.17.07:150][  0]LogConfig: Setting CVar [[r.MaxAnisotropy:8]]
[2019.12.26-16.17.07:150][  0]LogConfig: Setting CVar [[r.Streaming.LimitPoolSizeToVRAM:0]]
[2019.12.26-16.17.07:150][  0]LogConfig: Setting CVar [[r.Streaming.PoolSize:1000]]
[2019.12.26-16.17.07:150][  0]LogConfig: Setting CVar [[r.Streaming.MaxEffectiveScreenSize:0]]
[2019.12.26-16.17.07:150][  0]LogConfig: Applying CVar settings from Section [EffectsQuality@3] File [C:/Users/ivan_/Documents/GitHub/Mazerator/Saved/Config/Windows/Scalability.ini]
[2019.12.26-16.17.07:150][  0]LogConfig: Setting CVar [[r.TranslucencyLightingVolumeDim:64]]
[2019.12.26-16.17.07:150][  0]LogConfig: Setting CVar [[r.RefractionQuality:2]]
[2019.12.26-16.17.07:150][  0]LogConfig: Setting CVar [[r.SSR.Quality:3]]
[2019.12.26-16.17.07:150][  0]LogConfig: Setting CVar [[r.SceneColorFormat:4]]
[2019.12.26-16.17.07:150][  0]LogConfig: Setting CVar [[r.DetailMode:2]]
[2019.12.26-16.17.07:150][  0]LogConfig: Setting CVar [[r.TranslucencyVolumeBlur:1]]
[2019.12.26-16.17.07:150][  0]LogConfig: Setting CVar [[r.MaterialQualityLevel:1 ; High quality]]
[2019.12.26-16.17.07:150][  0]LogConfig: Setting CVar [[r.SSS.Scale:1]]
[2019.12.26-16.17.07:150][  0]LogConfig: Setting CVar [[r.SSS.SampleSet:2]]
[2019.12.26-16.17.07:150][  0]LogConfig: Setting CVar [[r.SSS.Quality:1]]
[2019.12.26-16.17.07:150][  0]LogConfig: Setting CVar [[r.SSS.HalfRes:1]]
[2019.12.26-16.17.07:150][  0]LogConfig: Setting CVar [[r.EmitterSpawnRateScale:1.0]]
[2019.12.26-16.17.07:150][  0]LogConfig: Setting CVar [[r.ParticleLightQuality:2]]
[2019.12.26-16.17.07:150][  0]LogConfig: Applying CVar settings from Section [FoliageQuality@3] File [C:/Users/ivan_/Documents/GitHub/Mazerator/Saved/Config/Windows/Scalability.ini]
[2019.12.26-16.17.07:151][  0]LogConfig: Setting CVar [[foliage.DensityScale:1.0]]
[2019.12.26-16.17.07:151][  0]LogConfig: Setting CVar [[grass.DensityScale:1.0]]
[2019.12.26-16.17.07:151][  0]LogConfig: Applying CVar settings from Section [Startup] File [../../../Engine/Config/ConsoleVariables.ini]
[2019.12.26-16.17.07:151][  0]LogConfig: Setting CVar [[net.UseAdaptiveNetUpdateFrequency:0]]
[2019.12.26-16.17.07:151][  0]LogConfig: Setting CVar [[p.chaos.AllowCreatePhysxBodies:1]]
[2019.12.26-16.17.07:151][  0]LogConfig: Applying CVar settings from Section [ConsoleVariables] File [C:/Users/ivan_/Documents/GitHub/Mazerator/Saved/Config/Windows/Engine.ini]
[2019.12.26-16.17.07:151][  0]LogInit: Computer: LAPTOP-70F41ERQ
[2019.12.26-16.17.07:151][  0]LogInit: User: ivan
[2019.12.26-16.17.07:151][  0]LogInit: CPU Page size=4096, Cores=2
[2019.12.26-16.17.07:152][  0]LogInit: High frequency timer resolution =10.000000 MHz
[2019.12.26-16.17.07:152][  0]LogMemory: Memory total: Physical=3.9GB (4GB approx)
[2019.12.26-16.17.07:152][  0]LogMemory: Platform Memory Stats for Windows
[2019.12.26-16.17.07:152][  0]LogMemory: Process Physical Memory: 100.82 MB used, 100.82 MB peak
[2019.12.26-16.17.07:152][  0]LogMemory: Process Virtual Memory: 99.79 MB used, 99.79 MB peak
[2019.12.26-16.17.07:152][  0]LogMemory: Physical Memory: 3123.96 MB used,  857.72 MB free, 3981.68 MB total
[2019.12.26-16.17.07:152][  0]LogMemory: Virtual Memory: 4651.35 MB used,  134213080.00 MB free, 134217728.00 MB total
[2019.12.26-16.17.07:157][  0]LogWindows: WindowsPlatformFeatures enabled
[2019.12.26-16.17.07:217][  0]LogInit: Using OS detected language (en-GB).
[2019.12.26-16.17.07:217][  0]LogInit: Using OS detected locale (en-GB).
[2019.12.26-16.17.07:219][  0]LogTextLocalizationManager: No specific localization for 'en-GB' exists, so the 'en' localization will be used.
[2019.12.26-16.17.07:644][  0]LogInit: Setting process to per monitor DPI aware
[2019.12.26-16.17.07:712][  0]LogSlate: New Slate User Created.  User Index 0, Is Virtual User: 0
[2019.12.26-16.17.07:712][  0]LogSlate: Slate User Registered.  User Index 0, Is Virtual User: 0
[2019.12.26-16.17.08:256][  0]LogHMD: Failed to initialize OpenVR with code 110
[2019.12.26-16.17.08:256][  0]LogD3D11RHI: D3D11 adapters:
[2019.12.26-16.17.08:323][  0]LogD3D11RHI:    0. 'AMD Radeon(TM) R4 Graphics' (Feature Level 11_0)
[2019.12.26-16.17.08:323][  0]LogD3D11RHI:       64/0/1990 MB DedicatedVideo/DedicatedSystem/SharedSystem, Outputs:1, VendorId:0x1002
[2019.12.26-16.17.08:330][  0]LogD3D11RHI:    1. 'Microsoft Basic Render Driver' (Feature Level 11_0)
[2019.12.26-16.17.08:330][  0]LogD3D11RHI:       0/0/1990 MB DedicatedVideo/DedicatedSystem/SharedSystem, Outputs:0, VendorId:0x1414
[2019.12.26-16.17.08:330][  0]LogD3D11RHI: Chosen D3D11 Adapter: 0
[2019.12.26-16.17.08:351][  0]LogD3D11RHI: Creating new Direct3DDevice
[2019.12.26-16.17.08:352][  0]LogD3D11RHI:     GPU DeviceId: 0x98e4 (for the marketing name, search the web for "GPU Device Id")
[2019.12.26-16.17.08:352][  0]LogWindows: EnumDisplayDevices:
[2019.12.26-16.17.08:352][  0]LogWindows:    0. 'AMD Radeon(TM) R4 Graphics' (P:1 D:1)
[2019.12.26-16.17.08:353][  0]LogWindows:    1. 'AMD Radeon(TM) R4 Graphics' (P:0 D:0)
[2019.12.26-16.17.08:354][  0]LogWindows:    2. 'AMD Radeon(TM) R4 Graphics' (P:0 D:0)
[2019.12.26-16.17.08:355][  0]LogWindows:    3. 'AMD Radeon(TM) R4 Graphics' (P:0 D:0)
[2019.12.26-16.17.08:356][  0]LogWindows: DebugString: FoundDriverCount:4 
[2019.12.26-16.17.08:356][  0]LogD3D11RHI:     Adapter Name: AMD Radeon(TM) R4 Graphics
[2019.12.26-16.17.08:356][  0]LogD3D11RHI:   Driver Version: Adrenalin 19.10.08.01 (internal:26.20.11008.1007, unified:26.20.11008.1007)
[2019.12.26-16.17.08:356][  0]LogD3D11RHI:      Driver Date: 5-4-2019
[2019.12.26-16.17.08:356][  0]LogRHI: Texture pool is 696 MB (70% of 995 MB)
[2019.12.26-16.17.08:434][  0]LogD3D11RHI: Async texture creation enabled
[2019.12.26-16.17.08:458][  0]LogD3D11RHI: GPU Timing Frequency: 100.000000 (Debug: 2 1)
[2019.12.26-16.17.10:831][  0]LogTemp: Display: Module 'AllDesktopTargetPlatform' loaded TargetPlatform 'AllDesktop'
[2019.12.26-16.17.10:857][  0]LogTemp: Display: Module 'MacClientTargetPlatform' loaded TargetPlatform 'MacClient'
[2019.12.26-16.17.10:880][  0]LogTemp: Display: Module 'MacNoEditorTargetPlatform' loaded TargetPlatform 'MacNoEditor'
[2019.12.26-16.17.10:905][  0]LogTemp: Display: Module 'MacServerTargetPlatform' loaded TargetPlatform 'MacServer'
[2019.12.26-16.17.10:930][  0]LogTemp: Display: Module 'MacTargetPlatform' loaded TargetPlatform 'Mac'
[2019.12.26-16.17.10:954][  0]LogTemp: Display: Module 'WindowsClientTargetPlatform' loaded TargetPlatform 'WindowsClient'
[2019.12.26-16.17.10:978][  0]LogTemp: Display: Module 'WindowsNoEditorTargetPlatform' loaded TargetPlatform 'WindowsNoEditor'
[2019.12.26-16.17.11:001][  0]LogTemp: Display: Module 'WindowsServerTargetPlatform' loaded TargetPlatform 'WindowsServer'
[2019.12.26-16.17.11:013][  0]LogTemp: Display: Module 'WindowsTargetPlatform' loaded TargetPlatform 'Windows'
[2019.12.26-16.17.11:105][  0]LogTemp: Display: Module 'AndroidTargetPlatform' loaded TargetPlatform 'Android'
[2019.12.26-16.17.11:105][  0]LogTemp: Display: Module 'AndroidTargetPlatform' loaded TargetPlatform 'Android_ASTC'
[2019.12.26-16.17.11:105][  0]LogTemp: Display: Module 'AndroidTargetPlatform' loaded TargetPlatform 'Android_ATC'
[2019.12.26-16.17.11:105][  0]LogTemp: Display: Module 'AndroidTargetPlatform' loaded TargetPlatform 'Android_DXT'
[2019.12.26-16.17.11:105][  0]LogTemp: Display: Module 'AndroidTargetPlatform' loaded TargetPlatform 'Android_ETC1'
[2019.12.26-16.17.11:105][  0]LogTemp: Display: Module 'AndroidTargetPlatform' loaded TargetPlatform 'Android_ETC1a'
[2019.12.26-16.17.11:105][  0]LogTemp: Display: Module 'AndroidTargetPlatform' loaded TargetPlatform 'Android_ETC2'
[2019.12.26-16.17.11:105][  0]LogTemp: Display: Module 'AndroidTargetPlatform' loaded TargetPlatform 'Android_PVRTC'
[2019.12.26-16.17.11:105][  0]LogTemp: Display: Module 'AndroidTargetPlatform' loaded TargetPlatform 'AndroidClient'
[2019.12.26-16.17.11:105][  0]LogTemp: Display: Module 'AndroidTargetPlatform' loaded TargetPlatform 'Android_ASTCClient'
[2019.12.26-16.17.11:105][  0]LogTemp: Display: Module 'AndroidTargetPlatform' loaded TargetPlatform 'Android_ATCClient'
[2019.12.26-16.17.11:105][  0]LogTemp: Display: Module 'AndroidTargetPlatform' loaded TargetPlatform 'Android_DXTClient'
[2019.12.26-16.17.11:105][  0]LogTemp: Display: Module 'AndroidTargetPlatform' loaded TargetPlatform 'Android_ETC1Client'
[2019.12.26-16.17.11:105][  0]LogTemp: Display: Module 'AndroidTargetPlatform' loaded TargetPlatform 'Android_ETC1aClient'
[2019.12.26-16.17.11:105][  0]LogTemp: Display: Module 'AndroidTargetPlatform' loaded TargetPlatform 'Android_ETC2Client'
[2019.12.26-16.17.11:105][  0]LogTemp: Display: Module 'AndroidTargetPlatform' loaded TargetPlatform 'Android_PVRTCClient'
[2019.12.26-16.17.11:105][  0]LogTemp: Display: Module 'AndroidTargetPlatform' loaded TargetPlatform 'Android_Multi'
[2019.12.26-16.17.11:105][  0]LogTemp: Display: Module 'AndroidTargetPlatform' loaded TargetPlatform 'Android_MultiClient'
[2019.12.26-16.17.11:111][  0]LogTemp: Display: Module 'HTML5TargetPlatform' loaded TargetPlatform 'HTML5'
[2019.12.26-16.17.11:159][  0]LogTemp: Display: Module 'IOSTargetPlatform' loaded TargetPlatform 'IOSClient'
[2019.12.26-16.17.11:159][  0]LogTemp: Display: Module 'IOSTargetPlatform' loaded TargetPlatform 'IOS'
[2019.12.26-16.17.11:199][  0]LogTemp: Display: Module 'TVOSTargetPlatform' loaded TargetPlatform 'TVOSClient'
[2019.12.26-16.17.11:199][  0]LogTemp: Display: Module 'TVOSTargetPlatform' loaded TargetPlatform 'TVOS'
[2019.12.26-16.17.11:219][  0]LogTemp: Display: Module 'LinuxClientTargetPlatform' loaded TargetPlatform 'LinuxClient'
[2019.12.26-16.17.11:240][  0]LogTemp: Display: Module 'LinuxNoEditorTargetPlatform' loaded TargetPlatform 'LinuxNoEditor'
[2019.12.26-16.17.11:259][  0]LogTemp: Display: Module 'LinuxServerTargetPlatform' loaded TargetPlatform 'LinuxServer'
[2019.12.26-16.17.11:281][  0]LogTemp: Display: Module 'LinuxTargetPlatform' loaded TargetPlatform 'Linux'
[2019.12.26-16.17.11:347][  0]LogTemp: Display: Module 'LuminTargetPlatform' loaded TargetPlatform 'Lumin'
[2019.12.26-16.17.11:347][  0]LogTemp: Display: Module 'LuminTargetPlatform' loaded TargetPlatform 'LuminClient'
[2019.12.26-16.17.11:347][  0]LogTargetPlatformManager: Display: Building Assets For Windows
[2019.12.26-16.17.11:372][  0]LogAudioDebug: Display: Lib vorbis DLL was dynamically loaded.
[2019.12.26-16.17.11:529][  0]LogShaderCompilers: Guid format shader working directory is -11 characters bigger than the processId version (../../../../../../Users/ivan_/Documents/GitHub/Mazerator/Intermediate/Shaders/WorkingDirectory/17492/).
[2019.12.26-16.17.11:530][  0]LogShaderCompilers: Cleaned the shader compiler working directory 'C:/Users/ivan_/AppData/Local/Temp/UnrealShaderWorkingDir/4994D95E4A484E5CBF4B4B9C5E72A82B/'.
[2019.12.26-16.17.11:537][  0]LogXGEController: Cannot use XGE Controller as Incredibuild is not installed on this machine.
[2019.12.26-16.17.11:537][  0]LogShaderCompilers: Cannot use XGE Shader Compiler as Incredibuild is not installed on this machine.
[2019.12.26-16.17.11:537][  0]LogShaderCompilers: Display: Using Local Shader Compiler.
[2019.12.26-16.17.13:457][  0]LogDerivedDataCache: Display: Max Cache Size: 512 MB
[2019.12.26-16.17.13:637][  0]LogDerivedDataCache: Loaded boot cache 0.18s 73MB C:/Users/ivan_/AppData/Local/UnrealEngine/4.23/DerivedDataCache/Boot.ddc.
[2019.12.26-16.17.13:637][  0]LogDerivedDataCache: Display: Loaded Boot cache: C:/Users/ivan_/AppData/Local/UnrealEngine/4.23/DerivedDataCache/Boot.ddc
[2019.12.26-16.17.13:637][  0]LogDerivedDataCache: FDerivedDataBackendGraph:  Pak pak cache file ../../../../../../Users/ivan_/Documents/GitHub/Mazerator/DerivedDataCache/DDC.ddp not found, will not use a pak cache.
[2019.12.26-16.17.13:637][  0]LogDerivedDataCache: Unable to find inner node Pak for hierarchical cache Hierarchy.
[2019.12.26-16.17.13:637][  0]LogDerivedDataCache: FDerivedDataBackendGraph:  CompressedPak pak cache file ../../../../../../Users/ivan_/Documents/GitHub/Mazerator/DerivedDataCache/Compressed.ddp not found, will not use a pak cache.
[2019.12.26-16.17.13:637][  0]LogDerivedDataCache: Unable to find inner node CompressedPak for hierarchical cache Hierarchy.
[2019.12.26-16.17.13:656][  0]LogDerivedDataCache: Display: Pak cache opened for reading ../../../Engine/DerivedDataCache/Compressed.ddp.
[2019.12.26-16.17.13:657][  0]LogDerivedDataCache: FDerivedDataBackendGraph:  EnterprisePak pak cache file ../../../Enterprise/DerivedDataCache/Compressed.ddp not found, will not use a pak cache.
[2019.12.26-16.17.13:657][  0]LogDerivedDataCache: Unable to find inner node EnterprisePak for hierarchical cache Hierarchy.
[2019.12.26-16.17.13:660][  0]LogDerivedDataCache: Using Local data cache path C:/Users/ivan_/AppData/Local/UnrealEngine/Common/DerivedDataCache: Writable
[2019.12.26-16.17.13:660][  0]LogDerivedDataCache: Shared data cache path not found in *engine.ini, will not use an Shared cache.
[2019.12.26-16.17.13:660][  0]LogDerivedDataCache: Unable to find inner node Shared for hierarchical cache Hierarchy.
[2019.12.26-16.17.13:711][  0]LogMaterial: Verifying Global Shaders for PCD3D_SM5
[2019.12.26-16.17.13:715][  0]LogSlate: Using FreeType 2.6.0
[2019.12.26-16.17.13:717][  0]LogSlate: SlateFontServices - WITH_FREETYPE: 1, WITH_HARFBUZZ: 1
[2019.12.26-16.17.13:871][  0]LogAssetRegistry: FAssetRegistry took 0.0085 seconds to start up
[2019.12.26-16.17.14:686][  0]LogInit: Selected Device Profile: [Windows]
[2019.12.26-16.17.15:057][  0]LogMeshReduction: Using QuadricMeshReduction for automatic static mesh reduction
[2019.12.26-16.17.15:057][  0]LogMeshReduction: Using SimplygonMeshReduction for automatic skeletal mesh reduction
[2019.12.26-16.17.15:057][  0]LogMeshReduction: Using ProxyLODMeshReduction for automatic mesh merging
[2019.12.26-16.17.15:057][  0]LogMeshReduction: No distributed automatic mesh merging module available
[2019.12.26-16.17.15:057][  0]LogMeshMerging: No distributed automatic mesh merging module available
[2019.12.26-16.17.15:081][  0]LogNetVersion: Mazerator 1.0.0, NetCL: 8386587, EngineNetVer: 11, GameNetVer: 0 (Checksum: 3843946635)
[2019.12.26-16.17.16:573][  0]LogPackageLocalizationCache: Processed 12 localized package path(s) for 1 prioritized culture(s) in 0.278201 seconds
[2019.12.26-16.17.16:590][  0]LogUObjectArray: 43444 objects as part of root set at end of initial load.
[2019.12.26-16.17.16:590][  0]LogUObjectAllocator: 7548648 out of 0 bytes used by permanent object pool.
[2019.12.26-16.17.16:591][  0]LogUObjectArray: CloseDisregardForGC: 0/0 objects in disregard for GC pool
[2019.12.26-16.17.19:111][  0]LogTcpMessaging: Initializing TcpMessaging bridge
[2019.12.26-16.17.19:118][  0]LogUdpMessaging: Initializing bridge on interface 0.0.0.0:0 to multicast group 230.0.0.1:6666.
[2019.12.26-16.17.19:271][  0]SourceControl: Source control is disabled
[2019.12.26-16.17.19:271][  0]SourceControl: Source control is disabled
[2019.12.26-16.17.19:275][  0]SourceControl: Source control is disabled
[2019.12.26-16.17.19:278][  0]SourceControl: Source control is disabled
[2019.12.26-16.17.19:591][  0]LogAndroidPermission: UAndroidPermissionCallbackProxy::GetInstance
[2019.12.26-16.17.19:966][  0]LogOcInput: OculusInput pre-init called
[2019.12.26-16.17.19:992][  0]LogWindows: Failed to load 'OVRPlugin.dll' (GetLastError=126)
[2019.12.26-16.17.19:992][  0]LogWindows: File 'OVRPlugin.dll' does not exist
[2019.12.26-16.17.20:174][  0]LogEngine: Initializing Engine...
[2019.12.26-16.17.20:177][  0]LogHMD: Failed to initialize OpenVR with code 110
[2019.12.26-16.17.20:179][  0]LogStats: UGameplayTagsManager::InitializeManager -  0.001 s
[2019.12.26-16.17.20:778][  0]LogInit: Initializing FReadOnlyCVARCache
[2019.12.26-16.17.20:928][  0]LogAIModule: Creating AISystem for world Untitled
[2019.12.26-16.17.20:982][  0]LogInit: XAudio2 using 'Speaker/Headphone (Realtek High Definition Audio)' : 2 channels at 48 kHz using 32 bits per sample (channel mask 0x3)
[2019.12.26-16.17.21:511][  0]LogInit: FAudioDevice initialized.
[2019.12.26-16.17.21:511][  0]LogNetVersion: Set ProjectVersion to 1.0.0.0. Version Checksum will be recalculated on next use.
[2019.12.26-16.17.22:311][  0]LogDerivedDataCache: Saved boot cache 0.80s 73MB C:/Users/ivan_/AppData/Local/UnrealEngine/4.23/DerivedDataCache/Boot.ddc.
[2019.12.26-16.17.22:312][  0]LogInit: Texture streaming: Enabled
[2019.12.26-16.17.22:528][  0]LogEngineSessionManager: EngineSessionManager initialized
[2019.12.26-16.17.22:528][  0]LogEditorSessionSummary: Verbose: Initializing EditorSessionSummaryWriter for editor session tracking
[2019.12.26-16.17.22:570][  0]LogEditorSessionSummary: EditorSessionSummaryWriter initialized
[2019.12.26-16.17.22:892][  0]LogInit: Transaction tracking system initialized
[2019.12.26-16.17.23:669][  0]BlueprintLog: New page: Editor Load
[2019.12.26-16.17.24:455][  0]LocalizationService: Localization service is disabled
[2019.12.26-16.17.26:416][  0]LogFileCache: Scanning file cache for directory 'C:/Users/ivan_/Documents/GitHub/Mazerator/Content/' took 0.01s
[2019.12.26-16.17.26:416][  0]LogCook: Display: Max memory allowance for cook 16384mb min free memory 0mb
[2019.12.26-16.17.26:416][  0]LogCook: Display: Mobile HDR setting 1
[2019.12.26-16.17.29:477][  0]SourceControl: Source control is disabled
[2019.12.26-16.17.29:478][  0]Cmd: MAP LOAD FILE="../../../../../../Users/ivan_/Documents/GitHub/Mazerator/Content/GameContent/Maps/Level1.umap" TEMPLATE=0 SHOWPROGRESS=1 FEATURELEVEL=3
[2019.12.26-16.17.29:479][  0]LightingResults: New page: Lighting Build
[2019.12.26-16.17.29:608][  0]LogWorld: UWorld::CleanupWorld for Untitled, bSessionEnded=true, bCleanupResources=true
[2019.12.26-16.17.29:609][  0]MapCheck: New page: Map Check
[2019.12.26-16.17.29:609][  0]LightingResults: New page: Lighting Build
[2019.12.26-16.17.29:668][  0]LogUObjectHash: Compacting FUObjectHashTables data took   4.86ms
[2019.12.26-16.17.35:712][  0]LogAIModule: Creating AISystem for world Level1
[2019.12.26-16.17.47:424][  0]LogEditorServer: Finished looking for orphan Actors (0.000 secs)
[2019.12.26-16.17.47:496][  0]LogUObjectHash: Compacting FUObjectHashTables data took   4.76ms
[2019.12.26-16.17.47:497][  0]Cmd: MAP CHECKDEP NOCLEARLOG
[2019.12.26-16.17.47:498][  0]MapCheck: Map check complete: 0 Error(s), 0 Warning(s), took 0.534ms to complete.
[2019.12.26-16.17.47:498][  0]LogFileHelpers: Loading map 'Level1' took 18.020
[2019.12.26-16.17.49:236][  0]LogSlate: Updating window title bar state: overlay mode, drag disabled, window buttons hidden, title bar hidden
[2019.12.26-16.17.49:253][  0]LogSlate: Updating window title bar state: overlay mode, drag disabled, window buttons hidden, title bar hidden
[2019.12.26-16.17.49:267][  0]LogSlate: Updating window title bar state: overlay mode, drag disabled, window buttons hidden, title bar hidden
[2019.12.26-16.17.49:282][  0]LogSlate: Updating window title bar state: overlay mode, drag disabled, window buttons hidden, title bar hidden
[2019.12.26-16.17.49:630][  0]LogCollectionManager: Loaded 0 collections in 0.004986 seconds
[2019.12.26-16.17.49:976][  0]LogFileCache: Scanning file cache for directory 'C:/Users/ivan_/Documents/GitHub/Mazerator/Saved/Collections/' took 0.00s
[2019.12.26-16.17.49:976][  0]LogFileCache: Scanning file cache for directory 'C:/Users/ivan_/Documents/GitHub/Mazerator/Content/Developers/ivan/Collections/' took 0.00s
[2019.12.26-16.17.49:976][  0]LogFileCache: Scanning file cache for directory 'C:/Users/ivan_/Documents/GitHub/Mazerator/Content/Collections/' took 0.00s
[2019.12.26-16.17.49:977][  0]LogCollectionManager: Rebuilt the GUID cache for 0 collections in 0.000009 seconds
[2019.12.26-16.17.49:999][  0]LogContentBrowser: Native class hierarchy populated in 0.0186 seconds. Added 2863 classes and 680 folders.
[2019.12.26-16.17.50:153][  0]LogContentBrowser: Native class hierarchy updated for 'WidgetCarousel' in 0.0005 seconds. Added 0 classes and 0 folders.
[2019.12.26-16.17.52:352][  0]LogContentBrowser: Native class hierarchy updated for 'AddContentDialog' in 0.0005 seconds. Added 0 classes and 0 folders.
[2019.12.26-16.17.52:613][  0]LogContentBrowser: Native class hierarchy updated for 'SceneOutliner' in 0.0005 seconds. Added 1 classes and 2 folders.
[2019.12.26-16.17.54:243][  0]LogSlate: Took 0.032479 seconds to synchronously load lazily loaded font '../../../Engine/Content/Slate/Fonts/Roboto-Regular.ttf' (155K)
[2019.12.26-16.17.54:284][  0]LogSlate: Took 0.028751 seconds to synchronously load lazily loaded font '../../../Engine/Content/Slate/Fonts/Roboto-Bold.ttf' (160K)
[2019.12.26-16.17.54:483][  0]LogSlate: Took 0.025311 seconds to synchronously load lazily loaded font '../../../Engine/Content/Editor/Slate/Fonts/FontAwesome.ttf' (139K)
[2019.12.26-16.17.55:346][  0]LogRenderer: Reallocating scene render targets to support 972x436 Format 10 NumSamples 1 (Frame:1).
[2019.12.26-16.17.57:755][  0]LogContentBrowser: Native class hierarchy updated for 'HierarchicalLODOutliner' in 0.0007 seconds. Added 0 classes and 0 folders.
[2019.12.26-16.17.57:755][  0]LogLoad: (Engine Initialization) Total time: 54.43 seconds
[2019.12.26-16.17.57:755][  0]LogLoad: (Engine Initialization) Total Blueprint compile time: 0.00 seconds
[2019.12.26-16.17.58:411][  0]LogContentStreaming: Texture pool size now 1000 MB
[2019.12.26-16.17.59:329][  1]LogSlate: Took 0.008965 seconds to synchronously load lazily loaded font '../../../Engine/Content/Slate/Fonts/Roboto-Light.ttf' (167K)
[2019.12.26-16.18.00:290][  2]LogCollectionManager: Rebuilt the object cache for 0 collections in 0.000047 seconds (found 0 objects)
[2019.12.26-16.18.01:143][  3]LogMaterial: Display: Missing cached shader map for material Material_0, compiling. 
[2019.12.26-16.18.01:824][  4]LogShaderCompilers: Display: Worker (1/1): shaders left to compile 43
[2019.12.26-16.18.02:097][  4]LogMaterial: Display: Missing cached shader map for material Material_1, compiling. 
[2019.12.26-16.18.02:454][  5]LogMaterial: Display: Missing cached shader map for material Material_2, compiling. 
[2019.12.26-16.18.02:596][  6]LogMaterial: Display: Missing cached shader map for material Material_3, compiling. 
[2019.12.26-16.18.08:016][ 26]LogSlate: FSceneViewport::OnFocusLost() reason 2
[2019.12.26-16.18.08:548][ 30]LogAssetRegistry: Asset discovery search completed in 54.6787 seconds
[2019.12.26-16.18.08:585][ 30]LogCollectionManager: Fixed up redirectors for 0 collections in 0.000011 seconds (updated 0 objects)
[2019.12.26-16.18.35:235][326]LogTcpMessaging: Started Connection to '127.0.0.1:6666'
[2019.12.26-16.18.46:824][456]LogSlate: Window 'Device Manager' being destroyed
[2019.12.26-16.18.53:137][599]LogUObjectHash: Compacting FUObjectHashTables data took   1.32ms
[2019.12.26-16.18.53:186][599]LogPlayLevel: Launcher Device ID: Android_ASTC@710011310815
[2019.12.26-16.18.53:386][599]LogPlayLevel: PlayLevel: No blueprints needed recompiling
[2019.12.26-16.18.53:420][599]LogCook: Display: Creating asset registry
[2019.12.26-16.18.53:486][599]LogSlate: Took 0.000394 seconds to synchronously load lazily loaded font '../../../Engine/Content/Slate/Fonts/Roboto-Light.ttf' (167K)
[2019.12.26-16.18.55:037][599]LogCook: Display: Discovering localized assets
[2019.12.26-16.18.55:075][599]LogCook: Display: Cooked content cleared for platform AllDesktop
[2019.12.26-16.18.55:107][599]LogCook: Display: Unable to read previous cook inisettings for platform AllDesktop invalidating cook
[2019.12.26-16.18.55:502][599]LogCook: Display: Cooked content cleared for platform MacClient
[2019.12.26-16.18.55:507][599]LogCook: Display: Unable to read previous cook inisettings for platform MacClient invalidating cook
[2019.12.26-16.18.55:716][599]LogCook: Display: Cooked content cleared for platform MacNoEditor
[2019.12.26-16.18.55:721][599]LogCook: Display: Unable to read previous cook inisettings for platform MacNoEditor invalidating cook
[2019.12.26-16.18.55:839][599]LogCook: Display: Cooked content cleared for platform MacServer
[2019.12.26-16.18.55:843][599]LogCook: Display: Unable to read previous cook inisettings for platform MacServer invalidating cook
[2019.12.26-16.18.55:983][599]LogCook: Display: Cooked content cleared for platform Mac
[2019.12.26-16.18.55:996][599]LogCook: Display: Unable to read previous cook inisettings for platform Mac invalidating cook
[2019.12.26-16.18.56:095][599]LogCook: Display: Cooked content cleared for platform WindowsClient
[2019.12.26-16.18.56:100][599]LogCook: Display: Unable to read previous cook inisettings for platform WindowsClient invalidating cook
[2019.12.26-16.18.56:596][599]LogCook: Display: Cooked content cleared for platform WindowsNoEditor
[2019.12.26-16.18.56:601][599]LogCook: Display: Unable to read previous cook inisettings for platform WindowsNoEditor invalidating cook
[2019.12.26-16.18.56:713][599]LogCook: Display: Cooked content cleared for platform WindowsServer
[2019.12.26-16.18.56:717][599]LogCook: Display: Unable to read previous cook inisettings for platform WindowsServer invalidating cook
[2019.12.26-16.18.56:829][599]LogCook: Display: Cooked content cleared for platform Windows
[2019.12.26-16.18.56:833][599]LogCook: Display: Unable to read previous cook inisettings for platform Windows invalidating cook
[2019.12.26-16.18.56:933][599]LogCook: Display: Cooked content cleared for platform Android
[2019.12.26-16.18.56:938][599]LogCook: Display: Unable to read previous cook inisettings for platform Android invalidating cook
[2019.12.26-16.18.57:030][599]LogCook: Display: Cooked content cleared for platform Android_ASTC
[2019.12.26-16.18.57:175][599]LogCook: Display: Unable to read previous cook inisettings for platform Android_ASTC invalidating cook
[2019.12.26-16.18.57:271][599]LogCook: Display: Cooked content cleared for platform Android_ATC
[2019.12.26-16.18.57:278][599]LogCook: Display: Unable to read previous cook inisettings for platform Android_ATC invalidating cook
[2019.12.26-16.18.57:382][599]LogCook: Display: Cooked content cleared for platform Android_DXT
[2019.12.26-16.18.57:386][599]LogCook: Display: Unable to read previous cook inisettings for platform Android_DXT invalidating cook
[2019.12.26-16.18.57:483][599]LogCook: Display: Cooked content cleared for platform Android_ETC1
[2019.12.26-16.18.57:486][599]LogCook: Display: Unable to read previous cook inisettings for platform Android_ETC1 invalidating cook
[2019.12.26-16.18.57:586][599]LogCook: Display: Cooked content cleared for platform Android_ETC1a
[2019.12.26-16.18.57:591][599]LogCook: Display: Unable to read previous cook inisettings for platform Android_ETC1a invalidating cook
[2019.12.26-16.18.57:699][599]LogCook: Display: Cooked content cleared for platform Android_ETC2
[2019.12.26-16.18.57:703][599]LogCook: Display: Unable to read previous cook inisettings for platform Android_ETC2 invalidating cook
[2019.12.26-16.18.57:813][599]LogCook: Display: Cooked content cleared for platform Android_PVRTC
[2019.12.26-16.18.57:818][599]LogCook: Display: Unable to read previous cook inisettings for platform Android_PVRTC invalidating cook
[2019.12.26-16.18.57:922][599]LogCook: Display: Cooked content cleared for platform AndroidClient
[2019.12.26-16.18.57:926][599]LogCook: Display: Unable to read previous cook inisettings for platform AndroidClient invalidating cook
[2019.12.26-16.18.58:033][599]LogCook: Display: Cooked content cleared for platform Android_ASTCClient
[2019.12.26-16.18.58:038][599]LogCook: Display: Unable to read previous cook inisettings for platform Android_ASTCClient invalidating cook
[2019.12.26-16.18.58:164][599]LogCook: Display: Cooked content cleared for platform Android_ATCClient
[2019.12.26-16.18.58:168][599]LogCook: Display: Unable to read previous cook inisettings for platform Android_ATCClient invalidating cook
[2019.12.26-16.18.58:272][599]LogCook: Display: Cooked content cleared for platform Android_DXTClient
[2019.12.26-16.18.58:276][599]LogCook: Display: Unable to read previous cook inisettings for platform Android_DXTClient invalidating cook
[2019.12.26-16.18.58:388][599]LogCook: Display: Cooked content cleared for platform Android_ETC1Client
[2019.12.26-16.18.58:392][599]LogCook: Display: Unable to read previous cook inisettings for platform Android_ETC1Client invalidating cook
[2019.12.26-16.18.58:503][599]LogCook: Display: Cooked content cleared for platform Android_ETC1aClient
[2019.12.26-16.18.58:506][599]LogCook: Display: Unable to read previous cook inisettings for platform Android_ETC1aClient invalidating cook
[2019.12.26-16.18.58:616][599]LogCook: Display: Cooked content cleared for platform Android_ETC2Client
[2019.12.26-16.18.58:621][599]LogCook: Display: Unable to read previous cook inisettings for platform Android_ETC2Client invalidating cook
[2019.12.26-16.18.58:714][599]LogCook: Display: Cooked content cleared for platform Android_PVRTCClient
[2019.12.26-16.18.58:734][599]LogCook: Display: Unable to read previous cook inisettings for platform Android_PVRTCClient invalidating cook
[2019.12.26-16.18.58:831][599]LogCook: Display: Cooked content cleared for platform Android_Multi
[2019.12.26-16.18.58:834][599]LogCook: Display: Unable to read previous cook inisettings for platform Android_Multi invalidating cook
[2019.12.26-16.18.58:946][599]LogCook: Display: Cooked content cleared for platform Android_MultiClient
[2019.12.26-16.18.58:950][599]LogCook: Display: Unable to read previous cook inisettings for platform Android_MultiClient invalidating cook
[2019.12.26-16.18.59:061][599]LogCook: Display: Cooked content cleared for platform HTML5
[2019.12.26-16.18.59:065][599]LogCook: Display: Unable to read previous cook inisettings for platform HTML5 invalidating cook
[2019.12.26-16.18.59:205][599]LogCook: Display: Cooked content cleared for platform IOSClient
[2019.12.26-16.18.59:210][599]LogCook: Display: Unable to read previous cook inisettings for platform IOSClient invalidating cook
[2019.12.26-16.18.59:351][599]LogCook: Display: Cooked content cleared for platform IOS
[2019.12.26-16.18.59:355][599]LogCook: Display: Unable to read previous cook inisettings for platform IOS invalidating cook
[2019.12.26-16.18.59:440][599]LogCook: Display: Cooked content cleared for platform TVOSClient
[2019.12.26-16.18.59:444][599]LogCook: Display: Unable to read previous cook inisettings for platform TVOSClient invalidating cook
[2019.12.26-16.18.59:555][599]LogCook: Display: Cooked content cleared for platform TVOS
[2019.12.26-16.18.59:560][599]LogCook: Display: Unable to read previous cook inisettings for platform TVOS invalidating cook
[2019.12.26-16.18.59:656][599]LogCook: Display: Cooked content cleared for platform LinuxClient
[2019.12.26-16.18.59:661][599]LogCook: Display: Unable to read previous cook inisettings for platform LinuxClient invalidating cook
[2019.12.26-16.18.59:770][599]LogCook: Display: Cooked content cleared for platform LinuxNoEditor
[2019.12.26-16.18.59:774][599]LogCook: Display: Unable to read previous cook inisettings for platform LinuxNoEditor invalidating cook
[2019.12.26-16.18.59:867][599]LogCook: Display: Cooked content cleared for platform LinuxServer
[2019.12.26-16.18.59:872][599]LogCook: Display: Unable to read previous cook inisettings for platform LinuxServer invalidating cook
[2019.12.26-16.18.59:982][599]LogCook: Display: Cooked content cleared for platform Linux
[2019.12.26-16.19.00:003][599]LogCook: Display: Unable to read previous cook inisettings for platform Linux invalidating cook
[2019.12.26-16.19.00:100][599]LogCook: Display: Cooked content cleared for platform Lumin
[2019.12.26-16.19.00:161][599]LogCook: Display: Unable to read previous cook inisettings for platform Lumin invalidating cook
[2019.12.26-16.19.00:272][599]LogCook: Display: Cooked content cleared for platform LuminClient
[2019.12.26-16.19.00:300][599]LogCook: Display: Unable to read previous cook inisettings for platform LuminClient invalidating cook
[2019.12.26-16.19.00:410][599]LogCook: Display: Sandbox cleanup took 5.335 seconds for platforms AllDesktop MacClient MacNoEditor MacServer Mac WindowsClient WindowsNoEditor WindowsServer Windows Android Android_ASTC Android_ATC Android_DXT Android_ETC1 Android_ETC1a Android_ETC2 Android_PVRTC AndroidClient Android_ASTCClient Android_ATCClient Android_DXTClient Android_ETC1Client Android_ETC1aClient Android_ETC2Client Android_PVRTCClient Android_Multi Android_MultiClient HTML5 IOSClient IOS TVOSClient TVOS LinuxClient LinuxNoEditor LinuxServer Linux Lumin LuminClient  iterative false
[2019.12.26-16.19.04:320][599]LogMaterial: Verifying Global Shaders for GLSL_ES3_1_ANDROID
[2019.12.26-16.19.05:045][599]LogShaderCompilers: Display: Worker (1/1): shaders left to compile 162
[2019.12.26-16.19.05:472][600]LogEditorSessionSummary: EditorSessionSummary sent report. Type=AbnormalShutdown, SessionId={884B57CA-4D4D-EB9D-76FB-2C9B36FA0F35}
[2019.12.26-16.19.05:472][600]LogCook: Display: Cooked packages 0 Packages Remain 371 Total 371
[2019.12.26-16.19.05:688][600]LogContentBrowser: Native class hierarchy updated for 'BlueprintNativeCodeGen' in 0.0005 seconds. Added 0 classes and 0 folders.
[2019.12.26-16.19.05:798][601]LogCook: Display: Cooked packages 1 Packages Remain 370 Total 371
[2019.12.26-16.19.05:994][602]LogCook: Display: Cooked packages 3 Packages Remain 369 Total 372
[2019.12.26-16.19.08:303][603]LogCook: Display: Cooked packages 3 Packages Remain 415 Total 418
[2019.12.26-16.19.08:588][603]LogAIModule: Creating AISystem for world Entry
[2019.12.26-16.19.08:621][604]LogCook: Display: Cooked packages 3 Packages Remain 416 Total 419
[2019.12.26-16.19.09:077][604]LogAIModule: Creating AISystem for world MainMenu
[2019.12.26-16.19.09:091][605]LogCook: Display: Cooked packages 3 Packages Remain 419 Total 422
[2019.12.26-16.19.09:217][606]LogCook: Display: Cooked packages 6 Packages Remain 418 Total 424
[2019.12.26-16.19.09:280][606]LogMaterial: Display: Missing cached shader map for material MatineeCam_mat, compiling. 
[2019.12.26-16.19.09:482][607]LogCook: Display: Cooked packages 8 Packages Remain 417 Total 425
[2019.12.26-16.19.09:634][608]LogCook: Display: Cooked packages 10 Packages Remain 416 Total 426
[2019.12.26-16.19.09:744][608]LogMaterial: Display: Missing cached shader map for material WorldGridMaterial, compiling. Is special engine material.
