Log file open, 04/20/20 17:24:37
LogWindows: Failed to load 'aqProf.dll' (GetLastError=126)
LogWindows: File 'aqProf.dll' does not exist
LogWindows: Failed to load 'VtuneApi.dll' (GetLastError=126)
LogWindows: File 'VtuneApi.dll' does not exist
LogWindows: Failed to load 'VtuneApi32e.dll' (GetLastError=126)
LogWindows: File 'VtuneApi32e.dll' does not exist
LogConsoleResponse: Display: Failed to find resolution value strings in scalability ini. Falling back to default.
LogInit: Display: Running engine for game: Mazerator
LogPlatformFile: Not using cached read wrapper
LogTaskGraph: Started task graph with 5 named threads and 11 total threads with 3 sets of task threads.
LogStats: Stats thread started at 5.965224
LogD3D11RHI: Loaded GFSDK_Aftermath_Lib.x64.dll
LogICUInternationalization: ICU TimeZone Detection - Raw Offset: +0:00, Platform Override: ''
LogPluginManager: Mounting plugin Paper2D
LogPluginManager: Mounting plugin AISupport
LogPluginManager: Mounting plugin LightPropagationVolume
LogPluginManager: Mounting plugin ActorLayerUtilities
LogPluginManager: Mounting plugin AnimationSharing
LogPluginManager: Mounting plugin CLionSourceCodeAccess
LogPluginManager: Mounting plugin CodeLiteSourceCodeAccess
LogPluginManager: Mounting plugin GitSourceControl
LogPluginManager: Mounting plugin KDevelopSourceCodeAccess
LogPluginManager: Mounting plugin NullSourceCodeAccess
LogPluginManager: Mounting plugin PerforceSourceControl
LogPluginManager: Mounting plugin SubversionSourceControl
LogPluginManager: Mounting plugin UObjectPlugin
LogPluginManager: Mounting plugin VisualStudioCodeSourceCodeAccess
LogPluginManager: Mounting plugin VisualStudioSourceCodeAccess
LogPluginManager: Mounting plugin XCodeSourceCodeAccess
LogPluginManager: Mounting plugin AssetManagerEditor
LogPluginManager: Mounting plugin CryptoKeys
LogPluginManager: Mounting plugin CurveEditorTools
LogPluginManager: Mounting plugin DataValidation
LogPluginManager: Mounting plugin FacialAnimation
LogPluginManager: Mounting plugin GameplayTagsEditor
LogPluginManager: Mounting plugin MacGraphicsSwitching
LogPluginManager: Mounting plugin MaterialAnalyzer
LogPluginManager: Mounting plugin MobileLauncherProfileWizard
LogPluginManager: Mounting plugin PluginBrowser
LogPluginManager: Mounting plugin SpeedTreeImporter
LogPluginManager: Mounting plugin DatasmithContent
LogPluginManager: Mounting plugin VariantManagerContent
LogPluginManager: Mounting plugin AlembicImporter
LogPluginManager: Mounting plugin AutomationUtils
LogPluginManager: Mounting plugin BackChannel
LogPluginManager: Mounting plugin CharacterAI
LogPluginManager: Mounting plugin GeometryCache
LogPluginManager: Mounting plugin HTML5Networking
LogPluginManager: Mounting plugin PlatformCrypto
LogPluginManager: Mounting plugin ProxyLODPlugin
LogPluginManager: Mounting plugin SkeletalReduction
LogPluginManager: Mounting plugin MagicLeap
LogPluginManager: Mounting plugin MagicLeapMedia
LogPluginManager: Mounting plugin ParticleText
LogPluginManager: Mounting plugin AndroidMedia
LogPluginManager: Mounting plugin AvfMedia
LogPluginManager: Mounting plugin ImgMedia
LogPluginManager: Mounting plugin MediaCompositing
LogPluginManager: Mounting plugin MediaPlayerEditor
LogPluginManager: Mounting plugin WebMMedia
LogPluginManager: Mounting plugin WmfMedia
LogPluginManager: Mounting plugin TcpMessaging
LogPluginManager: Mounting plugin UdpMessaging
LogPluginManager: Mounting plugin ActorSequence
LogPluginManager: Mounting plugin LevelSequenceEditor
LogPluginManager: Mounting plugin MatineeToLevelSequence
LogPluginManager: Mounting plugin NetcodeUnitTest
LogPluginManager: Mounting plugin NUTUnrealEngine4
LogPluginManager: Mounting plugin OnlineSubsystemGooglePlay
LogPluginManager: Mounting plugin OnlineSubsystemIOS
LogPluginManager: Mounting plugin OnlineSubsystem
LogPluginManager: Mounting plugin OnlineSubsystemNull
LogPluginManager: Mounting plugin OnlineSubsystemUtils
LogPluginManager: Mounting plugin LauncherChunkInstaller
LogPluginManager: Mounting plugin AndroidDeviceProfileSelector
LogPluginManager: Mounting plugin AndroidMoviePlayer
LogPluginManager: Mounting plugin AndroidPermission
LogPluginManager: Mounting plugin AppleImageUtils
LogPluginManager: Mounting plugin AppleMoviePlayer
LogPluginManager: Mounting plugin ArchVisCharacter
LogPluginManager: Mounting plugin AudioCapture
LogPluginManager: Mounting plugin CableComponent
LogPluginManager: Mounting plugin CustomMeshComponent
LogPluginManager: Mounting plugin EditableMesh
LogPluginManager: Mounting plugin ExampleDeviceProfileSelector
LogPluginManager: Mounting plugin GoogleCloudMessaging
LogPluginManager: Mounting plugin IOSDeviceProfileSelector
LogPluginManager: Mounting plugin LinuxDeviceProfileSelector
LogPluginManager: Mounting plugin LocationServicesBPLibrary
LogPluginManager: Mounting plugin MobilePatchingUtils
LogPluginManager: Mounting plugin OculusVR
LogPluginManager: Mounting plugin PhysXVehicles
LogPluginManager: Mounting plugin ProceduralMeshComponent
LogPluginManager: Mounting plugin RuntimePhysXCooking
LogPluginManager: Mounting plugin SignificanceManager
LogPluginManager: Mounting plugin SteamVR
LogPluginManager: Mounting plugin WebMMoviePlayer
LogPluginManager: Mounting plugin WindowsMoviePlayer
LogPluginManager: Mounting plugin ScreenshotTools
LogInit: Using libcurl 7.55.1-DEV
LogInit:  - built for x86_64-pc-win32
LogInit:  - supports SSL with OpenSSL/1.1.1
LogInit:  - supports HTTP deflate (compression) using libz 1.2.8
LogInit:  - other features:
LogInit:      CURL_VERSION_SSL
LogInit:      CURL_VERSION_LIBZ
LogInit:      CURL_VERSION_IPV6
LogInit:      CURL_VERSION_ASYNCHDNS
LogInit:      CURL_VERSION_LARGEFILE
LogInit:      CURL_VERSION_IDN
LogInit:  CurlRequestOptions (configurable via config and command line):
LogInit:  - bVerifyPeer = true  - Libcurl will verify peer certificate
LogInit:  - bUseHttpProxy = false  - Libcurl will NOT use HTTP proxy
LogInit:  - bDontReuseConnections = false  - Libcurl will reuse connections
LogInit:  - MaxHostConnections = 16  - Libcurl will limit the number of connections to a host
LogInit:  - LocalHostAddr = Default
LogInit:  - BufferSize = 65536
LogOnline: OSS: Creating online subsystem instance for: NULL
LogInit: WinSock: version 1.1 (2.2), MaxSocks=32767, MaxUdp=65467
LogInit: Build: ++UE4+Release-4.23-CL-9631420
LogInit: Engine Version: 4.23.1-9631420+++UE4+Release-4.23
LogInit: Compatible Engine Version: 4.23.0-8386587+++UE4+Release-4.23
LogInit: Net CL: 8386587
LogInit: OS: Windows 10 (Release 1903) (), CPU: AMD A6-9225 RADEON R4, 5 COMPUTE CORES 2C+3G   , GPU: AMD Radeon(TM) R4 Graphics
LogInit: Compiled (64-bit): Oct 18 2019 02:07:44
LogInit: Compiled with Visual C++: 19.16.27030.01
LogInit: Build Configuration: Development
LogInit: Branch Name: ++UE4+Release-4.23
LogInit: Command Line: 
LogInit: Base Directory: C:/Program Files/Epic Games/UE_4.23/Engine/Binaries/Win64/
LogInit: Installed Engine Build: 1
LogDevObjectVersion: Number of dev versions registered: 23
LogDevObjectVersion:   Dev-Blueprints (B0D832E4-1F89-4F0D-ACCF-7EB736FD4AA2): 10
LogDevObjectVersion:   Dev-Build (E1C64328-A22C-4D53-A36C-8E866417BD8C): 0
LogDevObjectVersion:   Dev-Core (375EC13C-06E4-48FB-B500-84F0262A717E): 3
LogDevObjectVersion:   Dev-Editor (E4B068ED-F494-42E9-A231-DA0B2E46BB41): 34
LogDevObjectVersion:   Dev-Framework (CFFC743F-43B0-4480-9391-14DF171D2073): 35
LogDevObjectVersion:   Dev-Mobile (B02B49B5-BB20-44E9-A304-32B752E40360): 2
LogDevObjectVersion:   Dev-Networking (A4E4105C-59A1-49B5-A7C5-40C4547EDFEE): 0
LogDevObjectVersion:   Dev-Online (39C831C9-5AE6-47DC-9A44-9C173E1C8E7C): 0
LogDevObjectVersion:   Dev-Physics (78F01B33-EBEA-4F98-B9B4-84EACCB95AA2): 0
LogDevObjectVersion:   Dev-Platform (6631380F-2D4D-43E0-8009-CF276956A95A): 0
LogDevObjectVersion:   Dev-Rendering (12F88B9F-8875-4AFC-A67C-D90C383ABD29): 31
LogDevObjectVersion:   Dev-Sequencer (7B5AE74C-D270-4C10-A958-57980B212A5A): 11
LogDevObjectVersion:   Dev-VR (D7296918-1DD6-4BDD-9DE2-64A83CC13884): 2
LogDevObjectVersion:   Dev-LoadTimes (C2A15278-BFE7-4AFE-6C17-90FF531DF755): 1
LogDevObjectVersion:   Private-Geometry (6EACA3D4-40EC-4CC1-B786-8BED09428FC5): 3
LogDevObjectVersion:   Dev-AnimPhys (29E575DD-E0A3-4627-9D10-D276232CDCEA): 17
LogDevObjectVersion:   Dev-Anim (AF43A65D-7FD3-4947-9873-3E8ED9C1BB05): 2
LogDevObjectVersion:   Dev-ReflectionCapture (6B266CEC-1EC7-4B8F-A30B-E4D90942FC07): 1
LogDevObjectVersion:   Dev-Automation (0DF73D61-A23F-47EA-B727-89E90C41499A): 1
LogDevObjectVersion:   FortniteMain (601D1886-AC64-4F84-AA16-D3DE0DEAC7D6): 27
LogDevObjectVersion:   Dev-Enterprise (9DFFBCD6-494F-0158-E221-12823C92A888): 6
LogDevObjectVersion:   Dev-Niagara (F2AED0AC-9AFE-416F-8664-AA7FFA26D6FC): 1
LogDevObjectVersion:   Dev-Destruction (174F1F0B-B4C6-45A5-B13F-2EE8D0FB917D): 9
LogInit: Presizing for max 16777216 objects, including 0 objects not considered by GC, pre-allocating 0 bytes for permanent pool.
LogInit: Object subsystem initialized
LogConfig: Setting CVar [[con.DebugEarlyDefault:1]]
LogConfig: Setting CVar [[r.setres:1280x720]]
[2020.04.20-16.24.43:136][  0]LogConfig: Setting CVar [[r.VSync:0]]
[2020.04.20-16.24.43:137][  0]LogConfig: Setting CVar [[r.RHICmdBypass:0]]
[2020.04.20-16.24.43:137][  0]LogConfig: Applying CVar settings from Section [/Script/Engine.RendererSettings] File [C:/Users/Kalin/Documents/GitHub/Mazerator/Saved/Config/Windows/Engine.ini]
[2020.04.20-16.24.43:137][  0]LogConfig: Setting CVar [[r.GPUCrashDebugging:0]]
[2020.04.20-16.24.43:137][  0]LogConfig: Applying CVar settings from Section [/Script/Engine.RendererOverrideSettings] File [C:/Users/Kalin/Documents/GitHub/Mazerator/Saved/Config/Windows/Engine.ini]
[2020.04.20-16.24.43:137][  0]LogConfig: Applying CVar settings from Section [/Script/Engine.StreamingSettings] File [C:/Users/Kalin/Documents/GitHub/Mazerator/Saved/Config/Windows/Engine.ini]
[2020.04.20-16.24.43:137][  0]LogConfig: Setting CVar [[s.MinBulkDataSizeForAsyncLoading:131072]]
[2020.04.20-16.24.43:137][  0]LogConfig: Setting CVar [[s.AsyncLoadingThreadEnabled:0]]
[2020.04.20-16.24.43:137][  0]LogConfig: Setting CVar [[s.EventDrivenLoaderEnabled:1]]
[2020.04.20-16.24.43:137][  0]LogConfig: Setting CVar [[s.WarnIfTimeLimitExceeded:0]]
[2020.04.20-16.24.43:137][  0]LogConfig: Setting CVar [[s.TimeLimitExceededMultiplier:1.5]]
[2020.04.20-16.24.43:137][  0]LogConfig: Setting CVar [[s.TimeLimitExceededMinTime:0.005]]
[2020.04.20-16.24.43:137][  0]LogConfig: Setting CVar [[s.UseBackgroundLevelStreaming:1]]
[2020.04.20-16.24.43:137][  0]LogConfig: Setting CVar [[s.PriorityAsyncLoadingExtraTime:15.0]]
[2020.04.20-16.24.43:137][  0]LogConfig: Setting CVar [[s.LevelStreamingActorsUpdateTimeLimit:5.0]]
[2020.04.20-16.24.43:137][  0]LogConfig: Setting CVar [[s.PriorityLevelStreamingActorsUpdateExtraTime:5.0]]
[2020.04.20-16.24.43:137][  0]LogConfig: Setting CVar [[s.LevelStreamingComponentsRegistrationGranularity:10]]
[2020.04.20-16.24.43:137][  0]LogConfig: Setting CVar [[s.UnregisterComponentsTimeLimit:1.0]]
[2020.04.20-16.24.43:137][  0]LogConfig: Setting CVar [[s.LevelStreamingComponentsUnregistrationGranularity:5]]
[2020.04.20-16.24.43:137][  0]LogConfig: Applying CVar settings from Section [/Script/Engine.GarbageCollectionSettings] File [C:/Users/Kalin/Documents/GitHub/Mazerator/Saved/Config/Windows/Engine.ini]
[2020.04.20-16.24.43:137][  0]LogConfig: Setting CVar [[gc.MaxObjectsNotConsideredByGC:1]]
[2020.04.20-16.24.43:137][  0]LogConfig: Setting CVar [[gc.SizeOfPermanentObjectPool:0]]
[2020.04.20-16.24.43:138][  0]LogConfig: Setting CVar [[gc.FlushStreamingOnGC:0]]
[2020.04.20-16.24.43:138][  0]LogConfig: Setting CVar [[gc.NumRetriesBeforeForcingGC:10]]
[2020.04.20-16.24.43:138][  0]LogConfig: Setting CVar [[gc.AllowParallelGC:1]]
[2020.04.20-16.24.43:138][  0]LogConfig: Setting CVar [[gc.TimeBetweenPurgingPendingKillObjects:61.1]]
[2020.04.20-16.24.43:138][  0]LogConfig: Setting CVar [[gc.MaxObjectsInEditor:16777216]]
[2020.04.20-16.24.43:138][  0]LogConfig: Setting CVar [[gc.IncrementalBeginDestroyEnabled:1]]
[2020.04.20-16.24.43:138][  0]LogConfig: Setting CVar [[gc.CreateGCClusters:1]]
[2020.04.20-16.24.43:138][  0]LogConfig: Setting CVar [[gc.MinGCClusterSize:5]]
[2020.04.20-16.24.43:138][  0]LogConfig: Setting CVar [[gc.ActorClusteringEnabled:0]]
[2020.04.20-16.24.43:138][  0]LogConfig: Setting CVar [[gc.BlueprintClusteringEnabled:0]]
[2020.04.20-16.24.43:138][  0]LogConfig: Setting CVar [[gc.UseDisregardForGCOnDedicatedServers:0]]
[2020.04.20-16.24.43:138][  0]LogConfig: Applying CVar settings from Section [/Script/Engine.NetworkSettings] File [C:/Users/Kalin/Documents/GitHub/Mazerator/Saved/Config/Windows/Engine.ini]
[2020.04.20-16.24.43:138][  0]LogConfig: Applying CVar settings from Section [/Script/UnrealEd.CookerSettings] File [C:/Users/Kalin/Documents/GitHub/Mazerator/Saved/Config/Windows/Engine.ini]
[2020.04.20-16.24.43:249][  0]LogConfig: Applying CVar settings from Section [ViewDistanceQuality@3] File [C:/Users/Kalin/Documents/GitHub/Mazerator/Saved/Config/Windows/Scalability.ini]
[2020.04.20-16.24.43:249][  0]LogConfig: Setting CVar [[r.SkeletalMeshLODBias:0]]
[2020.04.20-16.24.43:249][  0]LogConfig: Setting CVar [[r.ViewDistanceScale:1.0]]
[2020.04.20-16.24.43:250][  0]LogConfig: Applying CVar settings from Section [AntiAliasingQuality@3] File [C:/Users/Kalin/Documents/GitHub/Mazerator/Saved/Config/Windows/Scalability.ini]
[2020.04.20-16.24.43:250][  0]LogConfig: Setting CVar [[r.PostProcessAAQuality:4]]
[2020.04.20-16.24.43:250][  0]LogConfig: Applying CVar settings from Section [ShadowQuality@3] File [C:/Users/Kalin/Documents/GitHub/Mazerator/Saved/Config/Windows/Scalability.ini]
[2020.04.20-16.24.43:250][  0]LogConfig: Setting CVar [[r.LightFunctionQuality:1]]
[2020.04.20-16.24.43:250][  0]LogConfig: Setting CVar [[r.ShadowQuality:5]]
[2020.04.20-16.24.43:250][  0]LogConfig: Setting CVar [[r.Shadow.CSM.MaxCascades:10]]
[2020.04.20-16.24.43:250][  0]LogConfig: Setting CVar [[r.Shadow.MaxResolution:2048]]
[2020.04.20-16.24.43:250][  0]LogConfig: Setting CVar [[r.Shadow.MaxCSMResolution:2048]]
[2020.04.20-16.24.43:250][  0]LogConfig: Setting CVar [[r.Shadow.RadiusThreshold:0.01]]
[2020.04.20-16.24.43:250][  0]LogConfig: Setting CVar [[r.Shadow.DistanceScale:1.0]]
[2020.04.20-16.24.43:250][  0]LogConfig: Setting CVar [[r.Shadow.CSM.TransitionScale:1.0]]
[2020.04.20-16.24.43:250][  0]LogConfig: Setting CVar [[r.Shadow.PreShadowResolutionFactor:1.0]]
[2020.04.20-16.24.43:250][  0]LogConfig: Setting CVar [[r.DistanceFieldShadowing:1]]
[2020.04.20-16.24.43:250][  0]LogConfig: Setting CVar [[r.DistanceFieldAO:1]]
[2020.04.20-16.24.43:250][  0]LogConfig: Setting CVar [[r.AOQuality:2]]
[2020.04.20-16.24.43:250][  0]LogConfig: Setting CVar [[r.VolumetricFog:1]]
[2020.04.20-16.24.43:250][  0]LogConfig: Setting CVar [[r.VolumetricFog.GridPixelSize:8]]
[2020.04.20-16.24.43:250][  0]LogConfig: Setting CVar [[r.VolumetricFog.GridSizeZ:128]]
[2020.04.20-16.24.43:250][  0]LogConfig: Setting CVar [[r.VolumetricFog.HistoryMissSupersampleCount:4]]
[2020.04.20-16.24.43:250][  0]LogConfig: Setting CVar [[r.LightMaxDrawDistanceScale:1]]
[2020.04.20-16.24.43:250][  0]LogConfig: Setting CVar [[r.CapsuleShadows:1]]
[2020.04.20-16.24.43:250][  0]LogConfig: Applying CVar settings from Section [PostProcessQuality@3] File [C:/Users/Kalin/Documents/GitHub/Mazerator/Saved/Config/Windows/Scalability.ini]
[2020.04.20-16.24.43:250][  0]LogConfig: Setting CVar [[r.MotionBlurQuality:4]]
[2020.04.20-16.24.43:250][  0]LogConfig: Setting CVar [[r.AmbientOcclusionMipLevelFactor:0.4]]
[2020.04.20-16.24.43:250][  0]LogConfig: Setting CVar [[r.AmbientOcclusionMaxQuality:100]]
[2020.04.20-16.24.43:250][  0]LogConfig: Setting CVar [[r.AmbientOcclusionLevels:-1]]
[2020.04.20-16.24.43:250][  0]LogConfig: Setting CVar [[r.AmbientOcclusionRadiusScale:1.0]]
[2020.04.20-16.24.43:250][  0]LogConfig: Setting CVar [[r.DepthOfFieldQuality:2]]
[2020.04.20-16.24.43:250][  0]LogConfig: Setting CVar [[r.RenderTargetPoolMin:400]]
[2020.04.20-16.24.43:250][  0]LogConfig: Setting CVar [[r.LensFlareQuality:2]]
[2020.04.20-16.24.43:250][  0]LogConfig: Setting CVar [[r.SceneColorFringeQuality:1]]
[2020.04.20-16.24.43:250][  0]LogConfig: Setting CVar [[r.EyeAdaptationQuality:2]]
[2020.04.20-16.24.43:251][  0]LogConfig: Setting CVar [[r.BloomQuality:5]]
[2020.04.20-16.24.43:251][  0]LogConfig: Setting CVar [[r.FastBlurThreshold:100]]
[2020.04.20-16.24.43:251][  0]LogConfig: Setting CVar [[r.Upscale.Quality:3]]
[2020.04.20-16.24.43:251][  0]LogConfig: Setting CVar [[r.Tonemapper.GrainQuantization:1]]
[2020.04.20-16.24.43:251][  0]LogConfig: Setting CVar [[r.LightShaftQuality:1]]
[2020.04.20-16.24.43:251][  0]LogConfig: Setting CVar [[r.Filter.SizeScale:1]]
[2020.04.20-16.24.43:251][  0]LogConfig: Setting CVar [[r.Tonemapper.Quality:5]]
[2020.04.20-16.24.43:251][  0]LogConfig: Setting CVar [[r.DOF.Gather.AccumulatorQuality:1        ; higher gathering accumulator quality]]
[2020.04.20-16.24.43:251][  0]LogConfig: Setting CVar [[r.DOF.Gather.PostfilterMethod:1          ; Median3x3 postfilering method]]
[2020.04.20-16.24.43:251][  0]LogConfig: Setting CVar [[r.DOF.Gather.EnableBokehSettings:0       ; no bokeh simulation when gathering]]
[2020.04.20-16.24.43:251][  0]LogConfig: Setting CVar [[r.DOF.Gather.RingCount:4                 ; medium number of samples when gathering]]
[2020.04.20-16.24.43:251][  0]LogConfig: Setting CVar [[r.DOF.Scatter.ForegroundCompositing:1    ; additive foreground scattering]]
[2020.04.20-16.24.43:251][  0]LogConfig: Setting CVar [[r.DOF.Scatter.BackgroundCompositing:2    ; additive background scattering]]
[2020.04.20-16.24.43:251][  0]LogConfig: Setting CVar [[r.DOF.Scatter.EnableBokehSettings:1      ; bokeh simulation when scattering]]
[2020.04.20-16.24.43:251][  0]LogConfig: Setting CVar [[r.DOF.Scatter.MaxSpriteRatio:0.1         ; only a maximum of 10% of scattered bokeh]]
[2020.04.20-16.24.43:251][  0]LogConfig: Setting CVar [[r.DOF.Recombine.Quality:1                ; cheap slight out of focus]]
[2020.04.20-16.24.43:251][  0]LogConfig: Setting CVar [[r.DOF.Recombine.EnableBokehSettings:0    ; no bokeh simulation on slight out of focus]]
[2020.04.20-16.24.43:251][  0]LogConfig: Setting CVar [[r.DOF.TemporalAAQuality:1                ; more stable temporal accumulation]]
[2020.04.20-16.24.43:251][  0]LogConfig: Setting CVar [[r.DOF.Kernel.MaxForegroundRadius:0.025]]
[2020.04.20-16.24.43:251][  0]LogConfig: Setting CVar [[r.DOF.Kernel.MaxBackgroundRadius:0.025]]
[2020.04.20-16.24.43:251][  0]LogConfig: Applying CVar settings from Section [TextureQuality@3] File [C:/Users/Kalin/Documents/GitHub/Mazerator/Saved/Config/Windows/Scalability.ini]
[2020.04.20-16.24.43:251][  0]LogConfig: Setting CVar [[r.Streaming.MipBias:0]]
[2020.04.20-16.24.43:251][  0]LogConfig: Setting CVar [[r.Streaming.AmortizeCPUToGPUCopy:0]]
[2020.04.20-16.24.43:251][  0]LogConfig: Setting CVar [[r.Streaming.MaxNumTexturesToStreamPerFrame:0]]
[2020.04.20-16.24.43:251][  0]LogConfig: Setting CVar [[r.Streaming.Boost:1]]
[2020.04.20-16.24.43:251][  0]LogConfig: Setting CVar [[r.MaxAnisotropy:8]]
[2020.04.20-16.24.43:251][  0]LogConfig: Setting CVar [[r.Streaming.LimitPoolSizeToVRAM:0]]
[2020.04.20-16.24.43:251][  0]LogConfig: Setting CVar [[r.Streaming.PoolSize:1000]]
[2020.04.20-16.24.43:251][  0]LogConfig: Setting CVar [[r.Streaming.MaxEffectiveScreenSize:0]]
[2020.04.20-16.24.43:251][  0]LogConfig: Applying CVar settings from Section [EffectsQuality@3] File [C:/Users/Kalin/Documents/GitHub/Mazerator/Saved/Config/Windows/Scalability.ini]
[2020.04.20-16.24.43:251][  0]LogConfig: Setting CVar [[r.TranslucencyLightingVolumeDim:64]]
[2020.04.20-16.24.43:251][  0]LogConfig: Setting CVar [[r.RefractionQuality:2]]
[2020.04.20-16.24.43:251][  0]LogConfig: Setting CVar [[r.SSR.Quality:3]]
[2020.04.20-16.24.43:252][  0]LogConfig: Setting CVar [[r.SceneColorFormat:4]]
[2020.04.20-16.24.43:252][  0]LogConfig: Setting CVar [[r.DetailMode:2]]
[2020.04.20-16.24.43:252][  0]LogConfig: Setting CVar [[r.TranslucencyVolumeBlur:1]]
[2020.04.20-16.24.43:252][  0]LogConfig: Setting CVar [[r.MaterialQualityLevel:1 ; High quality]]
[2020.04.20-16.24.43:252][  0]LogConfig: Setting CVar [[r.SSS.Scale:1]]
[2020.04.20-16.24.43:252][  0]LogConfig: Setting CVar [[r.SSS.SampleSet:2]]
[2020.04.20-16.24.43:252][  0]LogConfig: Setting CVar [[r.SSS.Quality:1]]
[2020.04.20-16.24.43:252][  0]LogConfig: Setting CVar [[r.SSS.HalfRes:1]]
[2020.04.20-16.24.43:252][  0]LogConfig: Setting CVar [[r.EmitterSpawnRateScale:1.0]]
[2020.04.20-16.24.43:252][  0]LogConfig: Setting CVar [[r.ParticleLightQuality:2]]
[2020.04.20-16.24.43:252][  0]LogConfig: Applying CVar settings from Section [FoliageQuality@3] File [C:/Users/Kalin/Documents/GitHub/Mazerator/Saved/Config/Windows/Scalability.ini]
[2020.04.20-16.24.43:252][  0]LogConfig: Setting CVar [[foliage.DensityScale:1.0]]
[2020.04.20-16.24.43:252][  0]LogConfig: Setting CVar [[grass.DensityScale:1.0]]
[2020.04.20-16.24.43:255][  0]LogInit: Selected Device Profile: [Windows]
[2020.04.20-16.24.43:255][  0]LogInit: Applying CVar settings loaded from the selected device profile: [Windows]
[2020.04.20-16.24.43:271][  0]LogHAL: Display: Platform has ~ 4 GB [4175093760 / 4294967296 / 4], which maps to Smallest [LargestMinGB=32, LargerMinGB=12, DefaultMinGB=8, SmallerMinGB=6, SmallestMinGB=0)
[2020.04.20-16.24.43:271][  0]LogInit: Going up to parent DeviceProfile []
[2020.04.20-16.24.43:271][  0]LogConfig: Applying CVar settings from Section [ViewDistanceQuality@0] File [C:/Users/Kalin/Documents/GitHub/Mazerator/Saved/Config/Windows/Scalability.ini]
[2020.04.20-16.24.43:271][  0]LogConfig: Setting CVar [[r.SkeletalMeshLODBias:2]]
[2020.04.20-16.24.43:271][  0]LogConfig: Setting CVar [[r.ViewDistanceScale:0.4]]
[2020.04.20-16.24.43:271][  0]LogConfig: Applying CVar settings from Section [AntiAliasingQuality@0] File [C:/Users/Kalin/Documents/GitHub/Mazerator/Saved/Config/Windows/Scalability.ini]
[2020.04.20-16.24.43:272][  0]LogConfig: Setting CVar [[r.PostProcessAAQuality:0]]
[2020.04.20-16.24.43:272][  0]LogConfig: Applying CVar settings from Section [ShadowQuality@0] File [C:/Users/Kalin/Documents/GitHub/Mazerator/Saved/Config/Windows/Scalability.ini]
[2020.04.20-16.24.43:272][  0]LogConfig: Setting CVar [[r.LightFunctionQuality:0]]
[2020.04.20-16.24.43:272][  0]LogConfig: Setting CVar [[r.ShadowQuality:0]]
[2020.04.20-16.24.43:272][  0]LogConfig: Setting CVar [[r.Shadow.CSM.MaxCascades:1]]
[2020.04.20-16.24.43:272][  0]LogConfig: Setting CVar [[r.Shadow.MaxResolution:512]]
[2020.04.20-16.24.43:272][  0]LogConfig: Setting CVar [[r.Shadow.MaxCSMResolution:512]]
[2020.04.20-16.24.43:272][  0]LogConfig: Setting CVar [[r.Shadow.RadiusThreshold:0.06]]
[2020.04.20-16.24.43:272][  0]LogConfig: Setting CVar [[r.Shadow.DistanceScale:0.6]]
[2020.04.20-16.24.43:272][  0]LogConfig: Setting CVar [[r.Shadow.CSM.TransitionScale:0]]
[2020.04.20-16.24.43:272][  0]LogConfig: Setting CVar [[r.Shadow.PreShadowResolutionFactor:0.5]]
[2020.04.20-16.24.43:272][  0]LogConfig: Setting CVar [[r.DistanceFieldShadowing:0]]
[2020.04.20-16.24.43:272][  0]LogConfig: Setting CVar [[r.DistanceFieldAO:0]]
[2020.04.20-16.24.43:272][  0]LogConfig: Setting CVar [[r.VolumetricFog:0]]
[2020.04.20-16.24.43:272][  0]LogConfig: Setting CVar [[r.LightMaxDrawDistanceScale:0]]
[2020.04.20-16.24.43:272][  0]LogConfig: Setting CVar [[r.CapsuleShadows:0]]
[2020.04.20-16.24.43:272][  0]LogConfig: Applying CVar settings from Section [PostProcessQuality@0] File [C:/Users/Kalin/Documents/GitHub/Mazerator/Saved/Config/Windows/Scalability.ini]
[2020.04.20-16.24.43:272][  0]LogConfig: Setting CVar [[r.MotionBlurQuality:0]]
[2020.04.20-16.24.43:272][  0]LogConfig: Setting CVar [[r.AmbientOcclusionMipLevelFactor:1.0]]
[2020.04.20-16.24.43:272][  0]LogConfig: Setting CVar [[r.AmbientOcclusionMaxQuality:0]]
[2020.04.20-16.24.43:272][  0]LogConfig: Setting CVar [[r.AmbientOcclusionLevels:0]]
[2020.04.20-16.24.43:272][  0]LogConfig: Setting CVar [[r.AmbientOcclusionRadiusScale:1.2]]
[2020.04.20-16.24.43:272][  0]LogConfig: Setting CVar [[r.DepthOfFieldQuality:0]]
[2020.04.20-16.24.43:272][  0]LogConfig: Setting CVar [[r.RenderTargetPoolMin:300]]
[2020.04.20-16.24.43:272][  0]LogConfig: Setting CVar [[r.LensFlareQuality:0]]
[2020.04.20-16.24.43:273][  0]LogConfig: Setting CVar [[r.SceneColorFringeQuality:0]]
[2020.04.20-16.24.43:273][  0]LogConfig: Setting CVar [[r.EyeAdaptationQuality:0]]
[2020.04.20-16.24.43:273][  0]LogConfig: Setting CVar [[r.BloomQuality:4]]
[2020.04.20-16.24.43:273][  0]LogConfig: Setting CVar [[r.FastBlurThreshold:0]]
[2020.04.20-16.24.43:273][  0]LogConfig: Setting CVar [[r.Upscale.Quality:1]]
[2020.04.20-16.24.43:273][  0]LogConfig: Setting CVar [[r.Tonemapper.GrainQuantization:0]]
[2020.04.20-16.24.43:273][  0]LogConfig: Setting CVar [[r.LightShaftQuality:0]]
[2020.04.20-16.24.43:273][  0]LogConfig: Setting CVar [[r.Filter.SizeScale:0.6]]
[2020.04.20-16.24.43:274][  0]LogConfig: Setting CVar [[r.Tonemapper.Quality:0]]
[2020.04.20-16.24.43:274][  0]LogConfig: Applying CVar settings from Section [TextureQuality@0] File [C:/Users/Kalin/Documents/GitHub/Mazerator/Saved/Config/Windows/Scalability.ini]
[2020.04.20-16.24.43:274][  0]LogConfig: Setting CVar [[r.Streaming.MipBias:16]]
[2020.04.20-16.24.43:274][  0]LogConfig: Setting CVar [[r.Streaming.AmortizeCPUToGPUCopy:1]]
[2020.04.20-16.24.43:274][  0]LogConfig: Setting CVar [[r.Streaming.MaxNumTexturesToStreamPerFrame:1]]
[2020.04.20-16.24.43:274][  0]LogConfig: Setting CVar [[r.Streaming.Boost:0.3]]
[2020.04.20-16.24.43:274][  0]LogConfig: Setting CVar [[r.MaxAnisotropy:0]]
[2020.04.20-16.24.43:275][  0]LogConfig: Setting CVar [[r.Streaming.LimitPoolSizeToVRAM:1]]
[2020.04.20-16.24.43:275][  0]LogConfig: Setting CVar [[r.Streaming.PoolSize:400]]
[2020.04.20-16.24.43:275][  0]LogConfig: Setting CVar [[r.Streaming.MaxEffectiveScreenSize:0]]
[2020.04.20-16.24.43:275][  0]LogConfig: Applying CVar settings from Section [EffectsQuality@3] File [C:/Users/Kalin/Documents/GitHub/Mazerator/Saved/Config/Windows/Scalability.ini]
[2020.04.20-16.24.43:275][  0]LogConfig: Setting CVar [[r.TranslucencyLightingVolumeDim:64]]
[2020.04.20-16.24.43:275][  0]LogConfig: Setting CVar [[r.RefractionQuality:2]]
[2020.04.20-16.24.43:275][  0]LogConfig: Setting CVar [[r.SSR.Quality:3]]
[2020.04.20-16.24.43:275][  0]LogConfig: Setting CVar [[r.SceneColorFormat:4]]
[2020.04.20-16.24.43:275][  0]LogConfig: Setting CVar [[r.DetailMode:2]]
[2020.04.20-16.24.43:275][  0]LogConfig: Setting CVar [[r.TranslucencyVolumeBlur:1]]
[2020.04.20-16.24.43:275][  0]LogConfig: Setting CVar [[r.MaterialQualityLevel:1 ; High quality]]
[2020.04.20-16.24.43:275][  0]LogConfig: Setting CVar [[r.SSS.Scale:1]]
[2020.04.20-16.24.43:275][  0]LogConfig: Setting CVar [[r.SSS.SampleSet:2]]
[2020.04.20-16.24.43:275][  0]LogConfig: Setting CVar [[r.SSS.Quality:1]]
[2020.04.20-16.24.43:275][  0]LogConfig: Setting CVar [[r.SSS.HalfRes:1]]
[2020.04.20-16.24.43:275][  0]LogConfig: Setting CVar [[r.EmitterSpawnRateScale:1.0]]
[2020.04.20-16.24.43:275][  0]LogConfig: Setting CVar [[r.ParticleLightQuality:2]]
[2020.04.20-16.24.43:275][  0]LogConfig: Applying CVar settings from Section [FoliageQuality@0] File [C:/Users/Kalin/Documents/GitHub/Mazerator/Saved/Config/Windows/Scalability.ini]
[2020.04.20-16.24.43:275][  0]LogConfig: Setting CVar [[foliage.DensityScale:0]]
[2020.04.20-16.24.43:276][  0]LogConfig: Setting CVar [[grass.DensityScale:0]]
[2020.04.20-16.24.43:276][  0]LogConfig: Applying CVar settings from Section [Startup] File [../../../Engine/Config/ConsoleVariables.ini]
[2020.04.20-16.24.43:278][  0]LogConfig: Setting CVar [[net.UseAdaptiveNetUpdateFrequency:0]]
[2020.04.20-16.24.43:278][  0]LogConfig: Setting CVar [[p.chaos.AllowCreatePhysxBodies:1]]
[2020.04.20-16.24.43:278][  0]LogConfig: Applying CVar settings from Section [ConsoleVariables] File [C:/Users/Kalin/Documents/GitHub/Mazerator/Saved/Config/Windows/Engine.ini]
[2020.04.20-16.24.43:282][  0]LogInit: Computer: LAPTOP-70F41ERQ
[2020.04.20-16.24.43:282][  0]LogInit: User: Kalin
[2020.04.20-16.24.43:283][  0]LogInit: CPU Page size=4096, Cores=2
[2020.04.20-16.24.43:283][  0]LogInit: High frequency timer resolution =10.000000 MHz
[2020.04.20-16.24.43:284][  0]LogMemory: Memory total: Physical=3.9GB (4GB approx)
[2020.04.20-16.24.43:284][  0]LogMemory: Platform Memory Stats for Windows
[2020.04.20-16.24.43:284][  0]LogMemory: Process Physical Memory: 100.46 MB used, 100.47 MB peak
[2020.04.20-16.24.43:284][  0]LogMemory: Process Virtual Memory: 99.91 MB used, 99.91 MB peak
[2020.04.20-16.24.43:284][  0]LogMemory: Physical Memory: 3523.39 MB used,  458.29 MB free, 3981.68 MB total
[2020.04.20-16.24.43:284][  0]LogMemory: Virtual Memory: 4651.38 MB used,  134213080.00 MB free, 134217728.00 MB total
[2020.04.20-16.24.43:297][  0]LogWindows: WindowsPlatformFeatures enabled
[2020.04.20-16.24.44:989][  0]LogInit: Using OS detected language (en-GB).
[2020.04.20-16.24.44:989][  0]LogInit: Using OS detected locale (en-GB).
[2020.04.20-16.24.45:003][  0]LogTextLocalizationManager: No specific localization for 'en-GB' exists, so the 'en' localization will be used.
[2020.04.20-16.24.49:006][  0]LogInit: Setting process to per monitor DPI aware
[2020.04.20-16.24.50:019][  0]LogSlate: New Slate User Created.  User Index 0, Is Virtual User: 0
[2020.04.20-16.24.50:019][  0]LogSlate: Slate User Registered.  User Index 0, Is Virtual User: 0
[2020.04.20-16.24.52:602][  0]LogHMD: Failed to initialize OpenVR with code 110
[2020.04.20-16.24.52:603][  0]LogD3D11RHI: D3D11 adapters:
[2020.04.20-16.24.54:819][  0]LogD3D11RHI:    0. 'AMD Radeon(TM) R4 Graphics' (Feature Level 11_0)
[2020.04.20-16.24.54:819][  0]LogD3D11RHI:       64/0/1990 MB DedicatedVideo/DedicatedSystem/SharedSystem, Outputs:1, VendorId:0x1002
[2020.04.20-16.24.55:077][  0]LogD3D11RHI:    1. 'Microsoft Basic Render Driver' (Feature Level 11_0)
[2020.04.20-16.24.55:077][  0]LogD3D11RHI:       0/0/1990 MB DedicatedVideo/DedicatedSystem/SharedSystem, Outputs:0, VendorId:0x1414
[2020.04.20-16.24.55:077][  0]LogD3D11RHI: Chosen D3D11 Adapter: 0
[2020.04.20-16.24.55:105][  0]LogD3D11RHI: Creating new Direct3DDevice
[2020.04.20-16.24.55:106][  0]LogD3D11RHI:     GPU DeviceId: 0x98e4 (for the marketing name, search the web for "GPU Device Id")
[2020.04.20-16.24.55:107][  0]LogWindows: EnumDisplayDevices:
[2020.04.20-16.24.55:192][  0]LogWindows:    0. 'AMD Radeon(TM) R4 Graphics' (P:1 D:1)
[2020.04.20-16.24.55:193][  0]LogWindows:    1. 'AMD Radeon(TM) R4 Graphics' (P:0 D:0)
[2020.04.20-16.24.55:194][  0]LogWindows:    2. 'AMD Radeon(TM) R4 Graphics' (P:0 D:0)
[2020.04.20-16.24.55:196][  0]LogWindows:    3. 'AMD Radeon(TM) R4 Graphics' (P:0 D:0)
[2020.04.20-16.24.55:196][  0]LogWindows: DebugString: FoundDriverCount:4 
[2020.04.20-16.24.55:196][  0]LogD3D11RHI:     Adapter Name: AMD Radeon(TM) R4 Graphics
[2020.04.20-16.24.55:198][  0]LogD3D11RHI:   Driver Version: Adrenalin 19.10.08.01 (internal:26.20.11008.1007, unified:26.20.11008.1007)
[2020.04.20-16.24.55:198][  0]LogD3D11RHI:      Driver Date: 5-4-2019
[2020.04.20-16.24.55:198][  0]LogRHI: Texture pool is 696 MB (70% of 995 MB)
[2020.04.20-16.24.57:433][  0]LogD3D11RHI: Async texture creation enabled
[2020.04.20-16.24.57:554][  0]LogD3D11RHI: GPU Timing Frequency: 100.000000 (Debug: 2 1)
[2020.04.20-16.25.02:661][  0]LogTemp: Display: Module 'AllDesktopTargetPlatform' loaded TargetPlatform 'AllDesktop'
[2020.04.20-16.25.02:831][  0]LogTemp: Display: Module 'MacClientTargetPlatform' loaded TargetPlatform 'MacClient'
[2020.04.20-16.25.02:865][  0]LogTemp: Display: Module 'MacNoEditorTargetPlatform' loaded TargetPlatform 'MacNoEditor'
[2020.04.20-16.25.02:903][  0]LogTemp: Display: Module 'MacServerTargetPlatform' loaded TargetPlatform 'MacServer'
[2020.04.20-16.25.02:940][  0]LogTemp: Display: Module 'MacTargetPlatform' loaded TargetPlatform 'Mac'
[2020.04.20-16.25.02:970][  0]LogTemp: Display: Module 'WindowsClientTargetPlatform' loaded TargetPlatform 'WindowsClient'
[2020.04.20-16.25.03:001][  0]LogTemp: Display: Module 'WindowsNoEditorTargetPlatform' loaded TargetPlatform 'WindowsNoEditor'
[2020.04.20-16.25.03:035][  0]LogTemp: Display: Module 'WindowsServerTargetPlatform' loaded TargetPlatform 'WindowsServer'
[2020.04.20-16.25.03:052][  0]LogTemp: Display: Module 'WindowsTargetPlatform' loaded TargetPlatform 'Windows'
[2020.04.20-16.25.03:158][  0]LogTemp: Display: Module 'AndroidTargetPlatform' loaded TargetPlatform 'Android'
[2020.04.20-16.25.03:158][  0]LogTemp: Display: Module 'AndroidTargetPlatform' loaded TargetPlatform 'Android_ASTC'
[2020.04.20-16.25.03:158][  0]LogTemp: Display: Module 'AndroidTargetPlatform' loaded TargetPlatform 'Android_ATC'
[2020.04.20-16.25.03:159][  0]LogTemp: Display: Module 'AndroidTargetPlatform' loaded TargetPlatform 'Android_DXT'
[2020.04.20-16.25.03:159][  0]LogTemp: Display: Module 'AndroidTargetPlatform' loaded TargetPlatform 'Android_ETC1'
[2020.04.20-16.25.03:159][  0]LogTemp: Display: Module 'AndroidTargetPlatform' loaded TargetPlatform 'Android_ETC1a'
[2020.04.20-16.25.03:159][  0]LogTemp: Display: Module 'AndroidTargetPlatform' loaded TargetPlatform 'Android_ETC2'
[2020.04.20-16.25.03:159][  0]LogTemp: Display: Module 'AndroidTargetPlatform' loaded TargetPlatform 'Android_PVRTC'
[2020.04.20-16.25.03:159][  0]LogTemp: Display: Module 'AndroidTargetPlatform' loaded TargetPlatform 'AndroidClient'
[2020.04.20-16.25.03:159][  0]LogTemp: Display: Module 'AndroidTargetPlatform' loaded TargetPlatform 'Android_ASTCClient'
[2020.04.20-16.25.03:159][  0]LogTemp: Display: Module 'AndroidTargetPlatform' loaded TargetPlatform 'Android_ATCClient'
[2020.04.20-16.25.03:159][  0]LogTemp: Display: Module 'AndroidTargetPlatform' loaded TargetPlatform 'Android_DXTClient'
[2020.04.20-16.25.03:159][  0]LogTemp: Display: Module 'AndroidTargetPlatform' loaded TargetPlatform 'Android_ETC1Client'
[2020.04.20-16.25.03:159][  0]LogTemp: Display: Module 'AndroidTargetPlatform' loaded TargetPlatform 'Android_ETC1aClient'
[2020.04.20-16.25.03:159][  0]LogTemp: Display: Module 'AndroidTargetPlatform' loaded TargetPlatform 'Android_ETC2Client'
[2020.04.20-16.25.03:159][  0]LogTemp: Display: Module 'AndroidTargetPlatform' loaded TargetPlatform 'Android_PVRTCClient'
[2020.04.20-16.25.03:159][  0]LogTemp: Display: Module 'AndroidTargetPlatform' loaded TargetPlatform 'Android_Multi'
[2020.04.20-16.25.03:159][  0]LogTemp: Display: Module 'AndroidTargetPlatform' loaded TargetPlatform 'Android_MultiClient'
[2020.04.20-16.25.03:174][  0]LogTemp: Display: Module 'HTML5TargetPlatform' loaded TargetPlatform 'HTML5'
[2020.04.20-16.25.03:364][  0]LogTemp: Display: Module 'IOSTargetPlatform' loaded TargetPlatform 'IOSClient'
[2020.04.20-16.25.03:364][  0]LogTemp: Display: Module 'IOSTargetPlatform' loaded TargetPlatform 'IOS'
[2020.04.20-16.25.03:408][  0]LogTemp: Display: Module 'TVOSTargetPlatform' loaded TargetPlatform 'TVOSClient'
[2020.04.20-16.25.03:408][  0]LogTemp: Display: Module 'TVOSTargetPlatform' loaded TargetPlatform 'TVOS'
[2020.04.20-16.25.03:444][  0]LogTemp: Display: Module 'LinuxClientTargetPlatform' loaded TargetPlatform 'LinuxClient'
[2020.04.20-16.25.03:475][  0]LogTemp: Display: Module 'LinuxNoEditorTargetPlatform' loaded TargetPlatform 'LinuxNoEditor'
[2020.04.20-16.25.03:500][  0]LogTemp: Display: Module 'LinuxServerTargetPlatform' loaded TargetPlatform 'LinuxServer'
[2020.04.20-16.25.03:532][  0]LogTemp: Display: Module 'LinuxTargetPlatform' loaded TargetPlatform 'Linux'
[2020.04.20-16.25.03:614][  0]LogTemp: Display: Module 'LuminTargetPlatform' loaded TargetPlatform 'Lumin'
[2020.04.20-16.25.03:614][  0]LogTemp: Display: Module 'LuminTargetPlatform' loaded TargetPlatform 'LuminClient'
[2020.04.20-16.25.03:614][  0]LogTargetPlatformManager: Display: Building Assets For Windows
[2020.04.20-16.25.03:694][  0]LogAudioDebug: Display: Lib vorbis DLL was dynamically loaded.
[2020.04.20-16.25.05:065][  0]LogShaderCompilers: Guid format shader working directory is -11 characters bigger than the processId version (../../../../../../Users/Kalin/Documents/GitHub/Mazerator/Intermediate/Shaders/WorkingDirectory/10352/).
[2020.04.20-16.25.05:108][  0]LogShaderCompilers: Cleaned the shader compiler working directory 'C:/Users/Kalin/AppData/Local/Temp/UnrealShaderWorkingDir/96E376AC4105CDED0B57D38294D41621/'.
[2020.04.20-16.25.05:362][  0]LogXGEController: Cannot use XGE Controller as Incredibuild is not installed on this machine.
[2020.04.20-16.25.05:485][  0]LogShaderCompilers: Cannot use XGE Shader Compiler as Incredibuild is not installed on this machine.
[2020.04.20-16.25.05:485][  0]LogShaderCompilers: Display: Using Local Shader Compiler.
[2020.04.20-16.25.08:951][  0]LogDerivedDataCache: Display: Max Cache Size: 512 MB
[2020.04.20-16.25.10:942][  0]LogDerivedDataCache: Loaded boot cache 1.99s 73MB C:/Users/Kalin/AppData/Local/UnrealEngine/4.23/DerivedDataCache/Boot.ddc.
[2020.04.20-16.25.10:942][  0]LogDerivedDataCache: Display: Loaded Boot cache: C:/Users/Kalin/AppData/Local/UnrealEngine/4.23/DerivedDataCache/Boot.ddc
[2020.04.20-16.25.10:942][  0]LogDerivedDataCache: FDerivedDataBackendGraph:  Pak pak cache file ../../../../../../Users/Kalin/Documents/GitHub/Mazerator/DerivedDataCache/DDC.ddp not found, will not use a pak cache.
[2020.04.20-16.25.10:942][  0]LogDerivedDataCache: Unable to find inner node Pak for hierarchical cache Hierarchy.
[2020.04.20-16.25.10:942][  0]LogDerivedDataCache: FDerivedDataBackendGraph:  CompressedPak pak cache file ../../../../../../Users/Kalin/Documents/GitHub/Mazerator/DerivedDataCache/Compressed.ddp not found, will not use a pak cache.
[2020.04.20-16.25.10:943][  0]LogDerivedDataCache: Unable to find inner node CompressedPak for hierarchical cache Hierarchy.
[2020.04.20-16.25.10:984][  0]LogDerivedDataCache: Display: Pak cache opened for reading ../../../Engine/DerivedDataCache/Compressed.ddp.
[2020.04.20-16.25.10:984][  0]LogDerivedDataCache: FDerivedDataBackendGraph:  EnterprisePak pak cache file ../../../Enterprise/DerivedDataCache/Compressed.ddp not found, will not use a pak cache.
[2020.04.20-16.25.10:984][  0]LogDerivedDataCache: Unable to find inner node EnterprisePak for hierarchical cache Hierarchy.
[2020.04.20-16.25.17:565][  0]LogDerivedDataCache: Using Local data cache path C:/Users/Kalin/AppData/Local/UnrealEngine/Common/DerivedDataCache: Writable
[2020.04.20-16.25.17:565][  0]LogDerivedDataCache: Shared data cache path not found in *engine.ini, will not use an Shared cache.
[2020.04.20-16.25.17:565][  0]LogDerivedDataCache: Unable to find inner node Shared for hierarchical cache Hierarchy.
[2020.04.20-16.25.17:642][  0]LogMaterial: Verifying Global Shaders for PCD3D_SM5
[2020.04.20-16.25.17:648][  0]LogSlate: Using FreeType 2.6.0
[2020.04.20-16.25.17:655][  0]LogSlate: SlateFontServices - WITH_FREETYPE: 1, WITH_HARFBUZZ: 1
[2020.04.20-16.25.19:321][  0]LogAssetRegistry: FAssetRegistry took 0.1135 seconds to start up
[2020.04.20-16.25.20:863][  0]LogInit: Selected Device Profile: [Windows]
[2020.04.20-16.25.23:039][  0]LogMeshReduction: Using QuadricMeshReduction for automatic static mesh reduction
[2020.04.20-16.25.23:039][  0]LogMeshReduction: Using SimplygonMeshReduction for automatic skeletal mesh reduction
[2020.04.20-16.25.23:039][  0]LogMeshReduction: Using ProxyLODMeshReduction for automatic mesh merging
[2020.04.20-16.25.23:039][  0]LogMeshReduction: No distributed automatic mesh merging module available
[2020.04.20-16.25.23:040][  0]LogMeshMerging: No distributed automatic mesh merging module available
[2020.04.20-16.25.23:155][  0]LogNetVersion: Mazerator 1.0.0, NetCL: 8386587, EngineNetVer: 11, GameNetVer: 0 (Checksum: 3843946635)
[2020.04.20-16.25.28:523][  0]LogPackageLocalizationCache: Processed 12 localized package path(s) for 1 prioritized culture(s) in 0.198952 seconds
[2020.04.20-16.25.28:539][  0]LogUObjectArray: 43444 objects as part of root set at end of initial load.
[2020.04.20-16.25.28:539][  0]LogUObjectAllocator: 7548648 out of 0 bytes used by permanent object pool.
[2020.04.20-16.25.28:539][  0]LogUObjectArray: CloseDisregardForGC: 0/0 objects in disregard for GC pool
[2020.04.20-16.25.38:537][  0]LogTcpMessaging: Initializing TcpMessaging bridge
[2020.04.20-16.25.38:562][  0]LogUdpMessaging: Initializing bridge on interface 0.0.0.0:0 to multicast group 230.0.0.1:6666.
[2020.04.20-16.25.39:185][  0]SourceControl: Source control is disabled
[2020.04.20-16.25.39:185][  0]SourceControl: Source control is disabled
[2020.04.20-16.25.39:403][  0]SourceControl: Source control is disabled
[2020.04.20-16.25.39:413][  0]SourceControl: Source control is disabled
[2020.04.20-16.25.42:219][  0]LogAndroidPermission: UAndroidPermissionCallbackProxy::GetInstance
[2020.04.20-16.25.44:145][  0]LogOcInput: OculusInput pre-init called
[2020.04.20-16.25.44:401][  0]LogWindows: Failed to load 'OVRPlugin.dll' (GetLastError=126)
[2020.04.20-16.25.44:401][  0]LogWindows: File 'OVRPlugin.dll' does not exist
[2020.04.20-16.25.45:726][  0]LogEngine: Initializing Engine...
[2020.04.20-16.25.45:733][  0]LogHMD: Failed to initialize OpenVR with code 110
[2020.04.20-16.25.45:736][  0]LogStats: UGameplayTagsManager::InitializeManager -  0.001 s
[2020.04.20-16.25.48:169][  0]LogInit: Initializing FReadOnlyCVARCache
[2020.04.20-16.25.48:746][  0]LogAIModule: Creating AISystem for world Untitled
[2020.04.20-16.25.49:525][  0]LogInit: XAudio2 using 'Speaker/Headphone (Realtek High Definition Audio)' : 2 channels at 48 kHz using 32 bits per sample (channel mask 0x3)
[2020.04.20-16.25.52:941][  0]LogInit: FAudioDevice initialized.
[2020.04.20-16.25.52:941][  0]LogNetVersion: Set ProjectVersion to 1.0.0.0. Version Checksum will be recalculated on next use.
[2020.04.20-16.25.55:342][  0]LogDerivedDataCache: Saved boot cache 2.40s 73MB C:/Users/Kalin/AppData/Local/UnrealEngine/4.23/DerivedDataCache/Boot.ddc.
[2020.04.20-16.25.59:002][  0]LogInit: Texture streaming: Enabled
[2020.04.20-16.25.59:637][  0]LogEngineSessionManager: EngineSessionManager initialized
[2020.04.20-16.25.59:637][  0]LogEditorSessionSummary: Verbose: Initializing EditorSessionSummaryWriter for editor session tracking
[2020.04.20-16.25.59:867][  0]LogEditorSessionSummary: EditorSessionSummaryWriter initialized
[2020.04.20-16.26.00:458][  0]LogInit: Transaction tracking system initialized
[2020.04.20-16.26.01:801][  0]BlueprintLog: New page: Editor Load
[2020.04.20-16.26.03:880][  0]LocalizationService: Localization service is disabled
[2020.04.20-16.26.11:029][  0]LogFileCache: Scanning file cache for directory 'C:/Users/Kalin/Documents/GitHub/Mazerator/Content/' took 0.04s
[2020.04.20-16.26.11:029][  0]LogCook: Display: Max memory allowance for cook 16384mb min free memory 0mb
[2020.04.20-16.26.11:030][  0]LogCook: Display: Mobile HDR setting 1
[2020.04.20-16.26.16:665][  0]SourceControl: Source control is disabled
[2020.04.20-16.26.16:667][  0]Cmd: MAP LOAD FILE="../../../../../../Users/Kalin/Documents/GitHub/Mazerator/Content/GameContent/Maps/Level1.umap" TEMPLATE=0 SHOWPROGRESS=1 FEATURELEVEL=3
[2020.04.20-16.26.16:675][  0]LightingResults: New page: Lighting Build
[2020.04.20-16.26.16:692][  0]LogWorld: UWorld::CleanupWorld for Untitled, bSessionEnded=true, bCleanupResources=true
[2020.04.20-16.26.16:693][  0]MapCheck: New page: Map Check
[2020.04.20-16.26.16:693][  0]LightingResults: New page: Lighting Build
[2020.04.20-16.26.16:771][  0]LogUObjectHash: Compacting FUObjectHashTables data took   4.59ms
[2020.04.20-16.26.21:439][  0]LogAIModule: Creating AISystem for world Level1
[2020.04.20-16.26.22:816][  0]LogEditorServer: Finished looking for orphan Actors (0.000 secs)
[2020.04.20-16.26.22:961][  0]LogUObjectHash: Compacting FUObjectHashTables data took  27.37ms
[2020.04.20-16.26.22:961][  0]Cmd: MAP CHECKDEP NOCLEARLOG
[2020.04.20-16.26.22:968][  0]MapCheck: Map check complete: 0 Error(s), 0 Warning(s), took 1.249ms to complete.
[2020.04.20-16.26.22:968][  0]LogFileHelpers: Loading map 'Level1' took 6.300
[2020.04.20-16.26.23:224][  0]LogSlate: Updating window title bar state: overlay mode, drag disabled, window buttons hidden, title bar hidden
[2020.04.20-16.26.23:263][  0]LogSlate: Updating window title bar state: overlay mode, drag disabled, window buttons hidden, title bar hidden
[2020.04.20-16.26.23:299][  0]LogSlate: Updating window title bar state: overlay mode, drag disabled, window buttons hidden, title bar hidden
[2020.04.20-16.26.23:332][  0]LogSlate: Updating window title bar state: overlay mode, drag disabled, window buttons hidden, title bar hidden
[2020.04.20-16.26.23:380][  0]LogCollectionManager: Loaded 0 collections in 0.010288 seconds
[2020.04.20-16.26.23:540][  0]LogFileCache: Scanning file cache for directory 'C:/Users/Kalin/Documents/GitHub/Mazerator/Saved/Collections/' took 0.07s
[2020.04.20-16.26.23:541][  0]LogFileCache: Scanning file cache for directory 'C:/Users/Kalin/Documents/GitHub/Mazerator/Content/Developers/Kalin/Collections/' took 0.01s
[2020.04.20-16.26.23:541][  0]LogFileCache: Scanning file cache for directory 'C:/Users/Kalin/Documents/GitHub/Mazerator/Content/Collections/' took 0.01s
[2020.04.20-16.26.23:541][  0]LogCollectionManager: Rebuilt the GUID cache for 0 collections in 0.000004 seconds
[2020.04.20-16.26.23:564][  0]LogContentBrowser: Native class hierarchy populated in 0.0233 seconds. Added 2867 classes and 683 folders.
[2020.04.20-16.26.23:605][  0]LogContentBrowser: Native class hierarchy updated for 'WidgetCarousel' in 0.0007 seconds. Added 0 classes and 0 folders.
[2020.04.20-16.26.24:718][  0]LogContentBrowser: Native class hierarchy updated for 'AddContentDialog' in 0.0008 seconds. Added 0 classes and 0 folders.
[2020.04.20-16.26.25:506][  0]LogContentBrowser: Native class hierarchy updated for 'SceneOutliner' in 0.0007 seconds. Added 1 classes and 2 folders.
[2020.04.20-16.26.25:635][  0]LogSlate: Took 0.020448 seconds to synchronously load lazily loaded font '../../../Engine/Content/Slate/Fonts/Roboto-Regular.ttf' (155K)
[2020.04.20-16.26.25:677][  0]LogSlate: Took 0.037391 seconds to synchronously load lazily loaded font '../../../Engine/Content/Slate/Fonts/Roboto-Bold.ttf' (160K)
[2020.04.20-16.26.25:760][  0]LogSlate: Took 0.063464 seconds to synchronously load lazily loaded font '../../../Engine/Content/Editor/Slate/Fonts/FontAwesome.ttf' (139K)
[2020.04.20-16.26.26:253][  0]LogRenderer: Reallocating scene render targets to support 964x436 Format 10 NumSamples 1 (Frame:1).
[2020.04.20-16.26.28:893][  0]LogContentBrowser: Native class hierarchy updated for 'HierarchicalLODOutliner' in 0.0006 seconds. Added 0 classes and 0 folders.
[2020.04.20-16.26.28:896][  0]LogLoad: (Engine Initialization) Total time: 155.08 seconds
[2020.04.20-16.26.28:896][  0]LogLoad: (Engine Initialization) Total Blueprint compile time: 0.00 seconds
[2020.04.20-16.26.29:207][  0]LogContentStreaming: Texture pool size now 400 MB
[2020.04.20-16.26.29:403][  0]LogSlate: Took 0.017119 seconds to synchronously load lazily loaded font '../../../Engine/Content/Slate/Fonts/Roboto-Light.ttf' (167K)
[2020.04.20-16.26.33:754][ 30]LogAssetRegistry: Asset discovery search completed in 74.5395 seconds
[2020.04.20-16.26.33:771][ 30]LogCollectionManager: Rebuilt the object cache for 0 collections in 0.000010 seconds (found 0 objects)
[2020.04.20-16.26.33:771][ 30]LogCollectionManager: Fixed up redirectors for 0 collections in 0.000149 seconds (updated 0 objects)
[2020.04.20-16.26.36:383][ 36]LogSlate: FSceneViewport::OnFocusLost() reason 5
[2020.04.20-16.26.38:894][ 69]LogSlate: Window 'Plugins' being destroyed
[2020.04.20-16.26.41:410][150]LogSlate: FSceneViewport::OnFocusLost() reason 0
[2020.04.20-16.26.58:996][959]LogDirectoryWatcher: A directory notification for '../../../Engine/Plugins/' was aborted.
[2020.04.20-16.27.16:016][220]LogSlate: Only BGRA pngs, bmps or icos are supported in by External Image Picker
[2020.04.20-16.27.28:984][527]LogEditorSessionSummary: EditorSessionSummary sent report. Type=Shutdown, SessionId={8E2F7F02-4348-0D01-2852-7984FEEC7407}
[2020.04.20-16.27.28:984][527]LogEditorSessionSummary: EditorSessionSummary sent report. Type=Shutdown, SessionId={3F48DE46-49F5-33E0-355E-2B80B6F2C514}
[2020.04.20-16.27.28:984][527]LogEditorSessionSummary: EditorSessionSummary sent report. Type=Shutdown, SessionId={D85CE0E6-4C7A-B0F9-5DD9-08B2A644DD01}
[2020.04.20-16.27.28:984][527]LogEditorSessionSummary: EditorSessionSummary sent report. Type=Shutdown, SessionId={3A7C0BAB-434A-CECD-397E-B2AAB3588894}
[2020.04.20-16.29.05:741][923]LogEditorViewport: Clicking on Actor (LMB): StaticMeshActor (Cube343)
[2020.04.20-16.29.07:306][942]Cmd: EDIT COPY
[2020.04.20-16.29.12:162][ 40]Cmd: TRANSACTION UNDO
[2020.04.20-16.29.12:168][ 40]LogEditorTransaction: Undo Move Actors
[2020.04.20-16.29.12:384][ 40]LogSlate: Took 0.051239 seconds to synchronously load lazily loaded font '../../../Engine/Content/Slate/Fonts/Roboto-Light.ttf' (167K)
[2020.04.20-16.29.13:950][ 74]Cmd: EDIT COPY
[2020.04.20-16.29.14:708][ 87]Cmd: EDIT PASTE
[2020.04.20-16.29.22:387][203]LogEditorViewport: Clicking on Actor (LMB): StaticMeshActor (Cube342)
[2020.04.20-16.29.23:634][228]Cmd: EDIT COPY
[2020.04.20-16.29.24:186][239]Cmd: EDIT PASTE
[2020.04.20-16.29.34:409][460]LogEditorViewport: Clicking on Actor (LMB): StaticMeshActor (Cube344)
[2020.04.20-16.29.35:505][482]Cmd: EDIT COPY
[2020.04.20-16.29.35:881][489]Cmd: EDIT PASTE
[2020.04.20-16.29.45:821][708]Cmd: EDIT COPY
[2020.04.20-16.29.46:212][716]Cmd: EDIT PASTE
[2020.04.20-16.29.51:675][831]Cmd: EDIT COPY
[2020.04.20-16.29.52:155][842]Cmd: EDIT PASTE
[2020.04.20-16.29.59:503][984]Cmd: EDIT COPY
[2020.04.20-16.29.59:515][984]Cmd: EDIT PASTE
[2020.04.20-16.30.11:412][223]Cmd: EDIT COPY
[2020.04.20-16.30.11:704][230]Cmd: EDIT PASTE
[2020.04.20-16.30.17:540][358]Cmd: EDIT COPY
[2020.04.20-16.30.17:877][361]Cmd: EDIT PASTE
[2020.04.20-16.30.29:005][582]LogEditorSessionSummary: EditorSessionSummary sent report. Type=Shutdown, SessionId={CBD9B380-4C00-5725-E323-D9B0C45427FD}
[2020.04.20-16.30.41:462][762]Cmd: EDIT COPY
[2020.04.20-16.30.41:743][769]Cmd: EDIT PASTE
[2020.04.20-16.30.55:284][ 71]Cmd: EDIT COPY
[2020.04.20-16.30.55:710][ 78]Cmd: EDIT PASTE
[2020.04.20-16.31.00:414][183]Cmd: EDIT COPY
[2020.04.20-16.31.00:644][188]Cmd: EDIT PASTE
[2020.04.20-16.31.05:762][295]Cmd: EDIT COPY
[2020.04.20-16.31.05:987][300]Cmd: EDIT PASTE
[2020.04.20-16.31.16:464][532]Cmd: EDIT COPY
[2020.04.20-16.31.16:773][539]Cmd: EDIT PASTE
[2020.04.20-16.31.22:944][675]Cmd: EDIT COPY
[2020.04.20-16.31.23:242][682]Cmd: EDIT PASTE
[2020.04.20-16.31.29:248][810]Cmd: EDIT COPY
[2020.04.20-16.31.29:613][817]Cmd: EDIT PASTE
[2020.04.20-16.31.39:715][ 39]Cmd: EDIT COPY
[2020.04.20-16.31.40:188][ 46]Cmd: EDIT PASTE
[2020.04.20-16.31.47:701][203]Cmd: EDIT COPY
[2020.04.20-16.31.48:038][209]Cmd: EDIT PASTE
[2020.04.20-16.31.54:954][357]Cmd: EDIT COPY
[2020.04.20-16.31.55:253][363]Cmd: EDIT PASTE
[2020.04.20-16.32.10:088][696]Cmd: EDIT COPY
[2020.04.20-16.32.10:365][703]Cmd: EDIT PASTE
[2020.04.20-16.32.15:146][810]Cmd: EDIT COPY
[2020.04.20-16.32.15:351][815]Cmd: EDIT PASTE
[2020.04.20-16.32.22:449][972]Cmd: EDIT COPY
[2020.04.20-16.32.22:741][979]Cmd: EDIT PASTE
[2020.04.20-16.32.32:972][213]Cmd: EDIT COPY
[2020.04.20-16.32.33:253][220]Cmd: EDIT PASTE
[2020.04.20-16.32.38:012][326]Cmd: EDIT COPY
[2020.04.20-16.32.38:303][332]Cmd: EDIT PASTE
[2020.04.20-16.32.44:154][459]Cmd: EDIT COPY
[2020.04.20-16.32.44:740][472]Cmd: EDIT PASTE
[2020.04.20-16.33.30:180][477]Cmd: EDIT COPY
[2020.04.20-16.33.30:492][484]Cmd: EDIT PASTE
[2020.04.20-16.33.37:461][644]Cmd: EDIT COPY
[2020.04.20-16.33.37:920][654]Cmd: EDIT PASTE
[2020.04.20-16.33.47:808][872]Cmd: EDIT COPY
[2020.04.20-16.33.48:143][880]Cmd: EDIT PASTE
[2020.04.20-16.34.09:767][347]Cmd: EDIT COPY
[2020.04.20-16.34.10:092][355]Cmd: EDIT PASTE
[2020.04.20-16.34.17:103][513]Cmd: EDIT COPY
[2020.04.20-16.34.17:522][519]Cmd: EDIT PASTE
[2020.04.20-16.34.24:765][684]Cmd: EDIT COPY
[2020.04.20-16.34.25:128][691]Cmd: EDIT PASTE
[2020.04.20-16.34.38:974][ 14]Cmd: EDIT COPY
[2020.04.20-16.34.39:404][ 24]Cmd: EDIT PASTE
[2020.04.20-16.34.43:986][129]Cmd: EDIT COPY
[2020.04.20-16.34.44:297][137]Cmd: EDIT PASTE
[2020.04.20-16.34.50:318][271]Cmd: EDIT COPY
[2020.04.20-16.34.50:651][279]Cmd: EDIT PASTE
[2020.04.20-16.35.03:714][565]Cmd: EDIT COPY
[2020.04.20-16.35.04:044][572]Cmd: EDIT PASTE
[2020.04.20-16.35.16:020][826]LogSlate: FSceneViewport::OnFocusLost() reason 5
[2020.04.20-16.35.16:274][826]LogUObjectHash: Compacting FUObjectHashTables data took   5.88ms
[2020.04.20-16.35.24:997][826]LogSavePackage: Moving '../../../../../../Users/Kalin/Documents/GitHub/Mazerator/Saved/Level10DDECED344F01B0D851D59BA2F4B1366.tmp' to '../../../../../../Users/Kalin/Documents/GitHub/Mazerator/Content/GameContent/Maps/Level1.umap'
[2020.04.20-16.35.34:324][ 28]LogSlate: FSceneViewport::OnFocusLost() reason 0
[2020.04.20-16.35.37:742][122]LogSlate: FSceneViewport::OnFocusLost() reason 0
[2020.04.20-16.35.42:127][242]LogSlate: FSceneViewport::OnFocusLost() reason 0
[2020.04.20-16.35.49:900][449]LogEditorViewport: Clicking on Actor (LMB): StaticMeshActor (Cube345)
[2020.04.20-16.35.51:565][485]Cmd: EDIT COPY
[2020.04.20-16.35.51:949][494]Cmd: EDIT PASTE
[2020.04.20-16.36.00:241][676]Cmd: EDIT COPY
[2020.04.20-16.36.00:496][682]Cmd: EDIT PASTE
[2020.04.20-16.36.05:054][782]Cmd: EDIT COPY
[2020.04.20-16.36.05:358][789]Cmd: EDIT PASTE
[2020.04.20-16.36.11:734][932]Cmd: EDIT COPY
[2020.04.20-16.36.12:083][940]Cmd: EDIT PASTE
[2020.04.20-16.36.22:854][181]LogSlate: FSceneViewport::OnFocusLost() reason 5
[2020.04.20-16.36.22:975][181]LogUObjectHash: Compacting FUObjectHashTables data took   4.97ms
[2020.04.20-16.36.24:659][181]LogSavePackage: Moving '../../../../../../Users/Kalin/Documents/GitHub/Mazerator/Saved/Level15F5295D3433F01FAFB9932931C1BE1D7.tmp' to '../../../../../../Users/Kalin/Documents/GitHub/Mazerator/Content/GameContent/Maps/Level1.umap'
[2020.04.20-16.37.23:720][553]Cmd: EDIT COPY
[2020.04.20-16.37.24:020][560]Cmd: EDIT PASTE
[2020.04.20-16.37.28:737][657]LogSlate: FSceneViewport::OnFocusLost() reason 0
[2020.04.20-16.37.34:093][765]LogSlate: Prevented a slow task dialog from being summoned while a context menu was open
[2020.04.20-16.37.37:484][765]LogAIModule: Creating AISystem for world Advanced_Lighting
[2020.04.20-16.37.40:677][765]LogStaticMesh: Building static mesh Floor_400x400...
[2020.04.20-16.37.41:212][765]LogStaticMesh: Built static mesh [0.65s] /Game/StarterContent/Architecture/Floor_400x400.Floor_400x400
[2020.04.20-16.37.42:737][765]LogAIModule: Creating AISystem for world Minimal_Default
[2020.04.20-16.37.53:831][765]LogAIModule: Creating AISystem for world StarterMap
[2020.04.20-16.37.53:972][765]LogObjectTools: Deleting 3 worlds: /Game/StarterContent/Maps/Advanced_Lighting.Advanced_Lighting, /Game/StarterContent/Maps/Minimal_Default.Minimal_Default, /Game/StarterContent/Maps/StarterMap.StarterMap
[2020.04.20-16.37.53:972][765]LogObjectTools: Currently 3 active worlds: /Game/GameContent/Maps/Level1.Level1, /Engine/Transient.World_0, /Engine/Transient.World_1
[2020.04.20-16.37.54:087][765]LogUObjectHash: Compacting FUObjectHashTables data took   5.22ms
[2020.04.20-16.38.01:657][765]LogSlate: Window 'Delete Assets' being destroyed
[2020.04.20-16.38.02:584][765]LogUObjectHash: Compacting FUObjectHashTables data took   5.88ms
[2020.04.20-16.38.02:698][765]LogUObjectHash: Compacting FUObjectHashTables data took   1.56ms
[2020.04.20-16.38.02:792][765]LogUObjectHash: Compacting FUObjectHashTables data took   1.38ms
[2020.04.20-16.38.02:869][765]LogUObjectHash: Compacting FUObjectHashTables data took   1.56ms
[2020.04.20-16.38.02:953][765]LogUObjectHash: Compacting FUObjectHashTables data took   1.69ms
[2020.04.20-16.38.03:038][765]LogUObjectHash: Compacting FUObjectHashTables data took   1.69ms
[2020.04.20-16.38.03:126][765]LogUObjectHash: Compacting FUObjectHashTables data took   5.44ms
[2020.04.20-16.38.03:215][765]LogUObjectHash: Compacting FUObjectHashTables data took   2.09ms
[2020.04.20-16.38.20:162][111]Cmd: EDIT COPY
[2020.04.20-16.38.20:491][119]Cmd: EDIT PASTE
[2020.04.20-16.38.27:426][269]Cmd: EDIT COPY
[2020.04.20-16.38.27:756][276]Cmd: EDIT PASTE
[2020.04.20-16.38.32:172][368]Cmd: EDIT COPY
[2020.04.20-16.38.32:555][375]Cmd: EDIT PASTE
[2020.04.20-16.38.39:792][534]Cmd: EDIT COPY
[2020.04.20-16.38.40:135][542]Cmd: EDIT PASTE
[2020.04.20-16.38.56:913][914]Cmd: EDIT COPY
[2020.04.20-16.38.57:356][924]Cmd: EDIT PASTE
[2020.04.20-16.39.10:336][209]Cmd: EDIT COPY
[2020.04.20-16.39.10:722][218]Cmd: EDIT PASTE
[2020.04.20-16.39.24:963][521]Cmd: EDIT COPY
[2020.04.20-16.39.25:302][526]Cmd: EDIT PASTE
[2020.04.20-16.39.29:664][621]Cmd: EDIT COPY
[2020.04.20-16.39.29:963][628]Cmd: EDIT PASTE
[2020.04.20-16.39.34:533][728]Cmd: EDIT COPY
[2020.04.20-16.39.34:814][734]Cmd: EDIT PASTE
[2020.04.20-16.39.56:639][180]Cmd: EDIT COPY
[2020.04.20-16.39.56:992][188]Cmd: EDIT PASTE
[2020.04.20-16.40.02:090][296]Cmd: EDIT COPY
[2020.04.20-16.40.02:374][303]Cmd: EDIT PASTE
[2020.04.20-16.40.07:965][419]LogEditorViewport: Clicking on Actor (context menu): Landscape (Landscape)
[2020.04.20-16.40.08:911][419]LogSlate: FSceneViewport::OnFocusLost() reason 5
[2020.04.20-16.40.13:038][499]LogEditorViewport: Clicking on Actor (LMB): StaticMeshActor (Cube393)
[2020.04.20-16.40.18:327][615]Cmd: EDIT COPY
[2020.04.20-16.40.18:641][622]Cmd: EDIT PASTE
[2020.04.20-16.40.24:109][739]Cmd: EDIT COPY
[2020.04.20-16.40.24:420][745]Cmd: EDIT PASTE
[2020.04.20-16.40.41:935][132]Cmd: EDIT COPY
[2020.04.20-16.40.42:247][138]Cmd: EDIT PASTE
[2020.04.20-16.40.47:220][246]Cmd: EDIT COPY
[2020.04.20-16.40.47:536][253]Cmd: EDIT PASTE
[2020.04.20-16.40.58:574][501]Cmd: EDIT COPY
[2020.04.20-16.40.58:913][509]Cmd: EDIT PASTE
[2020.04.20-16.41.02:994][599]Cmd: EDIT COPY
[2020.04.20-16.41.03:292][606]Cmd: EDIT PASTE
[2020.04.20-16.41.18:506][946]Cmd: EDIT COPY
[2020.04.20-16.41.18:774][952]Cmd: EDIT PASTE
[2020.04.20-16.41.30:364][207]LogSlate: FSceneViewport::OnFocusLost() reason 5
[2020.04.20-16.41.30:512][207]LogUObjectHash: Compacting FUObjectHashTables data took   3.77ms
[2020.04.20-16.41.32:709][207]LogSavePackage: Moving '../../../../../../Users/Kalin/Documents/GitHub/Mazerator/Saved/Level1DCBC7AAD45A5C4191D1512ACC2826894.tmp' to '../../../../../../Users/Kalin/Documents/GitHub/Mazerator/Content/GameContent/Maps/Level1.umap'
[2020.04.20-16.41.40:686][374]LogSlate: FSceneViewport::OnFocusLost() reason 0
[2020.04.20-16.41.41:642][377]LogMaterial: Display: Missing cached shader map for material ColorMaskBrushMaterial, compiling. 
[2020.04.20-16.41.43:040][377]LogShaderCompilers: Display: Worker (1/1): shaders left to compile 38
[2020.04.20-16.41.43:040][377]LogMaterial: Display: Missing cached shader map for material LandscapeLayerUsageMaterial, compiling. 
[2020.04.20-16.41.44:640][377]LogMaterial: Display: Missing cached shader map for material CircleBrushMaterial, compiling. 
[2020.04.20-16.41.45:094][377]LogMaterial: Display: Missing cached shader map for material CircleBrushMaterial, compiling. 
[2020.04.20-16.41.45:262][377]LogMaterial: Display: Missing cached shader map for material CircleBrushMaterial, compiling. 
[2020.04.20-16.41.45:363][377]LogMaterial: Display: Missing cached shader map for material CircleBrushMaterial, compiling. 
[2020.04.20-16.41.45:718][377]LogMaterial: Display: Missing cached shader map for material AlphaBrushMaterial, compiling. 
[2020.04.20-16.41.45:942][377]LogMaterial: Display: Missing cached shader map for material CircleBrushMaterial, compiling. 
[2020.04.20-16.41.46:262][377]LogMaterial: Display: Missing cached shader map for material MaskBrushMaterial, compiling. 
[2020.04.20-16.41.47:017][377]LogMaterial: Display: Missing cached shader map for material LandscapeMaterial, compiling. 
[2020.04.20-16.41.47:173][377]LogMaterial: Display: Missing cached shader map for material LandscapeMaterial, compiling. 
[2020.04.20-16.41.47:320][377]LogTexture: Display: Building textures: Texture2D_2 (G8, 128X128)
[2020.04.20-16.42.00:821][556]LogSlate: FSceneViewport::OnFocusLost() reason 0
[2020.04.20-16.42.56:857][535]LogEditorViewport: Clicking on Actor (context menu): Landscape (Landscape)
[2020.04.20-16.42.57:045][535]LogSlate: FSceneViewport::OnFocusLost() reason 5
[2020.04.20-16.43.06:014][673]LogSlate: FSceneViewport::OnFocusLost() reason 5
[2020.04.20-16.43.06:155][673]LogUObjectHash: Compacting FUObjectHashTables data took   5.34ms
[2020.04.20-16.43.06:921][673]LogTexture: Display: Building textures: Texture2D_3 (BGRA8, 64X64)
[2020.04.20-16.43.08:578][673]LogSavePackage: Moving '../../../../../../Users/Kalin/Documents/GitHub/Mazerator/Saved/Level14C2345BE4A3AF547C81A969CF36D8CE7.tmp' to '../../../../../../Users/Kalin/Documents/GitHub/Mazerator/Content/GameContent/Maps/Level1.umap'
[2020.04.20-16.43.10:444][698]LogSlate: FSceneViewport::OnFocusLost() reason 0
[2020.04.20-16.43.35:953][897]LogSlate: Window 'Pick Parent Class' being destroyed
[2020.04.20-16.44.14:778][ 37]LogD3D11RHI: GetQueryData is taking a very long time (5.0 s)
[2020.04.20-16.44.14:779][ 37]LogD3D11RHI: GetQueryData is taking a very long time (10.0 s)
[2020.04.20-16.44.14:779][ 37]LogD3D11RHI: GetQueryData is taking a very long time (15.0 s)
[2020.04.20-16.44.14:779][ 37]LogD3D11RHI: GetQueryData is taking a very long time (20.0 s)
[2020.04.20-16.44.14:779][ 37]LogD3D11RHI: GetQueryData is taking a very long time (25.0 s)
[2020.04.20-16.44.19:083][ 70]LogAssetEditorManager: Opening Asset editor for Blueprint /Game/GameContent/Blueprints/400_Easter_Egg.400_Easter_Egg
[2020.04.20-16.44.21:693][ 70]LogD3D11RHI: Timed out while waiting for GPU to catch up. (0.5 s) (ErrorCode 00000001)
[2020.04.20-16.44.31:783][ 70]LogContentBrowser: Native class hierarchy updated for 'BlueprintGraph' in 0.0291 seconds. Added 121 classes and 0 folders.
[2020.04.20-16.44.52:780][ 89]LogD3D11RHI: GetQueryData is taking a very long time (5.0 s)
[2020.04.20-16.44.52:780][ 89]LogD3D11RHI: GetQueryData is taking a very long time (10.0 s)
[2020.04.20-16.44.55:198][ 91]LogRenderer: Reallocating scene render targets to support 964x684 Format 10 NumSamples 1 (Frame:18).
[2020.04.20-16.44.56:451][ 92]LogSlate: Window '400_Easter_Egg' being destroyed
[2020.04.20-16.45.25:721][592]Cmd: OBJ SAVEPACKAGE PACKAGE="/Game/GameContent/Blueprints/400_Easter_Egg" FILE="../../../../../../Users/Kalin/Documents/GitHub/Mazerator/Content/GameContent/Blueprints/400_Easter_Egg.uasset" SILENT=true
[2020.04.20-16.45.26:439][592]LogSavePackage: Moving '../../../../../../Users/Kalin/Documents/GitHub/Mazerator/Saved/400_Easter_EggB16FAEAF41F32E433CCA2594AFAD6783.tmp' to '../../../../../../Users/Kalin/Documents/GitHub/Mazerator/Content/GameContent/Blueprints/400_Easter_Egg.uasset'
[2020.04.20-16.45.27:452][603]BlueprintLog: New page: Compile 400_Easter_Egg
[2020.04.20-16.45.28:182][603]LogUObjectHash: Compacting FUObjectHashTables data took  73.98ms
[2020.04.20-16.45.29:296][612]LogSlate: Took 0.013669 seconds to synchronously load lazily loaded font '../../../Engine/Content/Slate/Fonts/Roboto-Italic.ttf' (157K)
[2020.04.20-16.45.49:885][859]LogD3D11RHI: GetQueryData is taking a very long time (5.0 s)
[2020.04.20-16.46.19:042][280]LogSlate: Window 'Color Picker' being destroyed
[2020.04.20-16.46.27:329][402]LogSlate: FSceneViewport::OnFocusLost() reason 0
[2020.04.20-16.46.41:195][633]LogSlate: FSceneViewport::OnFocusLost() reason 0
[2020.04.20-16.46.41:246][634]BlueprintLog: New page: Compile 400_Easter_Egg
[2020.04.20-16.46.41:904][634]LogUObjectHash: Compacting FUObjectHashTables data took  15.35ms
[2020.04.20-16.46.42:718][646]Cmd: OBJ SAVEPACKAGE PACKAGE="/Game/GameContent/Blueprints/400_Easter_Egg" FILE="../../../../../../Users/Kalin/Documents/GitHub/Mazerator/Content/GameContent/Blueprints/400_Easter_Egg.uasset" SILENT=true
[2020.04.20-16.46.42:972][646]LogSavePackage: Moving '../../../../../../Users/Kalin/Documents/GitHub/Mazerator/Saved/400_Easter_Egg8876121E42436555BFA1429AE69136D5.tmp' to '../../../../../../Users/Kalin/Documents/GitHub/Mazerator/Content/GameContent/Blueprints/400_Easter_Egg.uasset'
[2020.04.20-16.46.44:799][679]LogWorld: UWorld::CleanupWorld for World_4, bSessionEnded=true, bCleanupResources=true
[2020.04.20-16.47.11:297][ 19]LogSlate: FSceneViewport::OnFocusLost() reason 0
[2020.04.20-16.47.21:601][173]LogSlate: FSceneViewport::OnFocusLost() reason 0
[2020.04.20-16.47.38:109][409]LogSlate: FSceneViewport::OnFocusLost() reason 0
[2020.04.20-16.47.47:912][518]LogSlate: FSceneViewport::OnFocusLost() reason 0
[2020.04.20-16.47.54:322][611]LogSlate: FSceneViewport::OnFocusLost() reason 0
[2020.04.20-16.48.05:089][758]LogSlate: FSceneViewport::OnFocusLost() reason 0
[2020.04.20-16.48.07:206][790]LogTemp: Repeating last play command: Selected Viewport
[2020.04.20-16.48.53:908][790]LogBlueprintUserMessages: Early PlayInEditor Detection: Level '/Game/GameContent/Maps/Level1.Level1:PersistentLevel' has LevelScriptBlueprint '/Game/GameContent/Maps/Level1.Level1:PersistentLevel.Level1' with GeneratedClass '/Game/GameContent/Maps/Level1.Level1_C' with ClassGeneratedBy '/Game/GameContent/Maps/Level1.Level1:PersistentLevel.Level1'
[2020.04.20-16.48.53:984][790]LogPlayLevel: PlayLevel: No blueprints needed recompiling
[2020.04.20-16.48.54:053][790]PIE: New page: PIE session: Level1 (20 Apr 2020 18:48:53)
[2020.04.20-16.48.54:919][790]LogOnline: OSS: Creating online subsystem instance for: NULL
[2020.04.20-16.48.55:068][790]LogPlayLevel: Creating play world package: /Game/GameContent/Maps/UEDPIE_0_Level1
[2020.04.20-16.48.57:189][790]LogPlayLevel: PIE: StaticDuplicateObject took: (2.121290s)
[2020.04.20-16.48.57:252][790]LogAIModule: Creating AISystem for world Level1
[2020.04.20-16.48.57:343][790]LogPlayLevel: PIE: World Init took: (0.154066s)
[2020.04.20-16.48.57:345][790]LogPlayLevel: PIE: Created PIE world by copying editor world from /Game/GameContent/Maps/Level1.Level1 to /Game/GameContent/Maps/UEDPIE_0_Level1.Level1 (2.278194s)
[2020.04.20-16.48.57:591][790]LogUObjectHash: Compacting FUObjectHashTables data took   8.24ms
[2020.04.20-16.48.58:691][790]LogInit: XAudio2 using 'Speaker/Headphone (Realtek High Definition Audio)' : 2 channels at 48 kHz using 32 bits per sample (channel mask 0x3)
[2020.04.20-16.49.07:877][790]LogInit: FAudioDevice initialized.
[2020.04.20-16.49.09:482][790]LogLoad: Game class is 'FirstPersonGameMode_C'
[2020.04.20-16.49.10:280][790]LogWorld: Bringing World /Game/GameContent/Maps/UEDPIE_0_Level1.Level1 up for play (max tick rate 60) at 2020.04.20-17.49.10
[2020.04.20-16.49.10:305][790]LogWorld: Bringing up level for play took: 0.391991
[2020.04.20-16.49.10:398][790]LogOnline: OSS: Creating online subsystem instance for: :Context_6
[2020.04.20-16.49.11:427][790]LogContentBrowser: Native class hierarchy updated for 'MovieSceneCapture' in 0.0893 seconds. Added 20 classes and 0 folders.
[2020.04.20-16.49.12:908][790]PIE: Play in editor start time for /Game/GameContent/Maps/UEDPIE_0_Level1 18.513
[2020.04.20-16.49.12:908][790]LogBlueprintUserMessages: Late PlayInEditor Detection: Level '/Game/GameContent/Maps/Level1.Level1:PersistentLevel' has LevelScriptBlueprint '/Game/GameContent/Maps/Level1.Level1:PersistentLevel.Level1' with GeneratedClass '/Game/GameContent/Maps/Level1.Level1_C' with ClassGeneratedBy '/Game/GameContent/Maps/Level1.Level1:PersistentLevel.Level1'
[2020.04.20-16.50.56:967][805]LogD3D11RHI: Timed out while waiting for GPU to catch up. (0.5 s) (ErrorCode 00000001)
[2020.04.20-16.51.34:302][490]LogBlueprintUserMessages: Early EndPlayMap Detection: Level '/Game/GameContent/Maps/Level1.Level1:PersistentLevel' has LevelScriptBlueprint '/Game/GameContent/Maps/Level1.Level1:PersistentLevel.Level1' with GeneratedClass '/Game/GameContent/Maps/Level1.Level1_C' with ClassGeneratedBy '/Game/GameContent/Maps/Level1.Level1:PersistentLevel.Level1'
[2020.04.20-16.51.34:305][490]LogSlate: Updating window title bar state: overlay mode, drag disabled, window buttons hidden, title bar hidden
[2020.04.20-16.51.34:305][490]LogWorld: BeginTearingDown for /Game/GameContent/Maps/UEDPIE_0_Level1
[2020.04.20-16.51.34:308][490]LogWorld: UWorld::CleanupWorld for Level1, bSessionEnded=true, bCleanupResources=true
[2020.04.20-16.51.34:365][490]LogPlayLevel: Display: Shutting down PIE online subsystems
[2020.04.20-16.51.34:365][490]LogBlueprintUserMessages: Late EndPlayMap Detection: Level '/Game/GameContent/Maps/Level1.Level1:PersistentLevel' has LevelScriptBlueprint '/Game/GameContent/Maps/Level1.Level1:PersistentLevel.Level1' with GeneratedClass '/Game/GameContent/Maps/Level1.Level1_C' with ClassGeneratedBy '/Game/GameContent/Maps/Level1.Level1:PersistentLevel.Level1'
[2020.04.20-16.51.35:274][490]LogSlate: Updating window title bar state: overlay mode, drag disabled, window buttons hidden, title bar hidden
[2020.04.20-16.51.35:475][490]LogUObjectHash: Compacting FUObjectHashTables data took  10.07ms
[2020.04.20-16.51.35:694][491]LogPlayLevel: Display: Destroying online subsystem :Context_6
[2020.04.20-16.51.37:066][512]LogEditorViewport: Clicking on Actor (LMB): 400_Easter_Egg_C (400_Easter_Egg)
[2020.04.20-16.51.39:767][551]LogSlate: FSceneViewport::OnFocusLost() reason 0
[2020.04.20-16.51.46:840][680]LogSlate: FSceneViewport::OnFocusLost() reason 0
[2020.04.20-16.51.51:821][772]LogEditorViewport: Clicking on Actor (context menu): Landscape (Landscape)
[2020.04.20-16.51.51:988][772]LogSlate: FSceneViewport::OnFocusLost() reason 5
[2020.04.20-16.51.53:975][796]LogBlueprintUserMessages: Early PlayInEditor Detection: Level '/Game/GameContent/Maps/Level1.Level1:PersistentLevel' has LevelScriptBlueprint '/Game/GameContent/Maps/Level1.Level1:PersistentLevel.Level1' with GeneratedClass '/Game/GameContent/Maps/Level1.Level1_C' with ClassGeneratedBy '/Game/GameContent/Maps/Level1.Level1:PersistentLevel.Level1'
[2020.04.20-16.51.53:975][796]LogPlayLevel: PlayLevel: No blueprints needed recompiling
[2020.04.20-16.51.53:976][796]PIE: New page: PIE session: Level1 (20 Apr 2020 18:51:53)
[2020.04.20-16.51.53:976][796]LogPlayLevel: Creating play world package: /Game/GameContent/Maps/UEDPIE_0_Level1
[2020.04.20-16.51.54:932][796]LogPlayLevel: PIE: StaticDuplicateObject took: (0.956149s)
[2020.04.20-16.51.54:935][796]LogAIModule: Creating AISystem for world Level1
[2020.04.20-16.51.54:935][796]LogPlayLevel: PIE: World Init took: (0.003195s)
[2020.04.20-16.51.54:935][796]LogPlayLevel: PIE: Created PIE world by copying editor world from /Game/GameContent/Maps/Level1.Level1 to /Game/GameContent/Maps/UEDPIE_0_Level1.Level1 (0.959756s)
[2020.04.20-16.51.55:089][796]LogUObjectHash: Compacting FUObjectHashTables data took   7.72ms
[2020.04.20-16.51.55:114][796]LogInit: XAudio2 using 'Speaker/Headphone (Realtek High Definition Audio)' : 2 channels at 48 kHz using 32 bits per sample (channel mask 0x3)
[2020.04.20-16.51.56:522][796]LogInit: FAudioDevice initialized.
[2020.04.20-16.51.56:522][796]LogSlate: FSceneViewport::OnFocusLost() reason 2
[2020.04.20-16.51.57:481][796]LogLoad: Game class is 'FirstPersonGameMode_C'
[2020.04.20-16.51.57:690][796]LogWorld: Bringing World /Game/GameContent/Maps/UEDPIE_0_Level1.Level1 up for play (max tick rate 60) at 2020.04.20-17.51.57
[2020.04.20-16.51.57:692][796]LogWorld: Bringing up level for play took: 0.209999
[2020.04.20-16.51.57:692][796]LogOnline: OSS: Creating online subsystem instance for: :Context_7
[2020.04.20-16.51.57:706][796]PIE: Play in editor start time for /Game/GameContent/Maps/UEDPIE_0_Level1 3.328
[2020.04.20-16.51.57:706][796]LogBlueprintUserMessages: Late PlayInEditor Detection: Level '/Game/GameContent/Maps/Level1.Level1:PersistentLevel' has LevelScriptBlueprint '/Game/GameContent/Maps/Level1.Level1:PersistentLevel.Level1' with GeneratedClass '/Game/GameContent/Maps/Level1.Level1_C' with ClassGeneratedBy '/Game/GameContent/Maps/Level1.Level1:PersistentLevel.Level1'
[2020.04.20-16.51.58:923][819]LogSpawn: Warning: SpawnActor failed because of collision at the spawn location [X=16495.971 Y=-27472.244 Z=142.770] for [FirstPersonProjectile_C]
[2020.04.20-16.52.04:019][917]LogBlueprintUserMessages: Early EndPlayMap Detection: Level '/Game/GameContent/Maps/Level1.Level1:PersistentLevel' has LevelScriptBlueprint '/Game/GameContent/Maps/Level1.Level1:PersistentLevel.Level1' with GeneratedClass '/Game/GameContent/Maps/Level1.Level1_C' with ClassGeneratedBy '/Game/GameContent/Maps/Level1.Level1:PersistentLevel.Level1'
[2020.04.20-16.52.04:020][917]LogSlate: Updating window title bar state: overlay mode, drag disabled, window buttons hidden, title bar hidden
[2020.04.20-16.52.04:020][917]LogWorld: BeginTearingDown for /Game/GameContent/Maps/UEDPIE_0_Level1
[2020.04.20-16.52.04:021][917]LogWorld: UWorld::CleanupWorld for Level1, bSessionEnded=true, bCleanupResources=true
[2020.04.20-16.52.04:248][917]LogPlayLevel: Display: Shutting down PIE online subsystems
[2020.04.20-16.52.04:249][917]LogBlueprintUserMessages: Late EndPlayMap Detection: Level '/Game/GameContent/Maps/Level1.Level1:PersistentLevel' has LevelScriptBlueprint '/Game/GameContent/Maps/Level1.Level1:PersistentLevel.Level1' with GeneratedClass '/Game/GameContent/Maps/Level1.Level1_C' with ClassGeneratedBy '/Game/GameContent/Maps/Level1.Level1:PersistentLevel.Level1'
[2020.04.20-16.52.04:643][917]LogSlate: Updating window title bar state: overlay mode, drag disabled, window buttons hidden, title bar hidden
[2020.04.20-16.52.06:023][917]LogUObjectHash: Compacting FUObjectHashTables data took  14.40ms
[2020.04.20-16.52.06:090][918]LogPlayLevel: Display: Destroying online subsystem :Context_7
[2020.04.20-16.52.08:349][961]LogEditorViewport: Clicking on Actor (LMB): 400_Easter_Egg_C (400_Easter_Egg)
[2020.04.20-16.52.12:522][ 26]LogEditorViewport: Clicking on Actor (context menu): Landscape (Landscape)
[2020.04.20-16.52.12:697][ 26]LogSlate: FSceneViewport::OnFocusLost() reason 5
[2020.04.20-16.52.15:144][ 55]LogBlueprintUserMessages: Early PlayInEditor Detection: Level '/Game/GameContent/Maps/Level1.Level1:PersistentLevel' has LevelScriptBlueprint '/Game/GameContent/Maps/Level1.Level1:PersistentLevel.Level1' with GeneratedClass '/Game/GameContent/Maps/Level1.Level1_C' with ClassGeneratedBy '/Game/GameContent/Maps/Level1.Level1:PersistentLevel.Level1'
[2020.04.20-16.52.15:144][ 55]LogPlayLevel: PlayLevel: No blueprints needed recompiling
[2020.04.20-16.52.15:145][ 55]PIE: New page: PIE session: Level1 (20 Apr 2020 18:52:15)
[2020.04.20-16.52.15:145][ 55]LogPlayLevel: Creating play world package: /Game/GameContent/Maps/UEDPIE_0_Level1
[2020.04.20-16.52.15:919][ 55]LogPlayLevel: PIE: StaticDuplicateObject took: (0.774286s)
[2020.04.20-16.52.15:927][ 55]LogAIModule: Creating AISystem for world Level1
[2020.04.20-16.52.15:929][ 55]LogPlayLevel: PIE: World Init took: (0.009447s)
[2020.04.20-16.52.15:929][ 55]LogPlayLevel: PIE: Created PIE world by copying editor world from /Game/GameContent/Maps/Level1.Level1 to /Game/GameContent/Maps/UEDPIE_0_Level1.Level1 (0.784199s)
[2020.04.20-16.52.16:064][ 55]LogUObjectHash: Compacting FUObjectHashTables data took   8.11ms
[2020.04.20-16.52.16:112][ 55]LogInit: XAudio2 using 'Speaker/Headphone (Realtek High Definition Audio)' : 2 channels at 48 kHz using 32 bits per sample (channel mask 0x3)
[2020.04.20-16.52.17:038][ 55]LogInit: FAudioDevice initialized.
[2020.04.20-16.52.17:040][ 55]LogSlate: FSceneViewport::OnFocusLost() reason 2
[2020.04.20-16.52.17:235][ 55]LogLoad: Game class is 'FirstPersonGameMode_C'
[2020.04.20-16.52.17:347][ 55]LogWorld: Bringing World /Game/GameContent/Maps/UEDPIE_0_Level1.Level1 up for play (max tick rate 60) at 2020.04.20-17.52.17
[2020.04.20-16.52.17:349][ 55]LogWorld: Bringing up level for play took: 0.112611
[2020.04.20-16.52.17:349][ 55]LogOnline: OSS: Creating online subsystem instance for: :Context_8
[2020.04.20-16.52.17:363][ 55]PIE: Play in editor start time for /Game/GameContent/Maps/UEDPIE_0_Level1 2.985
[2020.04.20-16.52.17:364][ 55]LogBlueprintUserMessages: Late PlayInEditor Detection: Level '/Game/GameContent/Maps/Level1.Level1:PersistentLevel' has LevelScriptBlueprint '/Game/GameContent/Maps/Level1.Level1:PersistentLevel.Level1' with GeneratedClass '/Game/GameContent/Maps/Level1.Level1_C' with ClassGeneratedBy '/Game/GameContent/Maps/Level1.Level1:PersistentLevel.Level1'
[2020.04.20-16.52.18:211][ 70]LogSpawn: Warning: SpawnActor failed because of collision at the spawn location [X=16318.226 Y=-27515.771 Z=179.822] for [FirstPersonProjectile_C]
[2020.04.20-16.52.19:496][ 91]LogBlueprintUserMessages: Early EndPlayMap Detection: Level '/Game/GameContent/Maps/Level1.Level1:PersistentLevel' has LevelScriptBlueprint '/Game/GameContent/Maps/Level1.Level1:PersistentLevel.Level1' with GeneratedClass '/Game/GameContent/Maps/Level1.Level1_C' with ClassGeneratedBy '/Game/GameContent/Maps/Level1.Level1:PersistentLevel.Level1'
[2020.04.20-16.52.19:501][ 91]LogSlate: Updating window title bar state: overlay mode, drag disabled, window buttons hidden, title bar hidden
[2020.04.20-16.52.19:501][ 91]LogWorld: BeginTearingDown for /Game/GameContent/Maps/UEDPIE_0_Level1
[2020.04.20-16.52.19:503][ 91]LogWorld: UWorld::CleanupWorld for Level1, bSessionEnded=true, bCleanupResources=true
[2020.04.20-16.52.19:602][ 91]LogPlayLevel: Display: Shutting down PIE online subsystems
[2020.04.20-16.52.19:602][ 91]LogBlueprintUserMessages: Late EndPlayMap Detection: Level '/Game/GameContent/Maps/Level1.Level1:PersistentLevel' has LevelScriptBlueprint '/Game/GameContent/Maps/Level1.Level1:PersistentLevel.Level1' with GeneratedClass '/Game/GameContent/Maps/Level1.Level1_C' with ClassGeneratedBy '/Game/GameContent/Maps/Level1.Level1:PersistentLevel.Level1'
[2020.04.20-16.52.20:253][ 91]LogSlate: Updating window title bar state: overlay mode, drag disabled, window buttons hidden, title bar hidden
[2020.04.20-16.52.20:539][ 91]LogUObjectHash: Compacting FUObjectHashTables data took  10.51ms
[2020.04.20-16.52.20:609][ 92]LogPlayLevel: Display: Destroying online subsystem :Context_8
[2020.04.20-16.52.21:765][110]LogEditorViewport: Clicking on Actor (LMB): 400_Easter_Egg_C (400_Easter_Egg)
[2020.04.20-16.52.24:712][149]LogSlate: FSceneViewport::OnFocusLost() reason 0
[2020.04.20-16.52.25:005][151]LogAssetEditorManager: Opening Asset editor for Blueprint /Game/GameContent/Blueprints/400_Easter_Egg.400_Easter_Egg
[2020.04.20-16.52.26:684][151]LogSlate: Took 0.017526 seconds to synchronously load lazily loaded font '../../../Engine/Content/Slate/Fonts/Roboto-BoldCondensed.ttf' (158K)
[2020.04.20-16.52.43:025][238]LogD3D11RHI: GetQueryData is taking a very long time (5.0 s)
[2020.04.20-16.52.51:660][239]LogD3D11RHI: GetQueryData is taking a very long time (5.0 s)
[2020.04.20-16.52.51:664][239]LogSlate: FSceneViewport::OnFocusLost() reason 0
[2020.04.20-16.52.57:568][245]LogD3D11RHI: GetQueryData is taking a very long time (5.0 s)
[2020.04.20-16.53.01:173][281]LogShaderCompilers: Display: Worker (1/1): shaders left to compile 318
[2020.04.20-16.53.12:718][290]LogD3D11RHI: GetQueryData is taking a very long time (5.0 s)
[2020.04.20-16.53.12:718][290]LogD3D11RHI: GetQueryData is taking a very long time (10.0 s)
[2020.04.20-16.53.24:732][344]LogD3D11RHI: GetQueryData is taking a very long time (5.0 s)
[2020.04.20-16.53.27:858][379]LogSlate: Window 'Color Picker' being destroyed
[2020.04.20-16.53.42:811][625]BlueprintLog: New page: Compile 400_Easter_Egg
[2020.04.20-16.53.43:538][625]LogUObjectHash: Compacting FUObjectHashTables data took   8.89ms
[2020.04.20-16.53.44:963][640]Cmd: OBJ SAVEPACKAGE PACKAGE="/Game/GameContent/Blueprints/400_Easter_Egg" FILE="../../../../../../Users/Kalin/Documents/GitHub/Mazerator/Content/GameContent/Blueprints/400_Easter_Egg.uasset" SILENT=true
[2020.04.20-16.53.45:427][640]LogSavePackage: Moving '../../../../../../Users/Kalin/Documents/GitHub/Mazerator/Saved/400_Easter_EggF83E8E454F881F8EB48DDBA9053FAD3E.tmp' to '../../../../../../Users/Kalin/Documents/GitHub/Mazerator/Content/GameContent/Blueprints/400_Easter_Egg.uasset'
[2020.04.20-16.53.46:142][651]LogWorld: UWorld::CleanupWorld for World_5, bSessionEnded=true, bCleanupResources=true
[2020.04.20-16.53.49:978][706]LogEditorViewport: Clicking on Actor (context menu): Landscape (Landscape)
[2020.04.20-16.53.50:161][706]LogSlate: FSceneViewport::OnFocusLost() reason 5
[2020.04.20-16.53.51:655][723]LogBlueprintUserMessages: Early PlayInEditor Detection: Level '/Game/GameContent/Maps/Level1.Level1:PersistentLevel' has LevelScriptBlueprint '/Game/GameContent/Maps/Level1.Level1:PersistentLevel.Level1' with GeneratedClass '/Game/GameContent/Maps/Level1.Level1_C' with ClassGeneratedBy '/Game/GameContent/Maps/Level1.Level1:PersistentLevel.Level1'
[2020.04.20-16.53.51:656][723]LogPlayLevel: PlayLevel: No blueprints needed recompiling
[2020.04.20-16.53.51:656][723]PIE: New page: PIE session: Level1 (20 Apr 2020 18:53:51)
[2020.04.20-16.53.51:656][723]LogPlayLevel: Creating play world package: /Game/GameContent/Maps/UEDPIE_0_Level1
[2020.04.20-16.53.52:427][723]LogPlayLevel: PIE: StaticDuplicateObject took: (0.770961s)
[2020.04.20-16.53.52:443][723]LogAIModule: Creating AISystem for world Level1
[2020.04.20-16.53.52:443][723]LogPlayLevel: PIE: World Init took: (0.016277s)
[2020.04.20-16.53.52:443][723]LogPlayLevel: PIE: Created PIE world by copying editor world from /Game/GameContent/Maps/Level1.Level1 to /Game/GameContent/Maps/UEDPIE_0_Level1.Level1 (0.787725s)
[2020.04.20-16.53.52:591][723]LogUObjectHash: Compacting FUObjectHashTables data took   9.45ms
[2020.04.20-16.53.52:892][723]LogInit: XAudio2 using 'Speaker/Headphone (Realtek High Definition Audio)' : 2 channels at 48 kHz using 32 bits per sample (channel mask 0x3)
[2020.04.20-16.53.53:595][723]LogInit: FAudioDevice initialized.
[2020.04.20-16.53.53:597][723]LogSlate: FSceneViewport::OnFocusLost() reason 2
[2020.04.20-16.53.53:615][723]LogLoad: Game class is 'FirstPersonGameMode_C'
[2020.04.20-16.53.53:715][723]LogWorld: Bringing World /Game/GameContent/Maps/UEDPIE_0_Level1.Level1 up for play (max tick rate 60) at 2020.04.20-17.53.53
[2020.04.20-16.53.53:716][723]LogWorld: Bringing up level for play took: 0.100002
[2020.04.20-16.53.53:718][723]LogOnline: OSS: Creating online subsystem instance for: :Context_10
[2020.04.20-16.53.53:744][723]PIE: Play in editor start time for /Game/GameContent/Maps/UEDPIE_0_Level1 1.365
[2020.04.20-16.53.53:744][723]LogBlueprintUserMessages: Late PlayInEditor Detection: Level '/Game/GameContent/Maps/Level1.Level1:PersistentLevel' has LevelScriptBlueprint '/Game/GameContent/Maps/Level1.Level1:PersistentLevel.Level1' with GeneratedClass '/Game/GameContent/Maps/Level1.Level1_C' with ClassGeneratedBy '/Game/GameContent/Maps/Level1.Level1:PersistentLevel.Level1'
[2020.04.20-16.53.54:293][731]LogSpawn: Warning: SpawnActor failed because of collision at the spawn location [X=16312.622 Y=-27466.170 Z=138.196] for [FirstPersonProjectile_C]
[2020.04.20-16.53.59:568][790]LogBlueprintUserMessages: Early EndPlayMap Detection: Level '/Game/GameContent/Maps/Level1.Level1:PersistentLevel' has LevelScriptBlueprint '/Game/GameContent/Maps/Level1.Level1:PersistentLevel.Level1' with GeneratedClass '/Game/GameContent/Maps/Level1.Level1_C' with ClassGeneratedBy '/Game/GameContent/Maps/Level1.Level1:PersistentLevel.Level1'
[2020.04.20-16.53.59:570][790]LogSlate: Updating window title bar state: overlay mode, drag disabled, window buttons hidden, title bar hidden
[2020.04.20-16.53.59:570][790]LogWorld: BeginTearingDown for /Game/GameContent/Maps/UEDPIE_0_Level1
[2020.04.20-16.53.59:572][790]LogWorld: UWorld::CleanupWorld for Level1, bSessionEnded=true, bCleanupResources=true
[2020.04.20-16.53.59:636][790]LogPlayLevel: Display: Shutting down PIE online subsystems
[2020.04.20-16.53.59:637][790]LogBlueprintUserMessages: Late EndPlayMap Detection: Level '/Game/GameContent/Maps/Level1.Level1:PersistentLevel' has LevelScriptBlueprint '/Game/GameContent/Maps/Level1.Level1:PersistentLevel.Level1' with GeneratedClass '/Game/GameContent/Maps/Level1.Level1_C' with ClassGeneratedBy '/Game/GameContent/Maps/Level1.Level1:PersistentLevel.Level1'
[2020.04.20-16.54.00:655][790]LogSlate: Updating window title bar state: overlay mode, drag disabled, window buttons hidden, title bar hidden
[2020.04.20-16.54.02:536][790]LogUObjectHash: Compacting FUObjectHashTables data took  11.06ms
[2020.04.20-16.54.02:618][791]LogPlayLevel: Display: Destroying online subsystem :Context_10
[2020.04.20-16.54.05:483][842]LogSlate: FSceneViewport::OnFocusLost() reason 5
[2020.04.20-16.54.05:675][842]LogUObjectHash: Compacting FUObjectHashTables data took   1.99ms
[2020.04.20-16.54.08:052][842]LogSavePackage: Moving '../../../../../../Users/Kalin/Documents/GitHub/Mazerator/Saved/Level1C5EAE82B4AB5A66B6F945B871E6CC817.tmp' to '../../../../../../Users/Kalin/Documents/GitHub/Mazerator/Content/GameContent/Maps/Level1.umap'
[2020.04.20-16.54.12:354][909]LogSlate: FSceneViewport::OnFocusLost() reason 0
[2020.04.20-16.54.12:470][911]LogTemp: Repeating last play command: Selected Viewport
[2020.04.20-16.54.12:512][911]LogBlueprintUserMessages: Early PlayInEditor Detection: Level '/Game/GameContent/Maps/Level1.Level1:PersistentLevel' has LevelScriptBlueprint '/Game/GameContent/Maps/Level1.Level1:PersistentLevel.Level1' with GeneratedClass '/Game/GameContent/Maps/Level1.Level1_C' with ClassGeneratedBy '/Game/GameContent/Maps/Level1.Level1:PersistentLevel.Level1'
[2020.04.20-16.54.12:512][911]LogPlayLevel: PlayLevel: No blueprints needed recompiling
[2020.04.20-16.54.12:513][911]PIE: New page: PIE session: Level1 (20 Apr 2020 18:54:12)
[2020.04.20-16.54.12:513][911]LogPlayLevel: Creating play world package: /Game/GameContent/Maps/UEDPIE_0_Level1
[2020.04.20-16.54.13:295][911]LogPlayLevel: PIE: StaticDuplicateObject took: (0.781230s)
[2020.04.20-16.54.13:305][911]LogAIModule: Creating AISystem for world Level1
[2020.04.20-16.54.13:305][911]LogPlayLevel: PIE: World Init took: (0.010749s)
[2020.04.20-16.54.13:307][911]LogPlayLevel: PIE: Created PIE world by copying editor world from /Game/GameContent/Maps/Level1.Level1 to /Game/GameContent/Maps/UEDPIE_0_Level1.Level1 (0.794013s)
[2020.04.20-16.54.13:464][911]LogUObjectHash: Compacting FUObjectHashTables data took   9.72ms
[2020.04.20-16.54.13:622][911]LogInit: XAudio2 using 'Speaker/Headphone (Realtek High Definition Audio)' : 2 channels at 48 kHz using 32 bits per sample (channel mask 0x3)
[2020.04.20-16.54.14:335][911]LogInit: FAudioDevice initialized.
[2020.04.20-16.54.14:351][911]LogLoad: Game class is 'FirstPersonGameMode_C'
[2020.04.20-16.54.14:421][911]LogWorld: Bringing World /Game/GameContent/Maps/UEDPIE_0_Level1.Level1 up for play (max tick rate 60) at 2020.04.20-17.54.14
[2020.04.20-16.54.14:422][911]LogWorld: Bringing up level for play took: 0.070287
[2020.04.20-16.54.14:423][911]LogOnline: OSS: Creating online subsystem instance for: :Context_11
[2020.04.20-16.54.14:434][911]PIE: Play in editor start time for /Game/GameContent/Maps/UEDPIE_0_Level1 2.056
[2020.04.20-16.54.14:434][911]LogBlueprintUserMessages: Late PlayInEditor Detection: Level '/Game/GameContent/Maps/Level1.Level1:PersistentLevel' has LevelScriptBlueprint '/Game/GameContent/Maps/Level1.Level1:PersistentLevel.Level1' with GeneratedClass '/Game/GameContent/Maps/Level1.Level1_C' with ClassGeneratedBy '/Game/GameContent/Maps/Level1.Level1:PersistentLevel.Level1'
[2020.04.20-16.54.16:191][936]LogBlueprintUserMessages: Early EndPlayMap Detection: Level '/Game/GameContent/Maps/Level1.Level1:PersistentLevel' has LevelScriptBlueprint '/Game/GameContent/Maps/Level1.Level1:PersistentLevel.Level1' with GeneratedClass '/Game/GameContent/Maps/Level1.Level1_C' with ClassGeneratedBy '/Game/GameContent/Maps/Level1.Level1:PersistentLevel.Level1'
[2020.04.20-16.54.16:192][936]LogSlate: Updating window title bar state: overlay mode, drag disabled, window buttons hidden, title bar hidden
[2020.04.20-16.54.16:192][936]LogWorld: BeginTearingDown for /Game/GameContent/Maps/UEDPIE_0_Level1
[2020.04.20-16.54.16:193][936]LogWorld: UWorld::CleanupWorld for Level1, bSessionEnded=true, bCleanupResources=true
[2020.04.20-16.54.16:260][936]LogPlayLevel: Display: Shutting down PIE online subsystems
[2020.04.20-16.54.16:261][936]LogBlueprintUserMessages: Late EndPlayMap Detection: Level '/Game/GameContent/Maps/Level1.Level1:PersistentLevel' has LevelScriptBlueprint '/Game/GameContent/Maps/Level1.Level1:PersistentLevel.Level1' with GeneratedClass '/Game/GameContent/Maps/Level1.Level1_C' with ClassGeneratedBy '/Game/GameContent/Maps/Level1.Level1:PersistentLevel.Level1'
[2020.04.20-16.54.16:802][936]LogSlate: Updating window title bar state: overlay mode, drag disabled, window buttons hidden, title bar hidden
[2020.04.20-16.54.17:935][936]LogUObjectHash: Compacting FUObjectHashTables data took   9.35ms
[2020.04.20-16.54.17:997][937]LogPlayLevel: Display: Destroying online subsystem :Context_11
[2020.04.20-16.54.38:121][261]LogSlate: FSceneViewport::OnFocusLost() reason 0
[2020.04.20-16.54.38:268][261]LogUObjectHash: Compacting FUObjectHashTables data took   2.73ms
[2020.04.20-16.54.39:180][261]LogSlate: Window 'Mazerator - Unreal Editor' being destroyed
[2020.04.20-16.54.39:220][261]LogWindowsTextInputMethodSystem: Display: IME system now deactivated.
[2020.04.20-16.54.55:141][262]Cmd: QUIT_EDITOR
[2020.04.20-16.55.46:531][262]LogExit: Preparing to exit.
[2020.04.20-16.56.27:320][262]LogWorld: UWorld::CleanupWorld for World_2, bSessionEnded=true, bCleanupResources=true
[2020.04.20-16.56.27:957][262]LogWorld: UWorld::CleanupWorld for World_3, bSessionEnded=true, bCleanupResources=true
[2020.04.20-16.56.28:011][262]LogWorld: UWorld::CleanupWorld for World_0, bSessionEnded=true, bCleanupResources=true
[2020.04.20-16.56.28:020][262]LogWorld: UWorld::CleanupWorld for World_1, bSessionEnded=true, bCleanupResources=true
[2020.04.20-16.58.59:072][262]LogDemo: Cleaned up 0 splitscreen connections with owner deletion
[2020.04.20-17.01.28:154][262]LogShaderCompilers: Display: Worker (1/1): shaders left to compile 308
[2020.04.20-17.03.42:662][262]LogWorld: UWorld::CleanupWorld for None, bSessionEnded=true, bCleanupResources=true
[2020.04.20-17.03.44:931][262]LogExit: Editor shut down
[2020.04.20-17.05.04:255][262]LogExit: Transaction tracking system shut down
